#
# There is insufficient memory for the Java Runtime Environment to continue.
# Native memory allocation (malloc) failed to allocate 864336 bytes for Chunk::new
# Possible reasons:
#   The system is out of physical RAM or swap space
#   In 32 bit mode, the process size limit was hit
# Possible solutions:
#   Reduce memory load on the system
#   Increase physical memory or swap space
#   Check if swap backing store is full
#   Use 64 bit Java on a 64 bit OS
#   Decrease Java heap size (-Xmx/-Xms)
#   Decrease number of Java threads
#   Decrease Java thread stack sizes (-Xss)
#   Set larger code cache with -XX:ReservedCodeCacheSize=
# This output file may be truncated or incomplete.
#
#  Out of Memory Error (allocation.cpp:390), pid=6836, tid=0x00000000000027a4
#
# JRE version: Java(TM) SE Runtime Environment (8.0_131-b11) (build 1.8.0_131-b11)
# Java VM: Java HotSpot(TM) 64-Bit Server VM (25.131-b11 mixed mode windows-amd64 compressed oops)
# Failed to write core dump. Minidumps are not enabled by default on client versions of Windows
#

---------------  T H R E A D  ---------------

Current thread (0x0000000017a6a800):  JavaThread "C2 CompilerThread0" daemon [_thread_in_native, id=10148, stack(0x0000000018060000,0x0000000018160000)]

Stack: [0x0000000018060000,0x0000000018160000]
[error occurred during error reporting (printing stack bounds), id 0xc0000005]

Native frames: (J=compiled Java code, j=interpreted, Vv=VM code, C=native code)


Current CompileTask:
C2:  40645 11948   !   4       com.android.jack.backend.dex.rop.CodeItemBuilder::run (1622 bytes)


---------------  P R O C E S S  ---------------

Java Threads: ( => current thread )
  0x000000001b57e000 JavaThread "config-0-worker-3" daemon [_thread_in_Java, id=12428, stack(0x0000000028020000,0x0000000028220000)]
  0x000000001b579800 JavaThread "config-0-worker-2" daemon [_thread_in_Java, id=12084, stack(0x0000000027e20000,0x0000000028020000)]
  0x000000001b579000 JavaThread "config-0-worker-1" daemon [_thread_in_Java, id=9756, stack(0x0000000027c20000,0x0000000027e20000)]
  0x000000001b57c000 JavaThread "config-0-worker-0" daemon [_thread_in_Java, id=11992, stack(0x0000000027a20000,0x0000000027c20000)]
  0x000000001b57b000 JavaThread "Jack reporter" [_thread_blocked, id=11640, stack(0x0000000021080000,0x0000000021180000)]
  0x000000001b57f000 JavaThread "File lock request listener" [_thread_in_native, id=6696, stack(0x000000001dfe0000,0x000000001e0e0000)]
  0x0000000017c4d000 JavaThread "Stdin handler" [_thread_blocked, id=6232, stack(0x000000001a970000,0x000000001aa70000)]
  0x0000000017c47800 JavaThread "Asynchronous log dispatcher for org.gradle.launcher.daemon.server.DefaultDaemonConnection@6d86bd3c" [_thread_blocked, id=6364, stack(0x000000001a870000,0x000000001a970000)]
  0x00000000189f4000 JavaThread "Daemon worker" [_thread_blocked, id=12468, stack(0x000000001a770000,0x000000001a870000)]
  0x00000000189e0800 JavaThread "Cancel handler" [_thread_blocked, id=8400, stack(0x000000001a670000,0x000000001a770000)]
  0x00000000188cc800 JavaThread "Handler for socket connection from /127.0.0.1:52940 to /127.0.0.1:52941" [_thread_in_native, id=1492, stack(0x000000001a370000,0x000000001a470000)]
  0x00000000187e6800 JavaThread "Daemon" [_thread_blocked, id=5660, stack(0x000000001a270000,0x000000001a370000)]
  0x00000000190ce800 JavaThread "Incoming local TCP Connector on port 52940" [_thread_in_native, id=9984, stack(0x000000001a0c0000,0x000000001a1c0000)]
  0x0000000018f92000 JavaThread "pool-1-thread-1" [_thread_blocked, id=7988, stack(0x0000000018d60000,0x0000000018e60000)]
  0x0000000017af6800 JavaThread "Service Thread" daemon [_thread_blocked, id=11100, stack(0x0000000018360000,0x0000000018460000)]
  0x0000000017a7a800 JavaThread "C1 CompilerThread2" daemon [_thread_blocked, id=13928, stack(0x0000000018260000,0x0000000018360000)]
  0x0000000017a76000 JavaThread "C2 CompilerThread1" daemon [_thread_in_native, id=3652, stack(0x0000000018160000,0x0000000018260000)]
=>0x0000000017a6a800 JavaThread "C2 CompilerThread0" daemon [_thread_in_native, id=10148, stack(0x0000000018060000,0x0000000018160000)]
  0x0000000017a68800 JavaThread "Attach Listener" daemon [_thread_blocked, id=12684, stack(0x0000000017f60000,0x0000000018060000)]
  0x0000000016710000 JavaThread "Signal Dispatcher" daemon [_thread_blocked, id=8488, stack(0x0000000017e60000,0x0000000017f60000)]
  0x00000000166ea800 JavaThread "Finalizer" daemon [_thread_blocked, id=14880, stack(0x0000000017960000,0x0000000017a60000)]
  0x00000000028f2000 JavaThread "Reference Handler" daemon [_thread_blocked, id=4284, stack(0x0000000017860000,0x0000000017960000)]
  0x0000000002e8e800 JavaThread "main" [_thread_blocked, id=7824, stack(0x0000000000f50000,0x0000000001050000)]

Other Threads:
  0x00000000166c7000 VMThread [stack: 0x0000000017760000,0x0000000017860000] [id=2740]
  0x0000000017aad000 WatcherThread [stack: 0x0000000018460000,0x0000000018560000] [id=12436]

VM state:at safepoint (normal execution)

VM Mutex/Monitor currently owned by a thread:  ([mutex/lock_event])
[0x0000000002e8d480] Threads_lock - owner thread: 0x00000000166c7000
[0x0000000002e8d600] Heap_lock - owner thread: 0x000000001b57e000

Heap:
 PSYoungGen      total 308736K, used 308704K [0x00000000e0000000, 0x00000000fb100000, 0x0000000100000000)
  eden space 199168K, 100% used [0x00000000e0000000,0x00000000ec280000,0x00000000ec280000)
  from space 109568K, 99% used [0x00000000ec280000,0x00000000f2d78018,0x00000000f2d80000)
  to   space 89600K, 0% used [0x00000000f2d80000,0x00000000f2d80000,0x00000000f8500000)
 ParOldGen       total 365056K, used 261748K [0x00000000a0000000, 0x00000000b6480000, 0x00000000e0000000)
  object space 365056K, 71% used [0x00000000a0000000,0x00000000aff9d338,0x00000000b6480000)
 Metaspace       used 62115K, capacity 63694K, committed 63960K, reserved 1103872K
  class space    used 8509K, capacity 8862K, committed 8920K, reserved 1048576K

Card table byte_map: [0x0000000012250000,0x0000000012560000] byte_map_base: 0x0000000011d50000

Marking Bits: (ParMarkBitMap*) 0x0000000059e0c720
 Begin Bits: [0x0000000012a60000, 0x0000000014260000)
 End Bits:   [0x0000000014260000, 0x0000000015a60000)

Polling page: 0x0000000000b20000

CodeCache: size=245760Kb used=33332Kb max_used=33347Kb free=212427Kb
 bounds [0x0000000002e90000, 0x0000000004f50000, 0x0000000011e90000]
 total_blobs=10295 nmethods=9550 adapters=654
 compilation: enabled

Compilation events (10 events):
Event: 40.560 Thread 0x0000000017a7a800 12003       2       com.android.jack.ir.ast.JByteLiteral::getType (7 bytes)
Event: 40.561 Thread 0x0000000017a7a800 nmethod 12003 0x0000000004f26550 code [0x0000000004f266a0, 0x0000000004f267f0]
Event: 40.561 Thread 0x0000000017a7a800 12004       2       com.android.jack.ir.ast.JVisitor::visit (6 bytes)
Event: 40.561 Thread 0x0000000017a7a800 nmethod 12004 0x0000000004f37890 code [0x0000000004f37a00, 0x0000000004f37b88]
Event: 40.604 Thread 0x0000000017a7a800 12008       2       com.android.jack.backend.dex.rop.RopBuilderVisitor::visit (40 bytes)
Event: 40.605 Thread 0x0000000017a7a800 nmethod 12008 0x0000000004f467d0 code [0x0000000004f469a0, 0x0000000004f46e48]
Event: 40.609 Thread 0x0000000017a7a800 12009       2       com.android.jack.dx.rop.type.Type::<init> (8 bytes)
Event: 40.609 Thread 0x0000000017a76000 nmethod 11994 0x0000000004f4b690 code [0x0000000004f4b8c0, 0x0000000004f4cce8]
Event: 40.609 Thread 0x0000000017a76000 11960       4       com.android.jack.dx.dex.code.RopTranslator$TranslationVisitor::visitPlainInsn (161 bytes)
Event: 40.609 Thread 0x0000000017a7a800 nmethod 12009 0x0000000004f37510 code [0x0000000004f37680, 0x0000000004f377e8]

GC Heap History (10 events):
Event: 37.132 GC heap before
{Heap before GC invocations=33 (full 5):
 PSYoungGen      total 308736K, used 308736K [0x00000000e0000000, 0x00000000fb100000, 0x0000000100000000)
  eden space 199168K, 100% used [0x00000000e0000000,0x00000000ec280000,0x00000000ec280000)
  from space 109568K, 100% used [0x00000000ec280000,0x00000000f2d80000,0x00000000f2d80000)
  to   space 89600K, 0% used [0x00000000f2d80000,0x00000000f2d80000,0x00000000f8500000)
 ParOldGen       total 365056K, used 190832K [0x00000000a0000000, 0x00000000b6480000, 0x00000000e0000000)
  object space 365056K, 52% used [0x00000000a0000000,0x00000000aba5c3d0,0x00000000b6480000)
 Metaspace       used 61161K, capacity 62670K, committed 62936K, reserved 1103872K
  class space    used 8443K, capacity 8798K, committed 8920K, reserved 1048576K
Event: 37.316 GC heap after
Heap after GC invocations=33 (full 5):
 PSYoungGen      total 288768K, used 89600K [0x00000000e0000000, 0x00000000fb100000, 0x0000000100000000)
  eden space 199168K, 0% used [0x00000000e0000000,0x00000000e0000000,0x00000000ec280000)
  from space 89600K, 100% used [0x00000000f2d80000,0x00000000f8500000,0x00000000f8500000)
  to   space 109568K, 0% used [0x00000000ec280000,0x00000000ec280000,0x00000000f2d80000)
 ParOldGen       total 365056K, used 263480K [0x00000000a0000000, 0x00000000b6480000, 0x00000000e0000000)
  object space 365056K, 72% used [0x00000000a0000000,0x00000000b014e3f0,0x00000000b6480000)
 Metaspace       used 61161K, capacity 62670K, committed 62936K, reserved 1103872K
  class space    used 8443K, capacity 8798K, committed 8920K, reserved 1048576K
}
Event: 37.774 GC heap before
{Heap before GC invocations=34 (full 5):
 PSYoungGen      total 288768K, used 288768K [0x00000000e0000000, 0x00000000fb100000, 0x0000000100000000)
  eden space 199168K, 100% used [0x00000000e0000000,0x00000000ec280000,0x00000000ec280000)
  from space 89600K, 100% used [0x00000000f2d80000,0x00000000f8500000,0x00000000f8500000)
  to   space 109568K, 0% used [0x00000000ec280000,0x00000000ec280000,0x00000000f2d80000)
 ParOldGen       total 365056K, used 263480K [0x00000000a0000000, 0x00000000b6480000, 0x00000000e0000000)
  object space 365056K, 72% used [0x00000000a0000000,0x00000000b014e3f0,0x00000000b6480000)
 Metaspace       used 61183K, capacity 62734K, committed 62936K, reserved 1103872K
  class space    used 8445K, capacity 8798K, committed 8920K, reserved 1048576K
Event: 37.924 GC heap after
Heap after GC invocations=34 (full 5):
 PSYoungGen      total 308736K, used 102176K [0x00000000e0000000, 0x00000000fb100000, 0x0000000100000000)
  eden space 199168K, 0% used [0x00000000e0000000,0x00000000e0000000,0x00000000ec280000)
  from space 109568K, 93% used [0x00000000ec280000,0x00000000f2648000,0x00000000f2d80000)
  to   space 89600K, 0% used [0x00000000f2d80000,0x00000000f2d80000,0x00000000f8500000)
 ParOldGen       total 365056K, used 304896K [0x00000000a0000000, 0x00000000b6480000, 0x00000000e0000000)
  object space 365056K, 83% used [0x00000000a0000000,0x00000000b29c03f0,0x00000000b6480000)
 Metaspace       used 61183K, capacity 62734K, committed 62936K, reserved 1103872K
  class space    used 8445K, capacity 8798K, committed 8920K, reserved 1048576K
}
Event: 37.924 GC heap before
{Heap before GC invocations=35 (full 6):
 PSYoungGen      total 308736K, used 102176K [0x00000000e0000000, 0x00000000fb100000, 0x0000000100000000)
  eden space 199168K, 0% used [0x00000000e0000000,0x00000000e0000000,0x00000000ec280000)
  from space 109568K, 93% used [0x00000000ec280000,0x00000000f2648000,0x00000000f2d80000)
  to   space 89600K, 0% used [0x00000000f2d80000,0x00000000f2d80000,0x00000000f8500000)
 ParOldGen       total 365056K, used 304896K [0x00000000a0000000, 0x00000000b6480000, 0x00000000e0000000)
  object space 365056K, 83% used [0x00000000a0000000,0x00000000b29c03f0,0x00000000b6480000)
 Metaspace       used 61183K, capacity 62734K, committed 62936K, reserved 1103872K
  class space    used 8445K, capacity 8798K, committed 8920K, reserved 1048576K
Event: 38.858 GC heap after
Heap after GC invocations=35 (full 6):
 PSYoungGen      total 308736K, used 0K [0x00000000e0000000, 0x00000000fb100000, 0x0000000100000000)
  eden space 199168K, 0% used [0x00000000e0000000,0x00000000e0000000,0x00000000ec280000)
  from space 109568K, 0% used [0x00000000ec280000,0x00000000ec280000,0x00000000f2d80000)
  to   space 89600K, 0% used [0x00000000f2d80000,0x00000000f2d80000,0x00000000f8500000)
 ParOldGen       total 365056K, used 239476K [0x00000000a0000000, 0x00000000b6480000, 0x00000000e0000000)
  object space 365056K, 65% used [0x00000000a0000000,0x00000000ae9dd048,0x00000000b6480000)
 Metaspace       used 61183K, capacity 62734K, committed 62936K, reserved 1103872K
  class space    used 8445K, capacity 8798K, committed 8920K, reserved 1048576K
}
Event: 39.528 GC heap before
{Heap before GC invocations=36 (full 6):
 PSYoungGen      total 308736K, used 199168K [0x00000000e0000000, 0x00000000fb100000, 0x0000000100000000)
  eden space 199168K, 100% used [0x00000000e0000000,0x00000000ec280000,0x00000000ec280000)
  from space 109568K, 0% used [0x00000000ec280000,0x00000000ec280000,0x00000000f2d80000)
  to   space 89600K, 0% used [0x00000000f2d80000,0x00000000f2d80000,0x00000000f8500000)
 ParOldGen       total 365056K, used 239476K [0x00000000a0000000, 0x00000000b6480000, 0x00000000e0000000)
  object space 365056K, 65% used [0x00000000a0000000,0x00000000ae9dd048,0x00000000b6480000)
 Metaspace       used 62053K, capacity 63630K, committed 63960K, reserved 1103872K
  class space    used 8508K, capacity 8862K, committed 8920K, reserved 1048576K
Event: 39.591 GC heap after
Heap after GC invocations=36 (full 6):
 PSYoungGen      total 288768K, used 58662K [0x00000000e0000000, 0x00000000fb100000, 0x0000000100000000)
  eden space 199168K, 0% used [0x00000000e0000000,0x00000000e0000000,0x00000000ec280000)
  from space 89600K, 65% used [0x00000000f2d80000,0x00000000f66c99c0,0x00000000f8500000)
  to   space 109568K, 0% used [0x00000000ec280000,0x00000000ec280000,0x00000000f2d80000)
 ParOldGen       total 365056K, used 239484K [0x00000000a0000000, 0x00000000b6480000, 0x00000000e0000000)
  object space 365056K, 65% used [0x00000000a0000000,0x00000000ae9df048,0x00000000b6480000)
 Metaspace       used 62053K, capacity 63630K, committed 63960K, reserved 1103872K
  class space    used 8508K, capacity 8862K, committed 8920K, reserved 1048576K
}
Event: 40.109 GC heap before
{Heap before GC invocations=37 (full 6):
 PSYoungGen      total 288768K, used 257830K [0x00000000e0000000, 0x00000000fb100000, 0x0000000100000000)
  eden space 199168K, 100% used [0x00000000e0000000,0x00000000ec280000,0x00000000ec280000)
  from space 89600K, 65% used [0x00000000f2d80000,0x00000000f66c99c0,0x00000000f8500000)
  to   space 109568K, 0% used [0x00000000ec280000,0x00000000ec280000,0x00000000f2d80000)
 ParOldGen       total 365056K, used 239484K [0x00000000a0000000, 0x00000000b6480000, 0x00000000e0000000)
  object space 365056K, 65% used [0x00000000a0000000,0x00000000ae9df048,0x00000000b6480000)
 Metaspace       used 62110K, capacity 63694K, committed 63960K, reserved 1103872K
  class space    used 8509K, capacity 8862K, committed 8920K, reserved 1048576K
Event: 40.247 GC heap after
Heap after GC invocations=37 (full 6):
 PSYoungGen      total 308736K, used 109536K [0x00000000e0000000, 0x00000000fb100000, 0x0000000100000000)
  eden space 199168K, 0% used [0x00000000e0000000,0x00000000e0000000,0x00000000ec280000)
  from space 109568K, 99% used [0x00000000ec280000,0x00000000f2d78018,0x00000000f2d80000)
  to   space 89600K, 0% used [0x00000000f2d80000,0x00000000f2d80000,0x00000000f8500000)
 ParOldGen       total 365056K, used 261740K [0x00000000a0000000, 0x00000000b6480000, 0x00000000e0000000)
  object space 365056K, 71% used [0x00000000a0000000,0x00000000aff9b338,0x00000000b6480000)
 Metaspace       used 62110K, capacity 63694K, committed 63960K, reserved 1103872K
  class space    used 8509K, capacity 8862K, committed 8920K, reserved 1048576K
}

Deoptimization events (10 events):
Event: 39.285 Thread 0x000000001b57c000 Uncommon trap: reason=class_check action=maybe_recompile pc=0x0000000003312448 method=java.util.Hashtable.addEntry(ILjava/lang/Object;Ljava/lang/Object;I)V @ 38
Event: 39.286 Thread 0x000000001b579800 Uncommon trap: reason=class_check action=maybe_recompile pc=0x0000000003312448 method=java.util.Hashtable.addEntry(ILjava/lang/Object;Ljava/lang/Object;I)V @ 38
Event: 39.288 Thread 0x000000001b579800 Uncommon trap: reason=class_check action=maybe_recompile pc=0x0000000003312448 method=java.util.Hashtable.addEntry(ILjava/lang/Object;Ljava/lang/Object;I)V @ 38
Event: 39.687 Thread 0x000000001b57c000 Uncommon trap: reason=unstable_if action=reinterpret pc=0x0000000004afa46c method=com.android.jack.dx.rop.code.RegisterSpecSet.<init>(I)V @ 2
Event: 39.728 Thread 0x000000001b579000 Uncommon trap: reason=bimorphic action=maybe_recompile pc=0x0000000004a31f78 method=com.android.jack.ir.ast.JArithmeticBinaryOperation.getType()Lcom/android/jack/ir/ast/JType; @ 11
Event: 39.728 Thread 0x000000001b579000 Uncommon trap: reason=bimorphic action=maybe_recompile pc=0x0000000004a31f78 method=com.android.jack.ir.ast.JArithmeticBinaryOperation.getType()Lcom/android/jack/ir/ast/JType; @ 11
Event: 39.728 Thread 0x000000001b579000 Uncommon trap: reason=bimorphic action=maybe_recompile pc=0x0000000004a31f78 method=com.android.jack.ir.ast.JArithmeticBinaryOperation.getType()Lcom/android/jack/ir/ast/JType; @ 11
Event: 39.728 Thread 0x000000001b579000 Uncommon trap: reason=bimorphic action=maybe_recompile pc=0x0000000004a31f78 method=com.android.jack.ir.ast.JArithmeticBinaryOperation.getType()Lcom/android/jack/ir/ast/JType; @ 11
Event: 40.041 Thread 0x000000001b57e000 Uncommon trap: reason=null_check action=make_not_entrant pc=0x0000000004eacf88 method=com.android.jack.dx.util.LabeledList.set(ILcom/android/jack/dx/util/LabeledItem;)V @ 5
Event: 40.072 Thread 0x000000001b579000 Uncommon trap: reason=unstable_if action=reinterpret pc=0x0000000004eccc58 method=com.android.jack.dx.dex.code.RopTranslator.pickOrder()V @ 279

Internal exceptions (10 events):
Event: 15.320 Thread 0x00000000189f4000 Exception <a 'java/lang/ClassNotFoundException': org/gradle/platform/base/BinaryContainer_ImplCustomizer> (0x00000000e5d6bdc8) thrown at [C:\re\workspace\8-2-build-windows-amd64-cygwin\jdk8u131\8869\hotspot\src\share\vm\classfile\systemDictionary.cpp, lin
Event: 15.580 Thread 0x00000000189f4000 Exception <a 'java/lang/NoSuchMethodError': <clinit>> (0x00000000e02d5a58) thrown at [C:\re\workspace\8-2-build-windows-amd64-cygwin\jdk8u131\8869\hotspot\src\share\vm\prims\jni.cpp, line 1613]
Event: 15.582 Thread 0x00000000189f4000 Exception <a 'java/lang/NoSuchMethodError': <clinit>> (0x00000000e02e2a40) thrown at [C:\re\workspace\8-2-build-windows-amd64-cygwin\jdk8u131\8869\hotspot\src\share\vm\prims\jni.cpp, line 1613]
Event: 15.609 Thread 0x00000000189f4000 Exception <a 'java/lang/NoSuchMethodError': <clinit>> (0x00000000e04b6180) thrown at [C:\re\workspace\8-2-build-windows-amd64-cygwin\jdk8u131\8869\hotspot\src\share\vm\prims\jni.cpp, line 1613]
Event: 15.611 Thread 0x00000000189f4000 Exception <a 'java/lang/NoSuchMethodError': <clinit>> (0x00000000e04ce990) thrown at [C:\re\workspace\8-2-build-windows-amd64-cygwin\jdk8u131\8869\hotspot\src\share\vm\prims\jni.cpp, line 1613]
Event: 15.611 Thread 0x00000000189f4000 Exception <a 'java/lang/NoSuchMethodError': <clinit>> (0x00000000e04cfea8) thrown at [C:\re\workspace\8-2-build-windows-amd64-cygwin\jdk8u131\8869\hotspot\src\share\vm\prims\jni.cpp, line 1613]
Event: 17.951 Thread 0x00000000189f4000 Implicit null exception at 0x0000000003c49b2c to 0x0000000003c4c06d
Event: 19.155 Thread 0x00000000189f4000 Implicit null exception at 0x0000000003890797 to 0x000000000389095d
Event: 25.019 Thread 0x00000000189f4000 Implicit null exception at 0x0000000003e5bddd to 0x0000000003e5bf05
Event: 40.041 Thread 0x000000001b57e000 Implicit null exception at 0x0000000004eacccd to 0x0000000004eacf6d

Events (10 events):
Event: 40.064 Thread 0x000000001b579800 DEOPT UNPACKING pc=0x0000000002ed787f sp=0x000000002801e078 mode 0
Event: 40.072 Thread 0x000000001b579000 Uncommon trap: trap_request=0xffffff65 fr.pc=0x0000000004eccc58
Event: 40.072 Thread 0x000000001b579000 DEOPT PACKING pc=0x0000000004eccc58 sp=0x0000000027e1e700
Event: 40.072 Thread 0x000000001b579000 DEOPT UNPACKING pc=0x0000000002ed582a sp=0x0000000027e1e668 mode 2
Event: 40.108 Executing VM operation: ParallelGCFailedAllocation
Event: 40.247 Executing VM operation: ParallelGCFailedAllocation done
Event: 40.284 Thread 0x000000001b57c000 DEOPT PACKING pc=0x0000000004b6e873 sp=0x0000000027c1e890
Event: 40.284 Thread 0x000000001b57c000 DEOPT UNPACKING pc=0x0000000002ed787f sp=0x0000000027c1e5c8 mode 0
Event: 40.415 Thread 0x000000001b57e000 DEOPT PACKING pc=0x000000000340782e sp=0x000000002821e8a0
Event: 40.415 Thread 0x000000001b57e000 DEOPT UNPACKING pc=0x0000000002ed787f sp=0x000000002821e740 mode 0


Dynamic libraries:
0x00007ff6a3d50000 - 0x00007ff6a3d87000 	D:\Program Files\Java\jdk1.8.0_131\bin\java.exe
0x00007ffc5c160000 - 0x00007ffc5c350000 	C:\WINDOWS\SYSTEM32\ntdll.dll
0x00007ffc5aed0000 - 0x00007ffc5af82000 	C:\WINDOWS\System32\KERNEL32.DLL
0x00007ffc59f30000 - 0x00007ffc5a1d3000 	C:\WINDOWS\System32\KERNELBASE.dll
0x00007ffc5a8c0000 - 0x00007ffc5a963000 	C:\WINDOWS\System32\ADVAPI32.dll
0x00007ffc5a970000 - 0x00007ffc5aa0e000 	C:\WINDOWS\System32\msvcrt.dll
0x00007ffc5a820000 - 0x00007ffc5a8b7000 	C:\WINDOWS\System32\sechost.dll
0x00007ffc5aa10000 - 0x00007ffc5ab30000 	C:\WINDOWS\System32\RPCRT4.dll
0x00007ffc5bc20000 - 0x00007ffc5bdb4000 	C:\WINDOWS\System32\USER32.dll
0x00007ffc59f00000 - 0x00007ffc59f21000 	C:\WINDOWS\System32\win32u.dll
0x00007ffc5a1e0000 - 0x00007ffc5a206000 	C:\WINDOWS\System32\GDI32.dll
0x00007ffc595e0000 - 0x00007ffc59774000 	C:\WINDOWS\System32\gdi32full.dll
0x00007ffc59120000 - 0x00007ffc591be000 	C:\WINDOWS\System32\msvcp_win.dll
0x00007ffc593b0000 - 0x00007ffc594aa000 	C:\WINDOWS\System32\ucrtbase.dll
0x00007ffc4b280000 - 0x00007ffc4b505000 	C:\WINDOWS\WinSxS\amd64_microsoft.windows.common-controls_6595b64144ccf1df_6.0.18362.778_none_e6c6b761130d4fb8\COMCTL32.dll
0x00007ffc5b7f0000 - 0x00007ffc5bb26000 	C:\WINDOWS\System32\combase.dll
0x00007ffc59330000 - 0x00007ffc593b0000 	C:\WINDOWS\System32\bcryptPrimitives.dll
0x00007ffc5ab30000 - 0x00007ffc5ab5e000 	C:\WINDOWS\System32\IMM32.DLL
0x000000005aa40000 - 0x000000005ab12000 	D:\Program Files\Java\jdk1.8.0_131\jre\bin\msvcr100.dll
0x00000000595f0000 - 0x0000000059e8c000 	D:\Program Files\Java\jdk1.8.0_131\jre\bin\server\jvm.dll
0x00007ffc5b7e0000 - 0x00007ffc5b7e8000 	C:\WINDOWS\System32\PSAPI.DLL
0x00007ffc569d0000 - 0x00007ffc569f4000 	C:\WINDOWS\SYSTEM32\WINMM.dll
0x00007ffc4f030000 - 0x00007ffc4f039000 	C:\WINDOWS\SYSTEM32\WSOCK32.dll
0x00007ffc5bb30000 - 0x00007ffc5bb9f000 	C:\WINDOWS\System32\WS2_32.dll
0x00007ffc569a0000 - 0x00007ffc569cd000 	C:\WINDOWS\SYSTEM32\WINMMBASE.dll
0x00007ffc59560000 - 0x00007ffc595aa000 	C:\WINDOWS\System32\cfgmgr32.dll
0x00007ffc50e40000 - 0x00007ffc50e4a000 	C:\WINDOWS\SYSTEM32\VERSION.dll
0x000000005afb0000 - 0x000000005afbf000 	D:\Program Files\Java\jdk1.8.0_131\jre\bin\verify.dll
0x000000005af80000 - 0x000000005afa9000 	D:\Program Files\Java\jdk1.8.0_131\jre\bin\java.dll
0x000000005af60000 - 0x000000005af76000 	D:\Program Files\Java\jdk1.8.0_131\jre\bin\zip.dll
0x00007ffc5afc0000 - 0x00007ffc5b6a5000 	C:\WINDOWS\System32\SHELL32.dll
0x00007ffc5abf0000 - 0x00007ffc5ac99000 	C:\WINDOWS\System32\shcore.dll
0x00007ffc59780000 - 0x00007ffc59f00000 	C:\WINDOWS\System32\windows.storage.dll
0x00007ffc59000000 - 0x00007ffc59023000 	C:\WINDOWS\System32\profapi.dll
0x00007ffc59030000 - 0x00007ffc5907a000 	C:\WINDOWS\System32\powrprof.dll
0x00007ffc58ff0000 - 0x00007ffc59000000 	C:\WINDOWS\System32\UMPDC.dll
0x00007ffc5a7c0000 - 0x00007ffc5a812000 	C:\WINDOWS\System32\shlwapi.dll
0x00007ffc590a0000 - 0x00007ffc590b1000 	C:\WINDOWS\System32\kernel.appcore.dll
0x00007ffc591c0000 - 0x00007ffc591d7000 	C:\WINDOWS\System32\cryptsp.dll
0x000000005af40000 - 0x000000005af5a000 	D:\Program Files\Java\jdk1.8.0_131\jre\bin\net.dll
0x00007ffc587d0000 - 0x00007ffc58837000 	C:\WINDOWS\system32\mswsock.dll
0x000000005af20000 - 0x000000005af31000 	D:\Program Files\Java\jdk1.8.0_131\jre\bin\nio.dll
0x00007ffc51ff0000 - 0x00007ffc52002000 	C:\Users\86176\.gradle\native\19\windows-amd64\native-platform.dll
0x00007ffc58340000 - 0x00007ffc58373000 	C:\WINDOWS\system32\rsaenh.dll
0x00007ffc595b0000 - 0x00007ffc595d6000 	C:\WINDOWS\System32\bcrypt.dll
0x00007ffc58f10000 - 0x00007ffc58f35000 	C:\WINDOWS\SYSTEM32\USERENV.dll
0x00007ffc589a0000 - 0x00007ffc589ac000 	C:\WINDOWS\SYSTEM32\CRYPTBASE.dll
0x00007ffc584e0000 - 0x00007ffc5851a000 	C:\WINDOWS\SYSTEM32\IPHLPAPI.DLL
0x00007ffc5bba0000 - 0x00007ffc5bba8000 	C:\WINDOWS\System32\NSI.dll
0x00007ffc53110000 - 0x00007ffc53126000 	C:\WINDOWS\SYSTEM32\dhcpcsvc6.DLL
0x00007ffc530f0000 - 0x00007ffc5310c000 	C:\WINDOWS\SYSTEM32\dhcpcsvc.DLL
0x00007ffc58520000 - 0x00007ffc585ea000 	C:\WINDOWS\SYSTEM32\DNSAPI.dll
0x000000005af10000 - 0x000000005af1d000 	D:\Program Files\Java\jdk1.8.0_131\jre\bin\management.dll
0x000000005aa10000 - 0x000000005aa34000 	D:\Program Files\Java\jdk1.8.0_131\jre\bin\sunec.dll
0x000000005af00000 - 0x000000005af0b000 	D:\Program Files\Java\jdk1.8.0_131\jre\bin\sunmscapi.dll
0x00007ffc591e0000 - 0x00007ffc59329000 	C:\WINDOWS\System32\CRYPT32.dll
0x00007ffc59080000 - 0x00007ffc59092000 	C:\WINDOWS\System32\MSASN1.dll

VM Arguments:
jvm_args: -Xmx1536m -Dfile.encoding=GBK -Duser.country=CN -Duser.language=zh -Duser.variant 
java_command: org.gradle.launcher.daemon.bootstrap.GradleDaemon 2.14.1
java_class_path (initial): C:\Users\86176\.gradle\wrapper\dists\gradle-2.14.1-all\8bnwg5hd3w55iofp58khbp6yv\gradle-2.14.1\lib\gradle-launcher-2.14.1.jar
Launcher Type: SUN_STANDARD

Environment Variables:
JAVA_HOME=D:\Program Files\Java\jdk1.8.0_131
CLASSPATH=.;D:\Program Files\Java\jdk1.8.0_131\lib\dt.jar;D:\Program Files\Java\jdk1.8.0_131\lib\tools.jar;D:\Tomcat\apache-tomcat-8.5.50\bin\tomcat-juli.jar; 
PATH="D:\Program Files\Java\jdk1.8.0_131\bin;D:\Program Files\Java\jdk1.8.0_131\jre\bin;";C:\ProgramData\Oracle\Java\javapath;"D:\Program Files\Java\jdk1.8.0_131\bin;D:\Program Files\Java\jdk1.8.0_131\jre\bin;";D:\sdk\platform-tools;D:\Python\Scripts;D:\Matlab R2018b\runtime\win64;D:\Matlab R2018b\bin;C:\Program Files (x86)\Windows Kits\10\Windows Performance Toolkit\;"D:\Program Files\Java\jdk1.8.0_131\bin;D:\Program Files\Java\jdk1.8.0_131\jre\bin;";D:\JDK\bin£»"D:\Program Files\Java\jdk1.8.0_131\bin;D:\Program Files\Java\jdk1.8.0_131\jre\bin;";C:\ProgramData\Oracle\Java\javapath;"D:\Program Files\Java\jdk1.8.0_131\bin;D:\Program Files\Java\jdk1.8.0_131\jre\bin;";D:\sdk\platform-tools;D:\Python\Scripts;D:\Matlab R2018b\runtime\win64;D:\Matlab R2018b\bin;C:\Program Files (x86)\Windows Kits\10\Windows Performance Toolkit\;"D:\Program Files\Java\jdk1.8.0_131\bin;D:\Program Files\Java\jdk1.8.0_131\jre\bin;";D:\JDK\bin£»"D:\Program Files\Java\jdk1.8.0_131\bin;D:\Program Files\Java\jdk1.8.0_131\jre\bin;";C:\ProgramData\Oracle\Java\javapath;"D:\Program Files\Java\jdk1.8.0_131\bin;D:\Program Files\Java\jdk1.8.0_131\jre\bin;";D:\sdk\platform-tools;D:\Python\Scripts;D:\Matlab R2018b\runtime\win64;D:\Matlab R2018b\bin;C:\Program Files (x86)\Windows Kits\10\Windows Performance Toolkit\;"D:\Program Files\Java\jdk1.8.0_131\bin;D:\Program Files\Java\jdk1.8.0_131\jre\bin;";D:\JDK\bin£»C:\WINDOWS\System32;;D:\Git\cmd;C:\Program Files\Common Files\Autodesk Shared\;C:\WINDOWS\system32;C:\WINDOWS;C:\WINDOWS\system32\wbem;;D:\Git\cmd;C:\Program Files\Common Files\Autodesk Shared\;C:\WINDOWS\system32;C:\WINDOWS;C:\WINDOWS\system32\wbem;;D:\Git\cmd;C:\Program Files\Common Files\Autodesk Shared\;C:\WINDOWS\system32;C:\WINDOWS;C:\WINDOWS\system32\wbem;D:\Program Files\Java\jdk1.8.0_131\bin;D:\Program Files\Java\jdk1.8.0_131\jre\bin;D:\Program Files\Java\jdk1.8.0_131\bin;D:\Program Files\Java\jdk1.8.0_131\jre\bin;D:\Tomcat\apache-maven-3.6.3\bin;
USERNAME=ljy
OS=Windows_NT
PROCESSOR_IDENTIFIER=Intel64 Family 6 Model 142 Stepping 9, GenuineIntel



---------------  S Y S T E M  ---------------

OS: Windows 10.0 , 64 bit Build 18362 (10.0.18362.778)

CPU:total 4 (initial active 4) (2 cores per cpu, 2 threads per core) family 6 model 142 stepping 9, cmov, cx8, fxsr, mmx, sse, sse2, sse3, ssse3, sse4.1, sse4.2, popcnt, avx, avx2, aes, clmul, erms, 3dnowpref, lzcnt, ht, tsc, tscinvbit, bmi1, bmi2, adx

Memory: 4k page, physical 8271292k(1348972k free), swap 8271292k(5336k free)

vm_info: Java HotSpot(TM) 64-Bit Server VM (25.131-b11) for windows-amd64 JRE (1.8.0_131-b11), built on Mar 15 2017 01:23:53 by "java_re" with MS VC++ 10.0 (VS2010)

time: Fri Jun 05 23:36:12 2020
elapsed time: 40 seconds (0d 0h 0m 40s)

