#
# There is insufficient memory for the Java Runtime Environment to continue.
# Native memory allocation (malloc) failed to allocate 176256 bytes for Chunk::new
# Possible reasons:
#   The system is out of physical RAM or swap space
#   In 32 bit mode, the process size limit was hit
# Possible solutions:
#   Reduce memory load on the system
#   Increase physical memory or swap space
#   Check if swap backing store is full
#   Use 64 bit Java on a 64 bit OS
#   Decrease Java heap size (-Xmx/-Xms)
#   Decrease number of Java threads
#   Decrease Java thread stack sizes (-Xss)
#   Set larger code cache with -XX:ReservedCodeCacheSize=
# This output file may be truncated or incomplete.
#
#  Out of Memory Error (allocation.cpp:390), pid=13592, tid=0x0000000000002a08
#
# JRE version: Java(TM) SE Runtime Environment (8.0_131-b11) (build 1.8.0_131-b11)
# Java VM: Java HotSpot(TM) 64-Bit Server VM (25.131-b11 mixed mode windows-amd64 compressed oops)
# Failed to write core dump. Minidumps are not enabled by default on client versions of Windows
#

---------------  T H R E A D  ---------------

Current thread (0x00000000176e0800):  JavaThread "C2 CompilerThread1" daemon [_thread_in_native, id=10760, stack(0x0000000017dd0000,0x0000000017ed0000)]

Stack: [0x0000000017dd0000,0x0000000017ed0000]
[error occurred during error reporting (printing stack bounds), id 0xc0000005]

Native frames: (J=compiled Java code, j=interpreted, Vv=VM code, C=native code)


Current CompileTask:
C2:  31516 9782       4       com.android.jack.jayce.v0004.nodes.NField::importFromJast (88 bytes)


---------------  P R O C E S S  ---------------

Java Threads: ( => current thread )
  0x000000001b392000 JavaThread "config-0-worker-3" daemon [_thread_in_native, id=11440, stack(0x0000000031ca0000,0x0000000031ea0000)]
  0x000000001b391800 JavaThread "config-0-worker-2" daemon [_thread_in_native, id=9984, stack(0x0000000031aa0000,0x0000000031ca0000)]
  0x000000001b390800 JavaThread "config-0-worker-1" daemon [_thread_in_native, id=11640, stack(0x00000000318a0000,0x0000000031aa0000)]
  0x000000001b396800 JavaThread "config-0-worker-0" daemon [_thread_in_native, id=11992, stack(0x00000000316a0000,0x00000000318a0000)]
  0x000000001b396000 JavaThread "Jack reporter" [_thread_blocked, id=6364, stack(0x000000001de10000,0x000000001df10000)]
  0x000000001b395000 JavaThread "File lock request listener" [_thread_in_native, id=12980, stack(0x000000001df30000,0x000000001e030000)]
  0x0000000019013000 JavaThread "Stdin handler" [_thread_blocked, id=13660, stack(0x000000001a5a0000,0x000000001a6a0000)]
  0x0000000019012000 JavaThread "Asynchronous log dispatcher for org.gradle.launcher.daemon.server.DefaultDaemonConnection@4fc4a4c2" [_thread_blocked, id=5572, stack(0x000000001a4a0000,0x000000001a5a0000)]
  0x000000001900a000 JavaThread "Daemon worker" [_thread_blocked, id=2312, stack(0x000000001a3a0000,0x000000001a4a0000)]
  0x0000000018ff9000 JavaThread "Cancel handler" [_thread_blocked, id=15280, stack(0x000000001a2a0000,0x000000001a3a0000)]
  0x0000000019173800 JavaThread "Handler for socket connection from /127.0.0.1:53305 to /127.0.0.1:53306" [_thread_in_native, id=8396, stack(0x0000000019fa0000,0x000000001a0a0000)]
  0x0000000018d90000 JavaThread "Daemon" [_thread_blocked, id=2376, stack(0x0000000019ea0000,0x0000000019fa0000)]
  0x0000000018fc1800 JavaThread "Incoming local TCP Connector on port 53305" [_thread_in_native, id=11456, stack(0x0000000019cf0000,0x0000000019df0000)]
  0x0000000018ea6000 JavaThread "pool-1-thread-1" [_thread_blocked, id=3140, stack(0x0000000018a10000,0x0000000018b10000)]
  0x000000001775c800 JavaThread "Service Thread" daemon [_thread_blocked, id=3476, stack(0x0000000017fd0000,0x00000000180d0000)]
  0x00000000176e4800 JavaThread "C1 CompilerThread2" daemon [_thread_blocked, id=12096, stack(0x0000000017ed0000,0x0000000017fd0000)]
=>0x00000000176e0800 JavaThread "C2 CompilerThread1" daemon [_thread_in_native, id=10760, stack(0x0000000017dd0000,0x0000000017ed0000)]
  0x00000000176d9000 JavaThread "C2 CompilerThread0" daemon [_thread_blocked, id=5228, stack(0x0000000017cd0000,0x0000000017dd0000)]
  0x00000000176d8800 JavaThread "Attach Listener" daemon [_thread_blocked, id=14420, stack(0x0000000017bd0000,0x0000000017cd0000)]
  0x00000000162fa800 JavaThread "Signal Dispatcher" daemon [_thread_blocked, id=2836, stack(0x0000000017ad0000,0x0000000017bd0000)]
  0x00000000162ea800 JavaThread "Finalizer" daemon [_thread_blocked, id=9148, stack(0x0000000017560000,0x0000000017660000)]
  0x0000000002952000 JavaThread "Reference Handler" daemon [_thread_blocked, id=2484, stack(0x0000000017460000,0x0000000017560000)]
  0x000000000085e800 JavaThread "main" [_thread_blocked, id=11536, stack(0x0000000002410000,0x0000000002510000)]

Other Threads:
  0x00000000162c7000 VMThread [stack: 0x0000000017360000,0x0000000017460000] [id=14760]
  0x00000000177b6800 WatcherThread [stack: 0x00000000180d0000,0x00000000181d0000] [id=12956]

VM state:not at safepoint (normal execution)

VM Mutex/Monitor currently owned by a thread: None

Heap:
 PSYoungGen      total 361472K, used 294603K [0x00000000e0000000, 0x00000000fbd80000, 0x0000000100000000)
  eden space 306176K, 96% used [0x00000000e0000000,0x00000000f1fb2fc8,0x00000000f2b00000)
  from space 55296K, 0% used [0x00000000f2b00000,0x00000000f2b00000,0x00000000f6100000)
  to   space 34816K, 0% used [0x00000000f6100000,0x00000000f6100000,0x00000000f8300000)
 ParOldGen       total 167936K, used 150035K [0x00000000a0000000, 0x00000000aa400000, 0x00000000e0000000)
  object space 167936K, 89% used [0x00000000a0000000,0x00000000a9284e10,0x00000000aa400000)
 Metaspace       used 58873K, capacity 60402K, committed 60760K, reserved 1101824K
  class space    used 8122K, capacity 8472K, committed 8536K, reserved 1048576K

Card table byte_map: [0x0000000011d30000,0x0000000012040000] byte_map_base: 0x0000000011830000

Marking Bits: (ParMarkBitMap*) 0x0000000059e0c720
 Begin Bits: [0x0000000012640000, 0x0000000013e40000)
 End Bits:   [0x0000000013e40000, 0x0000000015640000)

Polling page: 0x0000000000840000

CodeCache: size=245760Kb used=28029Kb max_used=28040Kb free=217730Kb
 bounds [0x0000000002970000, 0x00000000044f0000, 0x0000000011970000]
 total_blobs=8827 nmethods=8089 adapters=649
 compilation: enabled

Compilation events (10 events):
Event: 31.479 Thread 0x00000000176e4800 nmethod 9778 0x0000000004080d50 code [0x0000000004080ea0, 0x0000000004080fd0]
Event: 31.479 Thread 0x00000000176e4800 9779       3       com.android.jack.jayce.v0004.nodes.NDynamicCastOperation::readContent (22 bytes)
Event: 31.480 Thread 0x00000000176e4800 nmethod 9779 0x000000000431ed10 code [0x000000000431eea0, 0x000000000431f1d8]
Event: 31.485 Thread 0x00000000176e4800 9780       3       org.gradle.internal.logging.slf4j.OutputEventListenerBackedLogger::debug (17 bytes)
Event: 31.486 Thread 0x00000000176e4800 nmethod 9780 0x000000000431e310 code [0x000000000431e4c0, 0x000000000431ea98]
Event: 31.487 Thread 0x00000000176e4800 9781       3       java.util.EnumMap::containsKey (29 bytes)
Event: 31.487 Thread 0x00000000176e4800 nmethod 9781 0x00000000044e0690 code [0x00000000044e0800, 0x00000000044e0be8]
Event: 31.493 Thread 0x00000000176e0800 9782       4       com.android.jack.jayce.v0004.nodes.NField::importFromJast (88 bytes)
Event: 31.497 Thread 0x00000000176d9000 9783       4       sun.security.provider.ByteArrayAccess::i2bBig4 (111 bytes)
Event: 31.498 Thread 0x00000000176d9000 nmethod 9783 0x0000000003e804d0 code [0x0000000003e80600, 0x0000000003e80698]

GC Heap History (10 events):
Event: 23.269 GC heap before
{Heap before GC invocations=25 (full 3):
 PSYoungGen      total 288256K, used 14151K [0x00000000e0000000, 0x00000000f4300000, 0x0000000100000000)
  eden space 265216K, 0% used [0x00000000e0000000,0x00000000e0000000,0x00000000f0300000)
  from space 23040K, 61% used [0x00000000f1a00000,0x00000000f27d1c20,0x00000000f3080000)
  to   space 23552K, 0% used [0x00000000f0300000,0x00000000f0300000,0x00000000f1a00000)
 ParOldGen       total 100864K, used 50588K [0x00000000a0000000, 0x00000000a6280000, 0x00000000e0000000)
  object space 100864K, 50% used [0x00000000a0000000,0x00000000a3167340,0x00000000a6280000)
 Metaspace       used 57413K, capacity 58896K, committed 59096K, reserved 1099776K
  class space    used 7996K, capacity 8365K, committed 8408K, reserved 1048576K
Event: 23.512 GC heap after
Heap after GC invocations=25 (full 3):
 PSYoungGen      total 288256K, used 0K [0x00000000e0000000, 0x00000000f4300000, 0x0000000100000000)
  eden space 265216K, 0% used [0x00000000e0000000,0x00000000e0000000,0x00000000f0300000)
  from space 23040K, 0% used [0x00000000f1a00000,0x00000000f1a00000,0x00000000f3080000)
  to   space 23552K, 0% used [0x00000000f0300000,0x00000000f0300000,0x00000000f1a00000)
 ParOldGen       total 153088K, used 44246K [0x00000000a0000000, 0x00000000a9580000, 0x00000000e0000000)
  object space 153088K, 28% used [0x00000000a0000000,0x00000000a2b35b70,0x00000000a9580000)
 Metaspace       used 57413K, capacity 58896K, committed 59096K, reserved 1099776K
  class space    used 7996K, capacity 8365K, committed 8408K, reserved 1048576K
}
Event: 24.562 GC heap before
{Heap before GC invocations=26 (full 3):
 PSYoungGen      total 288256K, used 265216K [0x00000000e0000000, 0x00000000f4300000, 0x0000000100000000)
  eden space 265216K, 100% used [0x00000000e0000000,0x00000000f0300000,0x00000000f0300000)
  from space 23040K, 0% used [0x00000000f1a00000,0x00000000f1a00000,0x00000000f3080000)
  to   space 23552K, 0% used [0x00000000f0300000,0x00000000f0300000,0x00000000f1a00000)
 ParOldGen       total 153088K, used 44246K [0x00000000a0000000, 0x00000000a9580000, 0x00000000e0000000)
  object space 153088K, 28% used [0x00000000a0000000,0x00000000a2b35b70,0x00000000a9580000)
 Metaspace       used 58425K, capacity 60018K, committed 60504K, reserved 1101824K
  class space    used 8106K, capacity 8472K, committed 8536K, reserved 1048576K
Event: 24.616 GC heap after
Heap after GC invocations=26 (full 3):
 PSYoungGen      total 288768K, used 23520K [0x00000000e0000000, 0x00000000f8300000, 0x0000000100000000)
  eden space 265216K, 0% used [0x00000000e0000000,0x00000000e0000000,0x00000000f0300000)
  from space 23552K, 99% used [0x00000000f0300000,0x00000000f19f8050,0x00000000f1a00000)
  to   space 34816K, 0% used [0x00000000f6100000,0x00000000f6100000,0x00000000f8300000)
 ParOldGen       total 153088K, used 63977K [0x00000000a0000000, 0x00000000a9580000, 0x00000000e0000000)
  object space 153088K, 41% used [0x00000000a0000000,0x00000000a3e7a450,0x00000000a9580000)
 Metaspace       used 58425K, capacity 60018K, committed 60504K, reserved 1101824K
  class space    used 8106K, capacity 8472K, committed 8536K, reserved 1048576K
}
Event: 25.159 GC heap before
{Heap before GC invocations=27 (full 3):
 PSYoungGen      total 288768K, used 288736K [0x00000000e0000000, 0x00000000f8300000, 0x0000000100000000)
  eden space 265216K, 100% used [0x00000000e0000000,0x00000000f0300000,0x00000000f0300000)
  from space 23552K, 99% used [0x00000000f0300000,0x00000000f19f8050,0x00000000f1a00000)
  to   space 34816K, 0% used [0x00000000f6100000,0x00000000f6100000,0x00000000f8300000)
 ParOldGen       total 153088K, used 63977K [0x00000000a0000000, 0x00000000a9580000, 0x00000000e0000000)
  object space 153088K, 41% used [0x00000000a0000000,0x00000000a3e7a450,0x00000000a9580000)
 Metaspace       used 58579K, capacity 60146K, committed 60504K, reserved 1101824K
  class space    used 8120K, capacity 8472K, committed 8536K, reserved 1048576K
Event: 25.270 GC heap after
Heap after GC invocations=27 (full 3):
 PSYoungGen      total 340992K, used 34816K [0x00000000e0000000, 0x00000000fbd80000, 0x0000000100000000)
  eden space 306176K, 0% used [0x00000000e0000000,0x00000000e0000000,0x00000000f2b00000)
  from space 34816K, 100% used [0x00000000f6100000,0x00000000f8300000,0x00000000f8300000)
  to   space 55296K, 0% used [0x00000000f2b00000,0x00000000f2b00000,0x00000000f6100000)
 ParOldGen       total 153088K, used 102469K [0x00000000a0000000, 0x00000000a9580000, 0x00000000e0000000)
  object space 153088K, 66% used [0x00000000a0000000,0x00000000a6411638,0x00000000a9580000)
 Metaspace       used 58579K, capacity 60146K, committed 60504K, reserved 1101824K
  class space    used 8120K, capacity 8472K, committed 8536K, reserved 1048576K
}
Event: 27.978 GC heap before
{Heap before GC invocations=28 (full 3):
 PSYoungGen      total 340992K, used 340992K [0x00000000e0000000, 0x00000000fbd80000, 0x0000000100000000)
  eden space 306176K, 100% used [0x00000000e0000000,0x00000000f2b00000,0x00000000f2b00000)
  from space 34816K, 100% used [0x00000000f6100000,0x00000000f8300000,0x00000000f8300000)
  to   space 55296K, 0% used [0x00000000f2b00000,0x00000000f2b00000,0x00000000f6100000)
 ParOldGen       total 153088K, used 102469K [0x00000000a0000000, 0x00000000a9580000, 0x00000000e0000000)
  object space 153088K, 66% used [0x00000000a0000000,0x00000000a6411638,0x00000000a9580000)
 Metaspace       used 58846K, capacity 60402K, committed 60760K, reserved 1101824K
  class space    used 8120K, capacity 8472K, committed 8536K, reserved 1048576K
Event: 28.301 GC heap after
Heap after GC invocations=28 (full 3):
 PSYoungGen      total 361472K, used 55296K [0x00000000e0000000, 0x00000000fbd80000, 0x0000000100000000)
  eden space 306176K, 0% used [0x00000000e0000000,0x00000000e0000000,0x00000000f2b00000)
  from space 55296K, 100% used [0x00000000f2b00000,0x00000000f6100000,0x00000000f6100000)
  to   space 34816K, 0% used [0x00000000f6100000,0x00000000f6100000,0x00000000f8300000)
 ParOldGen       total 167936K, used 167665K [0x00000000a0000000, 0x00000000aa400000, 0x00000000e0000000)
  object space 167936K, 99% used [0x00000000a0000000,0x00000000aa3bc4b0,0x00000000aa400000)
 Metaspace       used 58846K, capacity 60402K, committed 60760K, reserved 1101824K
  class space    used 8120K, capacity 8472K, committed 8536K, reserved 1048576K
}
Event: 28.301 GC heap before
{Heap before GC invocations=29 (full 4):
 PSYoungGen      total 361472K, used 55296K [0x00000000e0000000, 0x00000000fbd80000, 0x0000000100000000)
  eden space 306176K, 0% used [0x00000000e0000000,0x00000000e0000000,0x00000000f2b00000)
  from space 55296K, 100% used [0x00000000f2b00000,0x00000000f6100000,0x00000000f6100000)
  to   space 34816K, 0% used [0x00000000f6100000,0x00000000f6100000,0x00000000f8300000)
 ParOldGen       total 167936K, used 167665K [0x00000000a0000000, 0x00000000aa400000, 0x00000000e0000000)
  object space 167936K, 99% used [0x00000000a0000000,0x00000000aa3bc4b0,0x00000000aa400000)
 Metaspace       used 58846K, capacity 60402K, committed 60760K, reserved 1101824K
  class space    used 8120K, capacity 8472K, committed 8536K, reserved 1048576K
Event: 29.314 GC heap after
Heap after GC invocations=29 (full 4):
 PSYoungGen      total 361472K, used 0K [0x00000000e0000000, 0x00000000fbd80000, 0x0000000100000000)
  eden space 306176K, 0% used [0x00000000e0000000,0x00000000e0000000,0x00000000f2b00000)
  from space 55296K, 0% used [0x00000000f2b00000,0x00000000f2b00000,0x00000000f6100000)
  to   space 34816K, 0% used [0x00000000f6100000,0x00000000f6100000,0x00000000f8300000)
 ParOldGen       total 167936K, used 150035K [0x00000000a0000000, 0x00000000aa400000, 0x00000000e0000000)
  object space 167936K, 89% used [0x00000000a0000000,0x00000000a9284e10,0x00000000aa400000)
 Metaspace       used 58846K, capacity 60402K, committed 60760K, reserved 1101824K
  class space    used 8120K, capacity 8472K, committed 8536K, reserved 1048576K
}

Deoptimization events (10 events):
Event: 26.371 Thread 0x000000001b392000 Uncommon trap: reason=bimorphic action=maybe_recompile pc=0x0000000004135028 method=com.android.jack.ir.ast.JVisitor.endVisit(Lcom/android/jack/ir/ast/JMethod;)V @ 2
Event: 26.371 Thread 0x000000001b392000 Uncommon trap: reason=bimorphic action=maybe_recompile pc=0x0000000004135028 method=com.android.jack.ir.ast.JVisitor.endVisit(Lcom/android/jack/ir/ast/JMethod;)V @ 2
Event: 26.371 Thread 0x000000001b392000 Uncommon trap: reason=bimorphic action=maybe_recompile pc=0x0000000004135028 method=com.android.jack.ir.ast.JVisitor.endVisit(Lcom/android/jack/ir/ast/JMethod;)V @ 2
Event: 26.564 Thread 0x000000001b392000 Uncommon trap: reason=unstable_if action=reinterpret pc=0x000000000342cc40 method=com.android.jack.ir.ast.JLabel.traverse(Lcom/android/jack/ir/ast/JVisitor;)V @ 5
Event: 29.776 Thread 0x000000001b391800 Uncommon trap: reason=unstable_if action=reinterpret pc=0x0000000002e34b1c method=com.android.jack.util.StringUtils.stringToUtf8Bytes(Ljava/lang/String;)[B @ 40
Event: 30.721 Thread 0x000000001b390800 Uncommon trap: reason=class_check action=maybe_recompile pc=0x00000000044d4938 method=com.android.jack.ir.ast.JDefinedClassOrInterface.getFieldId(Ljava/lang/String;Lcom/android/jack/ir/ast/JType;Lcom/android/jack/ir/ast/FieldKind;)Lcom/android/jack/ir/ast
Event: 30.721 Thread 0x000000001b390800 Uncommon trap: reason=class_check action=maybe_recompile pc=0x00000000044d4938 method=com.android.jack.ir.ast.JDefinedClassOrInterface.getFieldId(Ljava/lang/String;Lcom/android/jack/ir/ast/JType;Lcom/android/jack/ir/ast/FieldKind;)Lcom/android/jack/ir/ast
Event: 30.722 Thread 0x000000001b390800 Uncommon trap: reason=class_check action=maybe_recompile pc=0x00000000044d4938 method=com.android.jack.ir.ast.JDefinedClassOrInterface.getFieldId(Ljava/lang/String;Lcom/android/jack/ir/ast/JType;Lcom/android/jack/ir/ast/FieldKind;)Lcom/android/jack/ir/ast
Event: 30.722 Thread 0x000000001b390800 Uncommon trap: reason=class_check action=maybe_recompile pc=0x00000000044d4938 method=com.android.jack.ir.ast.JDefinedClassOrInterface.getFieldId(Ljava/lang/String;Lcom/android/jack/ir/ast/JType;Lcom/android/jack/ir/ast/FieldKind;)Lcom/android/jack/ir/ast
Event: 31.515 Thread 0x000000001b390800 Uncommon trap: reason=unloaded action=reinterpret pc=0x00000000041a8410 method=com.android.sched.scheduler.ScheduleInstance.runWithLog(Lcom/android/sched/schedulable/RunnableSchedulable;Lcom/android/sched/item/Component;)V @ 64

Internal exceptions (10 events):
Event: 12.710 Thread 0x000000001900a000 Exception <a 'java/lang/NoSuchMethodError': <clinit>> (0x00000000e0c1b1a8) thrown at [C:\re\workspace\8-2-build-windows-amd64-cygwin\jdk8u131\8869\hotspot\src\share\vm\prims\jni.cpp, line 1613]
Event: 12.712 Thread 0x000000001900a000 Exception <a 'java/lang/NoSuchMethodError': <clinit>> (0x00000000e0c339b8) thrown at [C:\re\workspace\8-2-build-windows-amd64-cygwin\jdk8u131\8869\hotspot\src\share\vm\prims\jni.cpp, line 1613]
Event: 12.712 Thread 0x000000001900a000 Exception <a 'java/lang/NoSuchMethodError': <clinit>> (0x00000000e0c34ed0) thrown at [C:\re\workspace\8-2-build-windows-amd64-cygwin\jdk8u131\8869\hotspot\src\share\vm\prims\jni.cpp, line 1613]
Event: 13.768 Thread 0x000000001900a000 Implicit null exception at 0x00000000036c25af to 0x00000000036c4af5
Event: 14.730 Thread 0x000000001900a000 Implicit null exception at 0x0000000003d49c9b to 0x0000000003d4a669
Event: 15.252 Thread 0x000000001900a000 Implicit null exception at 0x0000000003f8670b to 0x0000000003f86b45
Event: 22.353 Thread 0x000000001900a000 Implicit null exception at 0x0000000002ac03a1 to 0x0000000002ac09e5
Event: 23.172 Thread 0x000000001900a000 Implicit null exception at 0x0000000003947e9d to 0x0000000003947fc5
Event: 26.131 Thread 0x000000001b396800 Implicit null exception at 0x00000000041e4564 to 0x00000000041e63f1
Event: 31.515 Thread 0x000000001b390800 Exception <a 'java/lang/OutOfMemoryError'> (0x00000000f1be6318) thrown at [C:\re\workspace\8-2-build-windows-amd64-cygwin\jdk8u131\8869\hotspot\src\share\vm\prims\jni.cpp, line 735]

Events (10 events):
Event: 30.722 Thread 0x000000001b390800 DEOPT PACKING pc=0x00000000044d4938 sp=0x0000000031a9e990
Event: 30.722 Thread 0x000000001b390800 DEOPT UNPACKING pc=0x00000000029b582a sp=0x0000000031a9e940 mode 2
Event: 30.722 Thread 0x000000001b390800 Uncommon trap: trap_request=0xffffffde fr.pc=0x00000000044d4938
Event: 30.722 Thread 0x000000001b390800 DEOPT PACKING pc=0x00000000044d4938 sp=0x0000000031a9e990
Event: 30.722 Thread 0x000000001b390800 DEOPT UNPACKING pc=0x00000000029b582a sp=0x0000000031a9e940 mode 2
Event: 31.515 Thread 0x000000001b390800 Uncommon trap: trap_request=0x00000149 fr.pc=0x00000000041a8410
Event: 31.515 Thread 0x000000001b390800 DEOPT PACKING pc=0x00000000041a8410 sp=0x0000000031a9f340
Event: 31.515 Thread 0x000000001b390800 DEOPT UNPACKING pc=0x00000000029b582a sp=0x0000000031a9f2d0 mode 2
Event: 31.515 loading class com/android/jack/util/DefaultTextOutput
Event: 31.515 loading class com/android/jack/util/DefaultTextOutput done


Dynamic libraries:
0x00007ff6a3d50000 - 0x00007ff6a3d87000 	D:\Program Files\Java\jdk1.8.0_131\bin\java.exe
0x00007ffc5c160000 - 0x00007ffc5c350000 	C:\WINDOWS\SYSTEM32\ntdll.dll
0x00007ffc5aed0000 - 0x00007ffc5af82000 	C:\WINDOWS\System32\KERNEL32.DLL
0x00007ffc59f30000 - 0x00007ffc5a1d3000 	C:\WINDOWS\System32\KERNELBASE.dll
0x00007ffc5a8c0000 - 0x00007ffc5a963000 	C:\WINDOWS\System32\ADVAPI32.dll
0x00007ffc5a970000 - 0x00007ffc5aa0e000 	C:\WINDOWS\System32\msvcrt.dll
0x00007ffc5a820000 - 0x00007ffc5a8b7000 	C:\WINDOWS\System32\sechost.dll
0x00007ffc5aa10000 - 0x00007ffc5ab30000 	C:\WINDOWS\System32\RPCRT4.dll
0x00007ffc5bc20000 - 0x00007ffc5bdb4000 	C:\WINDOWS\System32\USER32.dll
0x00007ffc59f00000 - 0x00007ffc59f21000 	C:\WINDOWS\System32\win32u.dll
0x00007ffc5a1e0000 - 0x00007ffc5a206000 	C:\WINDOWS\System32\GDI32.dll
0x00007ffc595e0000 - 0x00007ffc59774000 	C:\WINDOWS\System32\gdi32full.dll
0x00007ffc59120000 - 0x00007ffc591be000 	C:\WINDOWS\System32\msvcp_win.dll
0x00007ffc593b0000 - 0x00007ffc594aa000 	C:\WINDOWS\System32\ucrtbase.dll
0x00007ffc4b280000 - 0x00007ffc4b505000 	C:\WINDOWS\WinSxS\amd64_microsoft.windows.common-controls_6595b64144ccf1df_6.0.18362.778_none_e6c6b761130d4fb8\COMCTL32.dll
0x00007ffc5b7f0000 - 0x00007ffc5bb26000 	C:\WINDOWS\System32\combase.dll
0x00007ffc59330000 - 0x00007ffc593b0000 	C:\WINDOWS\System32\bcryptPrimitives.dll
0x00007ffc5ab30000 - 0x00007ffc5ab5e000 	C:\WINDOWS\System32\IMM32.DLL
0x000000005aa40000 - 0x000000005ab12000 	D:\Program Files\Java\jdk1.8.0_131\jre\bin\msvcr100.dll
0x00000000595f0000 - 0x0000000059e8c000 	D:\Program Files\Java\jdk1.8.0_131\jre\bin\server\jvm.dll
0x00007ffc5b7e0000 - 0x00007ffc5b7e8000 	C:\WINDOWS\System32\PSAPI.DLL
0x00007ffc4f030000 - 0x00007ffc4f039000 	C:\WINDOWS\SYSTEM32\WSOCK32.dll
0x00007ffc569d0000 - 0x00007ffc569f4000 	C:\WINDOWS\SYSTEM32\WINMM.dll
0x00007ffc50e40000 - 0x00007ffc50e4a000 	C:\WINDOWS\SYSTEM32\VERSION.dll
0x00007ffc5bb30000 - 0x00007ffc5bb9f000 	C:\WINDOWS\System32\WS2_32.dll
0x00007ffc569a0000 - 0x00007ffc569cd000 	C:\WINDOWS\SYSTEM32\winmmbase.dll
0x00007ffc59560000 - 0x00007ffc595aa000 	C:\WINDOWS\System32\cfgmgr32.dll
0x000000005afb0000 - 0x000000005afbf000 	D:\Program Files\Java\jdk1.8.0_131\jre\bin\verify.dll
0x000000005af80000 - 0x000000005afa9000 	D:\Program Files\Java\jdk1.8.0_131\jre\bin\java.dll
0x000000005af60000 - 0x000000005af76000 	D:\Program Files\Java\jdk1.8.0_131\jre\bin\zip.dll
0x00007ffc5afc0000 - 0x00007ffc5b6a5000 	C:\WINDOWS\System32\SHELL32.dll
0x00007ffc5abf0000 - 0x00007ffc5ac99000 	C:\WINDOWS\System32\shcore.dll
0x00007ffc59780000 - 0x00007ffc59f00000 	C:\WINDOWS\System32\windows.storage.dll
0x00007ffc59000000 - 0x00007ffc59023000 	C:\WINDOWS\System32\profapi.dll
0x00007ffc59030000 - 0x00007ffc5907a000 	C:\WINDOWS\System32\powrprof.dll
0x00007ffc58ff0000 - 0x00007ffc59000000 	C:\WINDOWS\System32\UMPDC.dll
0x00007ffc5a7c0000 - 0x00007ffc5a812000 	C:\WINDOWS\System32\shlwapi.dll
0x00007ffc590a0000 - 0x00007ffc590b1000 	C:\WINDOWS\System32\kernel.appcore.dll
0x00007ffc591c0000 - 0x00007ffc591d7000 	C:\WINDOWS\System32\cryptsp.dll
0x000000005af40000 - 0x000000005af5a000 	D:\Program Files\Java\jdk1.8.0_131\jre\bin\net.dll
0x00007ffc587d0000 - 0x00007ffc58837000 	C:\WINDOWS\system32\mswsock.dll
0x000000005af20000 - 0x000000005af31000 	D:\Program Files\Java\jdk1.8.0_131\jre\bin\nio.dll
0x00007ffc51ff0000 - 0x00007ffc52002000 	C:\Users\86176\.gradle\native\19\windows-amd64\native-platform.dll
0x00007ffc58340000 - 0x00007ffc58373000 	C:\WINDOWS\system32\rsaenh.dll
0x00007ffc595b0000 - 0x00007ffc595d6000 	C:\WINDOWS\System32\bcrypt.dll
0x00007ffc58f10000 - 0x00007ffc58f35000 	C:\WINDOWS\SYSTEM32\USERENV.dll
0x00007ffc589a0000 - 0x00007ffc589ac000 	C:\WINDOWS\SYSTEM32\CRYPTBASE.dll
0x00007ffc584e0000 - 0x00007ffc5851a000 	C:\WINDOWS\SYSTEM32\IPHLPAPI.DLL
0x00007ffc5bba0000 - 0x00007ffc5bba8000 	C:\WINDOWS\System32\NSI.dll
0x00007ffc53110000 - 0x00007ffc53126000 	C:\WINDOWS\SYSTEM32\dhcpcsvc6.DLL
0x00007ffc530f0000 - 0x00007ffc5310c000 	C:\WINDOWS\SYSTEM32\dhcpcsvc.DLL
0x00007ffc58520000 - 0x00007ffc585ea000 	C:\WINDOWS\SYSTEM32\DNSAPI.dll
0x000000005af10000 - 0x000000005af1d000 	D:\Program Files\Java\jdk1.8.0_131\jre\bin\management.dll
0x000000005aa10000 - 0x000000005aa34000 	D:\Program Files\Java\jdk1.8.0_131\jre\bin\sunec.dll
0x000000005af00000 - 0x000000005af0b000 	D:\Program Files\Java\jdk1.8.0_131\jre\bin\sunmscapi.dll
0x00007ffc591e0000 - 0x00007ffc59329000 	C:\WINDOWS\System32\CRYPT32.dll
0x00007ffc59080000 - 0x00007ffc59092000 	C:\WINDOWS\System32\MSASN1.dll

VM Arguments:
jvm_args: -Xmx1536m -Dfile.encoding=GBK -Duser.country=CN -Duser.language=zh -Duser.variant 
java_command: org.gradle.launcher.daemon.bootstrap.GradleDaemon 2.14.1
java_class_path (initial): C:\Users\86176\.gradle\wrapper\dists\gradle-2.14.1-all\8bnwg5hd3w55iofp58khbp6yv\gradle-2.14.1\lib\gradle-launcher-2.14.1.jar
Launcher Type: SUN_STANDARD

Environment Variables:
JAVA_HOME=D:\Program Files\Java\jdk1.8.0_131
CLASSPATH=.;D:\Program Files\Java\jdk1.8.0_131\lib\dt.jar;D:\Program Files\Java\jdk1.8.0_131\lib\tools.jar;D:\Tomcat\apache-tomcat-8.5.50\bin\tomcat-juli.jar; 
PATH="D:\Program Files\Java\jdk1.8.0_131\bin;D:\Program Files\Java\jdk1.8.0_131\jre\bin;";C:\ProgramData\Oracle\Java\javapath;"D:\Program Files\Java\jdk1.8.0_131\bin;D:\Program Files\Java\jdk1.8.0_131\jre\bin;";D:\sdk\platform-tools;D:\Python\Scripts;D:\Matlab R2018b\runtime\win64;D:\Matlab R2018b\bin;C:\Program Files (x86)\Windows Kits\10\Windows Performance Toolkit\;"D:\Program Files\Java\jdk1.8.0_131\bin;D:\Program Files\Java\jdk1.8.0_131\jre\bin;";D:\JDK\bin£»"D:\Program Files\Java\jdk1.8.0_131\bin;D:\Program Files\Java\jdk1.8.0_131\jre\bin;";C:\ProgramData\Oracle\Java\javapath;"D:\Program Files\Java\jdk1.8.0_131\bin;D:\Program Files\Java\jdk1.8.0_131\jre\bin;";D:\sdk\platform-tools;D:\Python\Scripts;D:\Matlab R2018b\runtime\win64;D:\Matlab R2018b\bin;C:\Program Files (x86)\Windows Kits\10\Windows Performance Toolkit\;"D:\Program Files\Java\jdk1.8.0_131\bin;D:\Program Files\Java\jdk1.8.0_131\jre\bin;";D:\JDK\bin£»"D:\Program Files\Java\jdk1.8.0_131\bin;D:\Program Files\Java\jdk1.8.0_131\jre\bin;";C:\ProgramData\Oracle\Java\javapath;"D:\Program Files\Java\jdk1.8.0_131\bin;D:\Program Files\Java\jdk1.8.0_131\jre\bin;";D:\sdk\platform-tools;D:\Python\Scripts;D:\Matlab R2018b\runtime\win64;D:\Matlab R2018b\bin;C:\Program Files (x86)\Windows Kits\10\Windows Performance Toolkit\;"D:\Program Files\Java\jdk1.8.0_131\bin;D:\Program Files\Java\jdk1.8.0_131\jre\bin;";D:\JDK\bin£»C:\WINDOWS\System32;;D:\Git\cmd;C:\Program Files\Common Files\Autodesk Shared\;C:\WINDOWS\system32;C:\WINDOWS;C:\WINDOWS\system32\wbem;;D:\Git\cmd;C:\Program Files\Common Files\Autodesk Shared\;C:\WINDOWS\system32;C:\WINDOWS;C:\WINDOWS\system32\wbem;;D:\Git\cmd;C:\Program Files\Common Files\Autodesk Shared\;C:\WINDOWS\system32;C:\WINDOWS;C:\WINDOWS\system32\wbem;D:\Program Files\Java\jdk1.8.0_131\bin;D:\Program Files\Java\jdk1.8.0_131\jre\bin;D:\Program Files\Java\jdk1.8.0_131\bin;D:\Program Files\Java\jdk1.8.0_131\jre\bin;D:\Tomcat\apache-maven-3.6.3\bin;
USERNAME=ljy
OS=Windows_NT
PROCESSOR_IDENTIFIER=Intel64 Family 6 Model 142 Stepping 9, GenuineIntel



---------------  S Y S T E M  ---------------

OS: Windows 10.0 , 64 bit Build 18362 (10.0.18362.778)

CPU:total 4 (initial active 4) (2 cores per cpu, 2 threads per core) family 6 model 142 stepping 9, cmov, cx8, fxsr, mmx, sse, sse2, sse3, ssse3, sse4.1, sse4.2, popcnt, avx, avx2, aes, clmul, erms, 3dnowpref, lzcnt, ht, tsc, tscinvbit, bmi1, bmi2, adx

Memory: 4k page, physical 8271292k(1381524k free), swap 8271292k(4084k free)

vm_info: Java HotSpot(TM) 64-Bit Server VM (25.131-b11) for windows-amd64 JRE (1.8.0_131-b11), built on Mar 15 2017 01:23:53 by "java_re" with MS VC++ 10.0 (VS2010)

time: Fri Jun 05 23:47:29 2020
elapsed time: 31 seconds (0d 0h 0m 31s)

