#
# There is insufficient memory for the Java Runtime Environment to continue.
# Native memory allocation (malloc) failed to allocate 1439776 bytes for Chunk::new
# Possible reasons:
#   The system is out of physical RAM or swap space
#   In 32 bit mode, the process size limit was hit
# Possible solutions:
#   Reduce memory load on the system
#   Increase physical memory or swap space
#   Check if swap backing store is full
#   Use 64 bit Java on a 64 bit OS
#   Decrease Java heap size (-Xmx/-Xms)
#   Decrease number of Java threads
#   Decrease Java thread stack sizes (-Xss)
#   Set larger code cache with -XX:ReservedCodeCacheSize=
# This output file may be truncated or incomplete.
#
#  Out of Memory Error (allocation.cpp:390), pid=11556, tid=0x0000000000002e28
#
# JRE version: Java(TM) SE Runtime Environment (8.0_131-b11) (build 1.8.0_131-b11)
# Java VM: Java HotSpot(TM) 64-Bit Server VM (25.131-b11 mixed mode windows-amd64 compressed oops)
# Failed to write core dump. Minidumps are not enabled by default on client versions of Windows
#

---------------  T H R E A D  ---------------

Current thread (0x00000000176c9000):  JavaThread "C2 CompilerThread0" daemon [_thread_in_native, id=11816, stack(0x0000000017cc0000,0x0000000017dc0000)]

Stack: [0x0000000017cc0000,0x0000000017dc0000]
[error occurred during error reporting (printing stack bounds), id 0xc0000005]

Native frames: (J=compiled Java code, j=interpreted, Vv=VM code, C=native code)


Current CompileTask:
C2: 336270 15533 %     4       com.android.jack.tools.merger.ConstantManager::addDexFile @ 58 (757 bytes)


---------------  P R O C E S S  ---------------

Java Threads: ( => current thread )
  0x000000001b6b0800 JavaThread "Jack reporter" [_thread_blocked, id=10024, stack(0x000000001e870000,0x000000001e970000)]
  0x000000001b6a9000 JavaThread "Stdin handler" [_thread_blocked, id=7004, stack(0x000000001a250000,0x000000001a350000)]
  0x000000001b6a8000 JavaThread "Asynchronous log dispatcher for org.gradle.launcher.daemon.server.DefaultDaemonConnection@46322020" [_thread_blocked, id=7660, stack(0x0000000019f50000,0x000000001a050000)]
  0x000000001b6aa800 JavaThread "Daemon worker Thread 2" [_thread_blocked, id=4820, stack(0x0000000019e50000,0x0000000019f50000)]
  0x000000001b6ad800 JavaThread "Cancel handler" [_thread_blocked, id=904, stack(0x0000000000a30000,0x0000000000b30000)]
  0x000000001b6af000 JavaThread "Handler for socket connection from /127.0.0.1:61527 to /127.0.0.1:61929" [_thread_in_native, id=9648, stack(0x0000000000930000,0x0000000000a30000)]
  0x000000001b6a9800 JavaThread "Daemon Thread 2" [_thread_blocked, id=6404, stack(0x0000000000830000,0x0000000000930000)]
  0x0000000019014000 JavaThread "File lock request listener" [_thread_in_native, id=11716, stack(0x000000001ba20000,0x000000001bb20000)]
  0x000000001909e000 JavaThread "Incoming local TCP Connector on port 61527" [_thread_in_native, id=7596, stack(0x0000000019ca0000,0x0000000019da0000)]
  0x0000000018cc5000 JavaThread "pool-1-thread-1" [_thread_blocked, id=7872, stack(0x00000000189c0000,0x0000000018ac0000)]
  0x0000000017752800 JavaThread "Service Thread" daemon [_thread_blocked, id=9008, stack(0x0000000017fc0000,0x00000000180c0000)]
  0x00000000176dd000 JavaThread "C1 CompilerThread2" daemon [_thread_blocked, id=1476, stack(0x0000000017ec0000,0x0000000017fc0000)]
  0x00000000176cb800 JavaThread "C2 CompilerThread1" daemon [_thread_in_native, id=3192, stack(0x0000000017dc0000,0x0000000017ec0000)]
=>0x00000000176c9000 JavaThread "C2 CompilerThread0" daemon [_thread_in_native, id=11816, stack(0x0000000017cc0000,0x0000000017dc0000)]
  0x00000000176c8800 JavaThread "Attach Listener" daemon [_thread_blocked, id=7184, stack(0x0000000017bc0000,0x0000000017cc0000)]
  0x0000000016370000 JavaThread "Signal Dispatcher" daemon [_thread_blocked, id=3836, stack(0x0000000017ac0000,0x0000000017bc0000)]
  0x000000001634a800 JavaThread "Finalizer" daemon [_thread_blocked, id=5032, stack(0x00000000175c0000,0x00000000176c0000)]
  0x00000000029e2000 JavaThread "Reference Handler" daemon [_thread_blocked, id=5416, stack(0x00000000174c0000,0x00000000175c0000)]
  0x00000000028ee800 JavaThread "main" [_thread_blocked, id=10920, stack(0x0000000002710000,0x0000000002810000)]

Other Threads:
  0x0000000016327000 VMThread [stack: 0x00000000173c0000,0x00000000174c0000] [id=7532]
  0x00000000177a9800 WatcherThread [stack: 0x00000000180c0000,0x00000000181c0000] [id=10708]

VM state:at safepoint (normal execution)

VM Mutex/Monitor currently owned by a thread:  ([mutex/lock_event])
[0x00000000028edcc0] Threads_lock - owner thread: 0x0000000016327000
[0x00000000028ee1c0] Heap_lock - owner thread: 0x000000001b6aa800

Heap:
 PSYoungGen      total 333824K, used 308277K [0x00000000e0000000, 0x0000000100000000, 0x0000000100000000)
  eden space 175104K, 100% used [0x00000000e0000000,0x00000000eab00000,0x00000000eab00000)
  from space 158720K, 83% used [0x00000000f6500000,0x00000000fe70d460,0x0000000100000000)
  to   space 174592K, 4% used [0x00000000eab00000,0x00000000eb200010,0x00000000f5580000)
 ParOldGen       total 617472K, used 347346K [0x00000000a0000000, 0x00000000c5b00000, 0x00000000e0000000)
  object space 617472K, 56% used [0x00000000a0000000,0x00000000b53348d8,0x00000000c5b00000)
 Metaspace       used 75483K, capacity 78266K, committed 78464K, reserved 1118208K
  class space    used 10016K, capacity 10588K, committed 10624K, reserved 1048576K

Card table byte_map: [0x0000000011db0000,0x00000000120c0000] byte_map_base: 0x00000000118b0000

Marking Bits: (ParMarkBitMap*) 0x0000000070f9c720
 Begin Bits: [0x00000000126c0000, 0x0000000013ec0000)
 End Bits:   [0x0000000013ec0000, 0x00000000156c0000)

Polling page: 0x0000000000b90000

CodeCache: size=245760Kb used=42430Kb max_used=42442Kb free=203329Kb
 bounds [0x00000000029f0000, 0x00000000053a0000, 0x00000000119f0000]
 total_blobs=13473 nmethods=12678 adapters=702
 compilation: enabled

Compilation events (10 events):
Event: 336.008 Thread 0x00000000176dd000 15579       3       com.android.jack.tools.merger.AnnotationMerger$AnnotationValueReader::visitEncodedNull (8 bytes)
Event: 336.008 Thread 0x00000000176dd000 nmethod 15579 0x0000000005388950 code [0x0000000005388aa0, 0x0000000005388c10]
Event: 336.034 Thread 0x00000000176cb800 nmethod 15574 0x000000000539bc50 code [0x000000000539bea0, 0x000000000539d9d0]
Event: 336.034 Thread 0x00000000176cb800 15577       4       com.android.jack.tools.merger.JackMerger::addDexFile (548 bytes)
Event: 336.039 Thread 0x00000000176dd000 15581       3       com.android.jack.dx.rop.type.Type::<init> (8 bytes)
Event: 336.040 Thread 0x00000000176dd000 nmethod 15581 0x00000000053885d0 code [0x0000000005388740, 0x00000000053888c8]
Event: 336.040 Thread 0x00000000176dd000 15582       3       com.android.jack.dx.rop.type.Type::<init> (84 bytes)
Event: 336.040 Thread 0x00000000176dd000 nmethod 15582 0x0000000005387d10 code [0x0000000005387ec0, 0x00000000053883e8]
Event: 336.141 Thread 0x00000000176dd000 15583       3       com.android.jack.dx.rop.cst.CstMemberRef::equals (56 bytes)
Event: 336.141 Thread 0x00000000176dd000 nmethod 15583 0x000000000538be10 code [0x000000000538bfa0, 0x000000000538c788]

GC Heap History (10 events):
Event: 324.357 GC heap before
{Heap before GC invocations=34 (full 7):
 PSYoungGen      total 331264K, used 331247K [0x00000000e0000000, 0x0000000100000000, 0x0000000100000000)
  eden space 188416K, 100% used [0x00000000e0000000,0x00000000eb800000,0x00000000eb800000)
  from space 142848K, 99% used [0x00000000f7480000,0x00000000ffffbc20,0x0000000100000000)
  to   space 167936K, 0% used [0x00000000eb800000,0x00000000eb800000,0x00000000f5c00000)
 ParOldGen       total 474112K, used 270006K [0x00000000a0000000, 0x00000000bcf00000, 0x00000000e0000000)
  object space 474112K, 56% used [0x00000000a0000000,0x00000000b07ad9a0,0x00000000bcf00000)
 Metaspace       used 72615K, capacity 75380K, committed 76416K, reserved 1116160K
  class space    used 9684K, capacity 10267K, committed 10368K, reserved 1048576K
Event: 324.547 GC heap after
Heap after GC invocations=34 (full 7):
 PSYoungGen      total 356352K, used 60772K [0x00000000e0000000, 0x0000000100000000, 0x0000000100000000)
  eden space 188416K, 0% used [0x00000000e0000000,0x00000000e0000000,0x00000000eb800000)
  from space 167936K, 36% used [0x00000000eb800000,0x00000000ef3590d0,0x00000000f5c00000)
  to   space 157696K, 0% used [0x00000000f6600000,0x00000000f6600000,0x0000000100000000)
 ParOldGen       total 474112K, used 408866K [0x00000000a0000000, 0x00000000bcf00000, 0x00000000e0000000)
  object space 474112K, 86% used [0x00000000a0000000,0x00000000b8f48b90,0x00000000bcf00000)
 Metaspace       used 72615K, capacity 75380K, committed 76416K, reserved 1116160K
  class space    used 9684K, capacity 10267K, committed 10368K, reserved 1048576K
}
Event: 324.547 GC heap before
{Heap before GC invocations=35 (full 8):
 PSYoungGen      total 356352K, used 60772K [0x00000000e0000000, 0x0000000100000000, 0x0000000100000000)
  eden space 188416K, 0% used [0x00000000e0000000,0x00000000e0000000,0x00000000eb800000)
  from space 167936K, 36% used [0x00000000eb800000,0x00000000ef3590d0,0x00000000f5c00000)
  to   space 157696K, 0% used [0x00000000f6600000,0x00000000f6600000,0x0000000100000000)
 ParOldGen       total 474112K, used 408866K [0x00000000a0000000, 0x00000000bcf00000, 0x00000000e0000000)
  object space 474112K, 86% used [0x00000000a0000000,0x00000000b8f48b90,0x00000000bcf00000)
 Metaspace       used 72615K, capacity 75380K, committed 76416K, reserved 1116160K
  class space    used 9684K, capacity 10267K, committed 10368K, reserved 1048576K
Event: 325.661 GC heap after
Heap after GC invocations=35 (full 8):
 PSYoungGen      total 356352K, used 0K [0x00000000e0000000, 0x0000000100000000, 0x0000000100000000)
  eden space 188416K, 0% used [0x00000000e0000000,0x00000000e0000000,0x00000000eb800000)
  from space 167936K, 0% used [0x00000000eb800000,0x00000000eb800000,0x00000000f5c00000)
  to   space 157696K, 0% used [0x00000000f6600000,0x00000000f6600000,0x0000000100000000)
 ParOldGen       total 617472K, used 347335K [0x00000000a0000000, 0x00000000c5b00000, 0x00000000e0000000)
  object space 617472K, 56% used [0x00000000a0000000,0x00000000b5331db0,0x00000000c5b00000)
 Metaspace       used 72615K, capacity 75380K, committed 76416K, reserved 1116160K
  class space    used 9684K, capacity 10267K, committed 10368K, reserved 1048576K
}
Event: 326.127 GC heap before
{Heap before GC invocations=36 (full 8):
 PSYoungGen      total 356352K, used 188416K [0x00000000e0000000, 0x0000000100000000, 0x0000000100000000)
  eden space 188416K, 100% used [0x00000000e0000000,0x00000000eb800000,0x00000000eb800000)
  from space 167936K, 0% used [0x00000000eb800000,0x00000000eb800000,0x00000000f5c00000)
  to   space 157696K, 0% used [0x00000000f6600000,0x00000000f6600000,0x0000000100000000)
 ParOldGen       total 617472K, used 347335K [0x00000000a0000000, 0x00000000c5b00000, 0x00000000e0000000)
  object space 617472K, 56% used [0x00000000a0000000,0x00000000b5331e90,0x00000000c5b00000)
 Metaspace       used 72616K, capacity 75380K, committed 76416K, reserved 1116160K
  class space    used 9684K, capacity 10267K, committed 10368K, reserved 1048576K
Event: 326.181 GC heap after
Heap after GC invocations=36 (full 8):
 PSYoungGen      total 327680K, used 57006K [0x00000000e0000000, 0x00000000fe400000, 0x0000000100000000)
  eden space 198656K, 0% used [0x00000000e0000000,0x00000000e0000000,0x00000000ec200000)
  from space 129024K, 44% used [0x00000000f6600000,0x00000000f9daba80,0x00000000fe400000)
  to   space 148480K, 0% used [0x00000000ec200000,0x00000000ec200000,0x00000000f5300000)
 ParOldGen       total 617472K, used 347335K [0x00000000a0000000, 0x00000000c5b00000, 0x00000000e0000000)
  object space 617472K, 56% used [0x00000000a0000000,0x00000000b5331e90,0x00000000c5b00000)
 Metaspace       used 72616K, capacity 75380K, committed 76416K, reserved 1116160K
  class space    used 9684K, capacity 10267K, committed 10368K, reserved 1048576K
}
Event: 327.278 GC heap before
{Heap before GC invocations=37 (full 8):
 PSYoungGen      total 327680K, used 255662K [0x00000000e0000000, 0x00000000fe400000, 0x0000000100000000)
  eden space 198656K, 100% used [0x00000000e0000000,0x00000000ec200000,0x00000000ec200000)
  from space 129024K, 44% used [0x00000000f6600000,0x00000000f9daba80,0x00000000fe400000)
  to   space 148480K, 0% used [0x00000000ec200000,0x00000000ec200000,0x00000000f5300000)
 ParOldGen       total 617472K, used 347338K [0x00000000a0000000, 0x00000000c5b00000, 0x00000000e0000000)
  object space 617472K, 56% used [0x00000000a0000000,0x00000000b53328d8,0x00000000c5b00000)
 Metaspace       used 72617K, capacity 75380K, committed 76416K, reserved 1116160K
  class space    used 9684K, capacity 10267K, committed 10368K, reserved 1048576K
Event: 327.379 GC heap after
Heap after GC invocations=37 (full 8):
 PSYoungGen      total 347136K, used 112060K [0x00000000e0000000, 0x0000000100000000, 0x0000000100000000)
  eden space 198656K, 0% used [0x00000000e0000000,0x00000000e0000000,0x00000000ec200000)
  from space 148480K, 75% used [0x00000000ec200000,0x00000000f2f6f1e0,0x00000000f5300000)
  to   space 158720K, 0% used [0x00000000f6500000,0x00000000f6500000,0x0000000100000000)
 ParOldGen       total 617472K, used 347338K [0x00000000a0000000, 0x00000000c5b00000, 0x00000000e0000000)
  object space 617472K, 56% used [0x00000000a0000000,0x00000000b53328d8,0x00000000c5b00000)
 Metaspace       used 72617K, capacity 75380K, committed 76416K, reserved 1116160K
  class space    used 9684K, capacity 10267K, committed 10368K, reserved 1048576K
}
Event: 334.432 GC heap before
{Heap before GC invocations=38 (full 8):
 PSYoungGen      total 347136K, used 310716K [0x00000000e0000000, 0x0000000100000000, 0x0000000100000000)
  eden space 198656K, 100% used [0x00000000e0000000,0x00000000ec200000,0x00000000ec200000)
  from space 148480K, 75% used [0x00000000ec200000,0x00000000f2f6f1e0,0x00000000f5300000)
  to   space 158720K, 0% used [0x00000000f6500000,0x00000000f6500000,0x0000000100000000)
 ParOldGen       total 617472K, used 347338K [0x00000000a0000000, 0x00000000c5b00000, 0x00000000e0000000)
  object space 617472K, 56% used [0x00000000a0000000,0x00000000b53328d8,0x00000000c5b00000)
 Metaspace       used 75104K, capacity 77914K, committed 78208K, reserved 1116160K
  class space    used 9975K, capacity 10556K, committed 10624K, reserved 1048576K
Event: 334.564 GC heap after
Heap after GC invocations=38 (full 8):
 PSYoungGen      total 333824K, used 133173K [0x00000000e0000000, 0x0000000100000000, 0x0000000100000000)
  eden space 175104K, 0% used [0x00000000e0000000,0x00000000e0000000,0x00000000eab00000)
  from space 158720K, 83% used [0x00000000f6500000,0x00000000fe70d460,0x0000000100000000)
  to   space 174592K, 0% used [0x00000000eab00000,0x00000000eab00000,0x00000000f5580000)
 ParOldGen       total 617472K, used 347346K [0x00000000a0000000, 0x00000000c5b00000, 0x00000000e0000000)
  object space 617472K, 56% used [0x00000000a0000000,0x00000000b53348d8,0x00000000c5b00000)
 Metaspace       used 75104K, capacity 77914K, committed 78208K, reserved 1116160K
  class space    used 9975K, capacity 10556K, committed 10624K, reserved 1048576K
}

Deoptimization events (10 events):
Event: 335.413 Thread 0x000000001b6b3800 Uncommon trap: reason=class_check action=maybe_recompile pc=0x00000000051c9e10 method=com.android.sched.vfs.PrefixedFS.openRead(Lcom/android/sched/vfs/BaseVFile;)Ljava/io/InputStream; @ 5
Event: 335.700 Thread 0x000000001b6b3800 Uncommon trap: reason=unstable_if action=reinterpret pc=0x000000000537f844 method=com.android.jack.dx.rop.cst.CstNat.equals(Ljava/lang/Object;)Z @ 25
Event: 336.138 Thread 0x000000001b6b3800 Uncommon trap: reason=unstable_if action=reinterpret pc=0x00000000053918fc method=com.android.jack.dx.rop.cst.CstMemberRef.equals(Ljava/lang/Object;)Z @ 33
Event: 336.231 Thread 0x000000001b6b3800 Uncommon trap: reason=unloaded action=reinterpret pc=0x000000000506e1c0 method=com.android.sched.scheduler.ScheduleInstance.runWithLog(Lcom/android/sched/schedulable/RunnableSchedulable;Lcom/android/sched/item/Component;)V @ 64
Event: 336.233 Thread 0x000000001b6b3800 Uncommon trap: reason=class_check action=maybe_recompile pc=0x00000000049b0018 method=com.android.sched.scheduler.MultiWorkersScheduleInstance$Task.commit()V @ 85
Event: 336.233 Thread 0x000000001b6b3800 Uncommon trap: reason=class_check action=maybe_recompile pc=0x00000000046b6fc4 method=com.android.sched.scheduler.MultiWorkersScheduleInstance$Worker.run()V @ 125
Event: 336.233 Thread 0x000000001b6b3800 Uncommon trap: reason=class_check action=maybe_recompile pc=0x00000000049b0018 method=com.android.sched.scheduler.MultiWorkersScheduleInstance$Task.commit()V @ 85
Event: 336.234 Thread 0x000000001b6b5800 Uncommon trap: reason=class_check action=maybe_recompile pc=0x00000000049b0018 method=com.android.sched.scheduler.MultiWorkersScheduleInstance$Task.commit()V @ 85
Event: 336.234 Thread 0x000000001b6b4000 Uncommon trap: reason=class_check action=maybe_recompile pc=0x00000000049b0018 method=com.android.sched.scheduler.MultiWorkersScheduleInstance$Task.commit()V @ 85
Event: 336.234 Thread 0x000000001b6ab000 Uncommon trap: reason=class_check action=maybe_recompile pc=0x00000000046b6fc4 method=com.android.sched.scheduler.MultiWorkersScheduleInstance$Worker.run()V @ 125

Internal exceptions (10 events):
Event: 304.085 Thread 0x000000001b6aa800 Exception <a 'java/lang/ArrayIndexOutOfBoundsException'> (0x00000000e1e80ca8) thrown at [C:\re\workspace\8-2-build-windows-amd64-cygwin\jdk8u131\8869\hotspot\src\share\vm\runtime\sharedRuntime.cpp, line 605]
Event: 304.088 Thread 0x000000001b6aa800 Exception <a 'java/lang/ArrayIndexOutOfBoundsException'> (0x00000000e1e84b98) thrown at [C:\re\workspace\8-2-build-windows-amd64-cygwin\jdk8u131\8869\hotspot\src\share\vm\runtime\sharedRuntime.cpp, line 605]
Event: 304.091 Thread 0x000000001b6aa800 Exception <a 'java/lang/ArrayIndexOutOfBoundsException'> (0x00000000e1e8a620) thrown at [C:\re\workspace\8-2-build-windows-amd64-cygwin\jdk8u131\8869\hotspot\src\share\vm\runtime\sharedRuntime.cpp, line 605]
Event: 304.122 Thread 0x000000001b6aa800 Exception <a 'java/lang/ArrayIndexOutOfBoundsException'> (0x00000000e1f7b2a8) thrown at [C:\re\workspace\8-2-build-windows-amd64-cygwin\jdk8u131\8869\hotspot\src\share\vm\runtime\sharedRuntime.cpp, line 605]
Event: 304.124 Thread 0x000000001b6aa800 Exception <a 'java/lang/ArrayIndexOutOfBoundsException'> (0x00000000e1f8d758) thrown at [C:\re\workspace\8-2-build-windows-amd64-cygwin\jdk8u131\8869\hotspot\src\share\vm\runtime\sharedRuntime.cpp, line 605]
Event: 304.127 Thread 0x000000001b6aa800 Exception <a 'java/lang/ArrayIndexOutOfBoundsException'> (0x00000000e1f90080) thrown at [C:\re\workspace\8-2-build-windows-amd64-cygwin\jdk8u131\8869\hotspot\src\share\vm\runtime\sharedRuntime.cpp, line 605]
Event: 310.961 Thread 0x000000001b6aa800 Implicit null exception at 0x0000000003b29f1d to 0x0000000003b2a045
Event: 314.377 Thread 0x000000001b6b4000 Implicit null exception at 0x0000000004e18d45 to 0x0000000004e19541
Event: 316.771 Thread 0x000000001b6b4000 Implicit null exception at 0x0000000004f1080b to 0x0000000004f11dd9
Event: 336.231 Thread 0x000000001b6b3800 Exception <a 'java/lang/OutOfMemoryError'> (0x00000000ea71ec90) thrown at [C:\re\workspace\8-2-build-windows-amd64-cygwin\jdk8u131\8869\hotspot\src\share\vm\prims\jni.cpp, line 735]

Events (10 events):
Event: 336.234 Thread 0x000000001b6b5800 DEOPT UNPACKING pc=0x0000000002a3582a sp=0x000000002554f2f0 mode 2
Event: 336.234 Thread 0x000000001b6b4000 Uncommon trap: trap_request=0xffffffde fr.pc=0x00000000049b0018
Event: 336.234 Thread 0x000000001b6b5800 Thread exited: 0x000000001b6b5800
Event: 336.234 Thread 0x000000001b6b4000 DEOPT PACKING pc=0x00000000049b0018 sp=0x000000002b98ed00
Event: 336.234 Thread 0x000000001b6b4000 DEOPT UNPACKING pc=0x0000000002a3582a sp=0x000000002b98ece0 mode 2
Event: 336.234 Thread 0x000000001b6ab000 Uncommon trap: trap_request=0xffffffde fr.pc=0x00000000046b6fc4
Event: 336.234 Thread 0x000000001b6b4000 Thread exited: 0x000000001b6b4000
Event: 336.234 Thread 0x000000001b6ab000 DEOPT PACKING pc=0x00000000046b6fc4 sp=0x000000002534f3f0
Event: 336.234 Thread 0x000000001b6ab000 DEOPT UNPACKING pc=0x0000000002a3582a sp=0x000000002534f400 mode 2
Event: 336.234 Thread 0x000000001b6ab000 Thread exited: 0x000000001b6ab000


Dynamic libraries:
0x00007ff6f8dd0000 - 0x00007ff6f8e07000 	D:\Program Files\Java\jdk1.8.0_131\bin\java.exe
0x00007ffc4a940000 - 0x00007ffc4ab30000 	C:\WINDOWS\SYSTEM32\ntdll.dll
0x00007ffc4a410000 - 0x00007ffc4a4c2000 	C:\WINDOWS\System32\KERNEL32.DLL
0x00007ffc47b20000 - 0x00007ffc47dc3000 	C:\WINDOWS\System32\KERNELBASE.dll
0x00007ffc49000000 - 0x00007ffc490a3000 	C:\WINDOWS\System32\ADVAPI32.dll
0x00007ffc49f10000 - 0x00007ffc49fae000 	C:\WINDOWS\System32\msvcrt.dll
0x00007ffc4a0c0000 - 0x00007ffc4a157000 	C:\WINDOWS\System32\sechost.dll
0x00007ffc49d70000 - 0x00007ffc49e90000 	C:\WINDOWS\System32\RPCRT4.dll
0x00007ffc48a90000 - 0x00007ffc48c24000 	C:\WINDOWS\System32\USER32.dll
0x00007ffc47f20000 - 0x00007ffc47f41000 	C:\WINDOWS\System32\win32u.dll
0x00007ffc4a8d0000 - 0x00007ffc4a8f6000 	C:\WINDOWS\System32\GDI32.dll
0x00007ffc48000000 - 0x00007ffc48194000 	C:\WINDOWS\System32\gdi32full.dll
0x00007ffc47a80000 - 0x00007ffc47b1e000 	C:\WINDOWS\System32\msvcp_win.dll
0x00007ffc47950000 - 0x00007ffc47a4a000 	C:\WINDOWS\System32\ucrtbase.dll
0x00007ffc3f800000 - 0x00007ffc3fa85000 	C:\WINDOWS\WinSxS\amd64_microsoft.windows.common-controls_6595b64144ccf1df_6.0.18362.778_none_e6c6b761130d4fb8\COMCTL32.dll
0x00007ffc48c30000 - 0x00007ffc48f66000 	C:\WINDOWS\System32\combase.dll
0x00007ffc481a0000 - 0x00007ffc48220000 	C:\WINDOWS\System32\bcryptPrimitives.dll
0x00007ffc49fb0000 - 0x00007ffc49fde000 	C:\WINDOWS\System32\IMM32.DLL
0x0000000071020000 - 0x00000000710f2000 	D:\Program Files\Java\jdk1.8.0_131\jre\bin\msvcr100.dll
0x0000000070780000 - 0x000000007101c000 	D:\Program Files\Java\jdk1.8.0_131\jre\bin\server\jvm.dll
0x00007ffc4a2b0000 - 0x00007ffc4a2b8000 	C:\WINDOWS\System32\PSAPI.DLL
0x00007ffc45250000 - 0x00007ffc45274000 	C:\WINDOWS\SYSTEM32\WINMM.dll
0x00007ffc38b00000 - 0x00007ffc38b09000 	C:\WINDOWS\SYSTEM32\WSOCK32.dll
0x00007ffc3f680000 - 0x00007ffc3f68a000 	C:\WINDOWS\SYSTEM32\VERSION.dll
0x00007ffc4a3a0000 - 0x00007ffc4a40f000 	C:\WINDOWS\System32\WS2_32.dll
0x00007ffc45220000 - 0x00007ffc4524d000 	C:\WINDOWS\SYSTEM32\WINMMBASE.dll
0x00007ffc47900000 - 0x00007ffc4794a000 	C:\WINDOWS\System32\cfgmgr32.dll
0x0000000070770000 - 0x000000007077f000 	D:\Program Files\Java\jdk1.8.0_131\jre\bin\verify.dll
0x0000000070740000 - 0x0000000070769000 	D:\Program Files\Java\jdk1.8.0_131\jre\bin\java.dll
0x0000000070720000 - 0x0000000070736000 	D:\Program Files\Java\jdk1.8.0_131\jre\bin\zip.dll
0x00007ffc49520000 - 0x00007ffc49c05000 	C:\WINDOWS\System32\SHELL32.dll
0x00007ffc4a4d0000 - 0x00007ffc4a579000 	C:\WINDOWS\System32\shcore.dll
0x00007ffc48220000 - 0x00007ffc489a0000 	C:\WINDOWS\System32\windows.storage.dll
0x00007ffc47850000 - 0x00007ffc47873000 	C:\WINDOWS\System32\profapi.dll
0x00007ffc47800000 - 0x00007ffc4784a000 	C:\WINDOWS\System32\powrprof.dll
0x00007ffc477d0000 - 0x00007ffc477e0000 	C:\WINDOWS\System32\UMPDC.dll
0x00007ffc4a5e0000 - 0x00007ffc4a632000 	C:\WINDOWS\System32\shlwapi.dll
0x00007ffc477e0000 - 0x00007ffc477f1000 	C:\WINDOWS\System32\kernel.appcore.dll
0x00007ffc489a0000 - 0x00007ffc489b7000 	C:\WINDOWS\System32\cryptsp.dll
0x0000000070700000 - 0x000000007071a000 	D:\Program Files\Java\jdk1.8.0_131\jre\bin\net.dll
0x00007ffc46fb0000 - 0x00007ffc47017000 	C:\WINDOWS\system32\mswsock.dll
0x00000000706e0000 - 0x00000000706f1000 	D:\Program Files\Java\jdk1.8.0_131\jre\bin\nio.dll
0x00007ffc3ed90000 - 0x00007ffc3eda2000 	C:\Users\86176\.gradle\native\19\windows-amd64\native-platform.dll
0x00007ffc46b20000 - 0x00007ffc46b53000 	C:\WINDOWS\system32\rsaenh.dll
0x00007ffc47a50000 - 0x00007ffc47a76000 	C:\WINDOWS\System32\bcrypt.dll
0x00007ffc476f0000 - 0x00007ffc47715000 	C:\WINDOWS\SYSTEM32\USERENV.dll
0x00007ffc47180000 - 0x00007ffc4718c000 	C:\WINDOWS\SYSTEM32\CRYPTBASE.dll
0x00007ffc46cc0000 - 0x00007ffc46cfa000 	C:\WINDOWS\SYSTEM32\IPHLPAPI.DLL
0x00007ffc4a8c0000 - 0x00007ffc4a8c8000 	C:\WINDOWS\System32\NSI.dll
0x00007ffc45c50000 - 0x00007ffc45c66000 	C:\WINDOWS\SYSTEM32\dhcpcsvc6.DLL
0x00007ffc45820000 - 0x00007ffc4583c000 	C:\WINDOWS\SYSTEM32\dhcpcsvc.DLL
0x00007ffc46d00000 - 0x00007ffc46dca000 	C:\WINDOWS\SYSTEM32\DNSAPI.dll
0x00000000706d0000 - 0x00000000706dd000 	D:\Program Files\Java\jdk1.8.0_131\jre\bin\management.dll
0x00000000706a0000 - 0x00000000706c4000 	D:\Program Files\Java\jdk1.8.0_131\jre\bin\sunec.dll
0x0000000070690000 - 0x000000007069b000 	D:\Program Files\Java\jdk1.8.0_131\jre\bin\sunmscapi.dll
0x00007ffc47dd0000 - 0x00007ffc47f19000 	C:\WINDOWS\System32\CRYPT32.dll
0x00007ffc47880000 - 0x00007ffc47892000 	C:\WINDOWS\System32\MSASN1.dll

VM Arguments:
jvm_args: -Xmx1536m -Dfile.encoding=GBK -Duser.country=CN -Duser.language=zh -Duser.variant 
java_command: org.gradle.launcher.daemon.bootstrap.GradleDaemon 2.14.1
java_class_path (initial): C:\Users\86176\.gradle\wrapper\dists\gradle-2.14.1-all\8bnwg5hd3w55iofp58khbp6yv\gradle-2.14.1\lib\gradle-launcher-2.14.1.jar
Launcher Type: SUN_STANDARD

Environment Variables:
JAVA_HOME=D:\Program Files\Java\jdk1.8.0_131
CLASSPATH=.;D:\Program Files\Java\jdk1.8.0_131\lib\dt.jar;D:\Program Files\Java\jdk1.8.0_131\lib\tools.jar;D:\Tomcat\apache-tomcat-8.5.50\bin\tomcat-juli.jar; 
PATH="D:\Program Files\Java\jdk1.8.0_131\bin;D:\Program Files\Java\jdk1.8.0_131\jre\bin;";C:\ProgramData\Oracle\Java\javapath;"D:\Program Files\Java\jdk1.8.0_131\bin;D:\Program Files\Java\jdk1.8.0_131\jre\bin;";D:\sdk\platform-tools;D:\Python\Scripts;D:\Matlab R2018b\runtime\win64;D:\Matlab R2018b\bin;C:\Program Files (x86)\Windows Kits\10\Windows Performance Toolkit\;"D:\Program Files\Java\jdk1.8.0_131\bin;D:\Program Files\Java\jdk1.8.0_131\jre\bin;";D:\JDK\bin£»"D:\Program Files\Java\jdk1.8.0_131\bin;D:\Program Files\Java\jdk1.8.0_131\jre\bin;";C:\ProgramData\Oracle\Java\javapath;"D:\Program Files\Java\jdk1.8.0_131\bin;D:\Program Files\Java\jdk1.8.0_131\jre\bin;";D:\sdk\platform-tools;D:\Python\Scripts;D:\Matlab R2018b\runtime\win64;D:\Matlab R2018b\bin;C:\Program Files (x86)\Windows Kits\10\Windows Performance Toolkit\;"D:\Program Files\Java\jdk1.8.0_131\bin;D:\Program Files\Java\jdk1.8.0_131\jre\bin;";D:\JDK\bin£»"D:\Program Files\Java\jdk1.8.0_131\bin;D:\Program Files\Java\jdk1.8.0_131\jre\bin;";C:\ProgramData\Oracle\Java\javapath;"D:\Program Files\Java\jdk1.8.0_131\bin;D:\Program Files\Java\jdk1.8.0_131\jre\bin;";D:\sdk\platform-tools;D:\Python\Scripts;D:\Matlab R2018b\runtime\win64;D:\Matlab R2018b\bin;C:\Program Files (x86)\Windows Kits\10\Windows Performance Toolkit\;"D:\Program Files\Java\jdk1.8.0_131\bin;D:\Program Files\Java\jdk1.8.0_131\jre\bin;";D:\JDK\bin£»C:\WINDOWS\System32;;D:\Git\cmd;C:\Program Files\Common Files\Autodesk Shared\;C:\WINDOWS\system32;C:\WINDOWS;C:\WINDOWS\system32\wbem;;D:\Git\cmd;C:\Program Files\Common Files\Autodesk Shared\;C:\WINDOWS\system32;C:\WINDOWS;C:\WINDOWS\system32\wbem;;D:\Git\cmd;C:\Program Files\Common Files\Autodesk Shared\;C:\WINDOWS\system32;C:\WINDOWS;C:\WINDOWS\system32\wbem;D:\Program Files\Java\jdk1.8.0_131\bin;D:\Program Files\Java\jdk1.8.0_131\jre\bin;D:\Program Files\Java\jdk1.8.0_131\bin;D:\Program Files\Java\jdk1.8.0_131\jre\bin;D:\Tomcat\apache-maven-3.6.3\bin;
USERNAME=ljy
OS=Windows_NT
PROCESSOR_IDENTIFIER=Intel64 Family 6 Model 142 Stepping 9, GenuineIntel



---------------  S Y S T E M  ---------------

OS: Windows 10.0 , 64 bit Build 18362 (10.0.18362.778)

CPU:total 4 (initial active 4) (2 cores per cpu, 2 threads per core) family 6 model 142 stepping 9, cmov, cx8, fxsr, mmx, sse, sse2, sse3, ssse3, sse4.1, sse4.2, popcnt, avx, avx2, aes, clmul, erms, 3dnowpref, lzcnt, ht, tsc, tscinvbit, bmi1, bmi2, adx

Memory: 4k page, physical 8271292k(918856k free), swap 8271292k(5152k free)

vm_info: Java HotSpot(TM) 64-Bit Server VM (25.131-b11) for windows-amd64 JRE (1.8.0_131-b11), built on Mar 15 2017 01:23:53 by "java_re" with MS VC++ 10.0 (VS2010)

time: Sun Jun 07 21:19:32 2020
elapsed time: 336 seconds (0d 0h 5m 36s)

