#
# There is insufficient memory for the Java Runtime Environment to continue.
# Native memory allocation (malloc) failed to allocate 388096 bytes for Chunk::new
# Possible reasons:
#   The system is out of physical RAM or swap space
#   In 32 bit mode, the process size limit was hit
# Possible solutions:
#   Reduce memory load on the system
#   Increase physical memory or swap space
#   Check if swap backing store is full
#   Use 64 bit Java on a 64 bit OS
#   Decrease Java heap size (-Xmx/-Xms)
#   Decrease number of Java threads
#   Decrease Java thread stack sizes (-Xss)
#   Set larger code cache with -XX:ReservedCodeCacheSize=
# This output file may be truncated or incomplete.
#
#  Out of Memory Error (allocation.cpp:390), pid=11072, tid=0x000000000000316c
#
# JRE version: Java(TM) SE Runtime Environment (8.0_131-b11) (build 1.8.0_131-b11)
# Java VM: Java HotSpot(TM) 64-Bit Server VM (25.131-b11 mixed mode windows-amd64 compressed oops)
# Failed to write core dump. Minidumps are not enabled by default on client versions of Windows
#

---------------  T H R E A D  ---------------

Current thread (0x0000000017d39000):  JavaThread "C2 CompilerThread0" daemon [_thread_in_native, id=12652, stack(0x0000000018330000,0x0000000018430000)]

Stack: [0x0000000018330000,0x0000000018430000]
[error occurred during error reporting (printing stack bounds), id 0xc0000005]

Native frames: (J=compiled Java code, j=interpreted, Vv=VM code, C=native code)


Current CompileTask:
C2:  80991 14999       4       com.android.jack.dx.dex.code.OutputFinisher::massageInstructions (89 bytes)


---------------  P R O C E S S  ---------------

Java Threads: ( => current thread )
  0x0000000026a30000 JavaThread "config-0-worker-3" daemon [_thread_in_native, id=10244, stack(0x000000002a680000,0x000000002a880000)]
  0x0000000017f08000 JavaThread "config-0-worker-2" daemon [_thread_in_Java, id=2836, stack(0x0000000026540000,0x0000000026740000)]
  0x0000000017f07000 JavaThread "config-0-worker-1" daemon [_thread_blocked, id=1304, stack(0x00000000220c0000,0x00000000222c0000)]
  0x0000000017f05800 JavaThread "config-0-worker-0" daemon [_thread_in_native, id=9984, stack(0x0000000021ec0000,0x00000000220c0000)]
  0x0000000017f02800 JavaThread "Jack reporter" [_thread_blocked, id=9052, stack(0x00000000218c0000,0x00000000219c0000)]
  0x0000000017f05000 JavaThread "Stdin handler" [_thread_blocked, id=14972, stack(0x000000001ac50000,0x000000001ad50000)]
  0x0000000017f04000 JavaThread "Asynchronous log dispatcher for org.gradle.launcher.daemon.server.DefaultDaemonConnection@254e99fe" [_thread_blocked, id=12620, stack(0x000000001ab50000,0x000000001ac50000)]
  0x0000000017f02000 JavaThread "Cancel handler" [_thread_blocked, id=14440, stack(0x000000001a950000,0x000000001aa50000)]
  0x0000000017f03800 JavaThread "Handler for socket connection from /127.0.0.1:49624 to /127.0.0.1:49707" [_thread_in_native, id=11896, stack(0x000000001a650000,0x000000001a750000)]
  0x0000000017f06800 JavaThread "File lock request listener" [_thread_in_native, id=2932, stack(0x000000001c120000,0x000000001c220000)]
  0x00000000189d6000 JavaThread "Daemon worker" [_thread_blocked, id=7308, stack(0x000000001aa50000,0x000000001ab50000)]
  0x0000000017f3b000 JavaThread "Daemon" [_thread_blocked, id=7920, stack(0x000000001a550000,0x000000001a650000)]
  0x000000001955c000 JavaThread "Incoming local TCP Connector on port 49624" [_thread_in_native, id=14896, stack(0x000000001a3a0000,0x000000001a4a0000)]
  0x000000001957f000 JavaThread "pool-1-thread-1" [_thread_blocked, id=10992, stack(0x000000001a0a0000,0x000000001a1a0000)]
  0x0000000017dbf800 JavaThread "Service Thread" daemon [_thread_blocked, id=12352, stack(0x0000000018630000,0x0000000018730000)]
  0x0000000017d4c800 JavaThread "C1 CompilerThread2" daemon [_thread_blocked, id=8936, stack(0x0000000018530000,0x0000000018630000)]
  0x0000000017d44800 JavaThread "C2 CompilerThread1" daemon [_thread_in_native, id=10204, stack(0x0000000018430000,0x0000000018530000)]
=>0x0000000017d39000 JavaThread "C2 CompilerThread0" daemon [_thread_in_native, id=12652, stack(0x0000000018330000,0x0000000018430000)]
  0x0000000017d38800 JavaThread "Attach Listener" daemon [_thread_blocked, id=2484, stack(0x0000000018230000,0x0000000018330000)]
  0x0000000016979800 JavaThread "Signal Dispatcher" daemon [_thread_blocked, id=7992, stack(0x0000000018130000,0x0000000018230000)]
  0x000000001696a800 JavaThread "Finalizer" daemon [_thread_blocked, id=12568, stack(0x0000000017bd0000,0x0000000017cd0000)]
  0x0000000003002000 JavaThread "Reference Handler" daemon [_thread_blocked, id=2216, stack(0x0000000017ad0000,0x0000000017bd0000)]
  0x0000000002aae800 JavaThread "main" [_thread_blocked, id=2776, stack(0x0000000002ab0000,0x0000000002bb0000)]

Other Threads:
  0x0000000016947000 VMThread [stack: 0x00000000179d0000,0x0000000017ad0000] [id=13660]
  0x0000000017e17000 WatcherThread [stack: 0x0000000018730000,0x0000000018830000] [id=11452]

VM state:not at safepoint (normal execution)

VM Mutex/Monitor currently owned by a thread: None

Heap:
 PSYoungGen      total 387072K, used 340076K [0x00000000e0000000, 0x0000000100000000, 0x0000000100000000)
  eden space 249856K, 81% used [0x00000000e0000000,0x00000000ec61c0e8,0x00000000ef400000)
  from space 137216K, 99% used [0x00000000ef400000,0x00000000f79ff158,0x00000000f7a00000)
  to   space 137216K, 0% used [0x00000000f7a00000,0x00000000f7a00000,0x0000000100000000)
 ParOldGen       total 399872K, used 284683K [0x00000000a0000000, 0x00000000b8680000, 0x00000000e0000000)
  object space 399872K, 71% used [0x00000000a0000000,0x00000000b1602d28,0x00000000b8680000)
 Metaspace       used 69070K, capacity 71642K, committed 72064K, reserved 1112064K
  class space    used 9449K, capacity 10052K, committed 10112K, reserved 1048576K

Card table byte_map: [0x00000000123d0000,0x00000000126e0000] byte_map_base: 0x0000000011ed0000

Marking Bits: (ParMarkBitMap*) 0x0000000059e0c720
 Begin Bits: [0x0000000012ce0000, 0x00000000144e0000)
 End Bits:   [0x00000000144e0000, 0x0000000015ce0000)

Polling page: 0x0000000002a50000

CodeCache: size=245760Kb used=43591Kb max_used=43611Kb free=202168Kb
 bounds [0x0000000003010000, 0x0000000005ae0000, 0x0000000012010000]
 total_blobs=12872 nmethods=12119 adapters=662
 compilation: enabled

Compilation events (10 events):
Event: 80.939 Thread 0x0000000017d4c800 15036       3       com.android.jack.dx.dex.file.MixedItemSection::writeTo0 (156 bytes)
Event: 80.941 Thread 0x0000000017d4c800 nmethod 15036 0x0000000005ace9d0 code [0x0000000005acec20, 0x0000000005acfc38]
Event: 80.944 Thread 0x0000000017d44800 nmethod 15016 0x0000000005ad0390 code [0x0000000005ad0760, 0x0000000005ad47b0]
Event: 80.945 Thread 0x0000000017d44800 15027       4       com.android.jack.dx.dex.code.LocalList::make (102 bytes)
Event: 80.945 Thread 0x0000000017d4c800 15037       1       com.android.jack.dx.rop.cst.CstLiteral64::getIntBits (6 bytes)
Event: 80.945 Thread 0x0000000017d4c800 nmethod 15037 0x0000000005aac090 code [0x0000000005aac1e0, 0x0000000005aac2f0]
Event: 80.981 Thread 0x0000000017d4c800 15040       2       com.android.jack.dx.dex.code.LocalStart::withMapper (20 bytes)
Event: 80.982 Thread 0x0000000017d4c800 nmethod 15040 0x0000000005ace390 code [0x0000000005ace520, 0x0000000005ace828]
Event: 80.987 Thread 0x0000000017d4c800 15041   !   2       com.android.jack.dx.dex.file.DexFile::calcSignature (98 bytes)
Event: 80.988 Thread 0x0000000017d4c800 nmethod 15041 0x0000000005acd610 code [0x0000000005acd800, 0x0000000005acde38]

GC Heap History (10 events):
Event: 75.592 GC heap before
{Heap before GC invocations=31 (full 5):
 PSYoungGen      total 439296K, used 362954K [0x00000000e0000000, 0x0000000100000000, 0x0000000100000000)
  eden space 354304K, 100% used [0x00000000e0000000,0x00000000f5a00000,0x00000000f5a00000)
  from space 84992K, 10% used [0x00000000f5a00000,0x00000000f6272850,0x00000000fad00000)
  to   space 84992K, 0% used [0x00000000fad00000,0x00000000fad00000,0x0000000100000000)
 ParOldGen       total 399872K, used 239968K [0x00000000a0000000, 0x00000000b8680000, 0x00000000e0000000)
  object space 399872K, 60% used [0x00000000a0000000,0x00000000aea58010,0x00000000b8680000)
 Metaspace       used 67408K, capacity 70010K, committed 70400K, reserved 1110016K
  class space    used 9350K, capacity 9956K, committed 9984K, reserved 1048576K
Event: 75.747 GC heap after
Heap after GC invocations=31 (full 5):
 PSYoungGen      total 332800K, used 84992K [0x00000000e0000000, 0x0000000100000000, 0x0000000100000000)
  eden space 247808K, 0% used [0x00000000e0000000,0x00000000e0000000,0x00000000ef200000)
  from space 84992K, 100% used [0x00000000fad00000,0x0000000100000000,0x0000000100000000)
  to   space 138240K, 0% used [0x00000000ef200000,0x00000000ef200000,0x00000000f7900000)
 ParOldGen       total 399872K, used 253076K [0x00000000a0000000, 0x00000000b8680000, 0x00000000e0000000)
  object space 399872K, 63% used [0x00000000a0000000,0x00000000af725368,0x00000000b8680000)
 Metaspace       used 67408K, capacity 70010K, committed 70400K, reserved 1110016K
  class space    used 9350K, capacity 9956K, committed 9984K, reserved 1048576K
}
Event: 76.315 GC heap before
{Heap before GC invocations=32 (full 5):
 PSYoungGen      total 332800K, used 332800K [0x00000000e0000000, 0x0000000100000000, 0x0000000100000000)
  eden space 247808K, 100% used [0x00000000e0000000,0x00000000ef200000,0x00000000ef200000)
  from space 84992K, 100% used [0x00000000fad00000,0x0000000100000000,0x0000000100000000)
  to   space 138240K, 0% used [0x00000000ef200000,0x00000000ef200000,0x00000000f7900000)
 ParOldGen       total 399872K, used 253076K [0x00000000a0000000, 0x00000000b8680000, 0x00000000e0000000)
  object space 399872K, 63% used [0x00000000a0000000,0x00000000af725368,0x00000000b8680000)
 Metaspace       used 67432K, capacity 70010K, committed 70400K, reserved 1110016K
  class space    used 9353K, capacity 9956K, committed 9984K, reserved 1048576K
Event: 76.525 GC heap after
Heap after GC invocations=32 (full 5):
 PSYoungGen      total 386048K, used 64960K [0x00000000e0000000, 0x0000000100000000, 0x0000000100000000)
  eden space 247808K, 0% used [0x00000000e0000000,0x00000000e0000000,0x00000000ef200000)
  from space 138240K, 46% used [0x00000000ef200000,0x00000000f3170000,0x00000000f7900000)
  to   space 136192K, 0% used [0x00000000f7b00000,0x00000000f7b00000,0x0000000100000000)
 ParOldGen       total 399872K, used 338411K [0x00000000a0000000, 0x00000000b8680000, 0x00000000e0000000)
  object space 399872K, 84% used [0x00000000a0000000,0x00000000b4a7ad70,0x00000000b8680000)
 Metaspace       used 67432K, capacity 70010K, committed 70400K, reserved 1110016K
  class space    used 9353K, capacity 9956K, committed 9984K, reserved 1048576K
}
Event: 76.525 GC heap before
{Heap before GC invocations=33 (full 6):
 PSYoungGen      total 386048K, used 64960K [0x00000000e0000000, 0x0000000100000000, 0x0000000100000000)
  eden space 247808K, 0% used [0x00000000e0000000,0x00000000e0000000,0x00000000ef200000)
  from space 138240K, 46% used [0x00000000ef200000,0x00000000f3170000,0x00000000f7900000)
  to   space 136192K, 0% used [0x00000000f7b00000,0x00000000f7b00000,0x0000000100000000)
 ParOldGen       total 399872K, used 338411K [0x00000000a0000000, 0x00000000b8680000, 0x00000000e0000000)
  object space 399872K, 84% used [0x00000000a0000000,0x00000000b4a7ad70,0x00000000b8680000)
 Metaspace       used 67432K, capacity 70010K, committed 70400K, reserved 1110016K
  class space    used 9353K, capacity 9956K, committed 9984K, reserved 1048576K
Event: 77.560 GC heap after
Heap after GC invocations=33 (full 6):
 PSYoungGen      total 386048K, used 0K [0x00000000e0000000, 0x0000000100000000, 0x0000000100000000)
  eden space 247808K, 0% used [0x00000000e0000000,0x00000000e0000000,0x00000000ef200000)
  from space 138240K, 0% used [0x00000000ef200000,0x00000000ef200000,0x00000000f7900000)
  to   space 136192K, 0% used [0x00000000f7b00000,0x00000000f7b00000,0x0000000100000000)
 ParOldGen       total 399872K, used 255612K [0x00000000a0000000, 0x00000000b8680000, 0x00000000e0000000)
  object space 399872K, 63% used [0x00000000a0000000,0x00000000af99f140,0x00000000b8680000)
 Metaspace       used 67432K, capacity 70010K, committed 70400K, reserved 1110016K
  class space    used 9353K, capacity 9956K, committed 9984K, reserved 1048576K
}
Event: 78.551 GC heap before
{Heap before GC invocations=34 (full 6):
 PSYoungGen      total 386048K, used 247808K [0x00000000e0000000, 0x0000000100000000, 0x0000000100000000)
  eden space 247808K, 100% used [0x00000000e0000000,0x00000000ef200000,0x00000000ef200000)
  from space 138240K, 0% used [0x00000000ef200000,0x00000000ef200000,0x00000000f7900000)
  to   space 136192K, 0% used [0x00000000f7b00000,0x00000000f7b00000,0x0000000100000000)
 ParOldGen       total 399872K, used 255612K [0x00000000a0000000, 0x00000000b8680000, 0x00000000e0000000)
  object space 399872K, 63% used [0x00000000a0000000,0x00000000af99f140,0x00000000b8680000)
 Metaspace       used 68347K, capacity 70970K, committed 71296K, reserved 1110016K
  class space    used 9416K, capacity 10020K, committed 10112K, reserved 1048576K
Event: 78.641 GC heap after
Heap after GC invocations=34 (full 6):
 PSYoungGen      total 386048K, used 73880K [0x00000000e0000000, 0x0000000100000000, 0x0000000100000000)
  eden space 249856K, 0% used [0x00000000e0000000,0x00000000e0000000,0x00000000ef400000)
  from space 136192K, 54% used [0x00000000f7b00000,0x00000000fc3261f0,0x0000000100000000)
  to   space 137216K, 0% used [0x00000000ef400000,0x00000000ef400000,0x00000000f7a00000)
 ParOldGen       total 399872K, used 255620K [0x00000000a0000000, 0x00000000b8680000, 0x00000000e0000000)
  object space 399872K, 63% used [0x00000000a0000000,0x00000000af9a1140,0x00000000b8680000)
 Metaspace       used 68347K, capacity 70970K, committed 71296K, reserved 1110016K
  class space    used 9416K, capacity 10020K, committed 10112K, reserved 1048576K
}
Event: 79.227 GC heap before
{Heap before GC invocations=35 (full 6):
 PSYoungGen      total 386048K, used 323736K [0x00000000e0000000, 0x0000000100000000, 0x0000000100000000)
  eden space 249856K, 100% used [0x00000000e0000000,0x00000000ef400000,0x00000000ef400000)
  from space 136192K, 54% used [0x00000000f7b00000,0x00000000fc3261f0,0x0000000100000000)
  to   space 137216K, 0% used [0x00000000ef400000,0x00000000ef400000,0x00000000f7a00000)
 ParOldGen       total 399872K, used 255620K [0x00000000a0000000, 0x00000000b8680000, 0x00000000e0000000)
  object space 399872K, 63% used [0x00000000a0000000,0x00000000af9a1140,0x00000000b8680000)
 Metaspace       used 68367K, capacity 70970K, committed 71296K, reserved 1110016K
  class space    used 9416K, capacity 10020K, committed 10112K, reserved 1048576K
Event: 79.457 GC heap after
Heap after GC invocations=35 (full 6):
 PSYoungGen      total 387072K, used 137212K [0x00000000e0000000, 0x0000000100000000, 0x0000000100000000)
  eden space 249856K, 0% used [0x00000000e0000000,0x00000000e0000000,0x00000000ef400000)
  from space 137216K, 99% used [0x00000000ef400000,0x00000000f79ff158,0x00000000f7a00000)
  to   space 137216K, 0% used [0x00000000f7a00000,0x00000000f7a00000,0x0000000100000000)
 ParOldGen       total 399872K, used 284683K [0x00000000a0000000, 0x00000000b8680000, 0x00000000e0000000)
  object space 399872K, 71% used [0x00000000a0000000,0x00000000b1602d28,0x00000000b8680000)
 Metaspace       used 68367K, capacity 70970K, committed 71296K, reserved 1110016K
  class space    used 9416K, capacity 10020K, committed 10112K, reserved 1048576K
}

Deoptimization events (10 events):
Event: 79.827 Thread 0x0000000017f07000 Uncommon trap: reason=unstable_if action=reinterpret pc=0x00000000054608d0 method=com.android.jack.dx.util.IntList.add(I)V @ 29
Event: 79.827 Thread 0x0000000017f07000 Uncommon trap: reason=unstable_if action=reinterpret pc=0x000000000577f684 method=com.android.jack.dx.rop.code.RegisterSpecSet.equals(Ljava/lang/Object;)Z @ 30
Event: 80.143 Thread 0x0000000026a30000 Uncommon trap: reason=unstable_if action=reinterpret pc=0x0000000005908824 method=com.android.jack.dx.rop.cst.CstString.stringToUtf8BytesCount(Ljava/lang/String;)I @ 31
Event: 80.149 Thread 0x0000000026a30000 Uncommon trap: reason=unstable_if action=reinterpret pc=0x0000000005920544 method=com.android.jack.dx.rop.cst.CstString.stringToUtf8Bytes(Ljava/lang/String;I)[B @ 39
Event: 80.316 Thread 0x0000000017f08000 Uncommon trap: reason=array_check action=maybe_recompile pc=0x00000000033f3258 method=java.util.ComparableTimSort.binarySort([Ljava/lang/Object;III)V @ 193
Event: 80.489 Thread 0x0000000017f07000 Uncommon trap: reason=array_check action=maybe_recompile pc=0x00000000033f3258 method=java.util.ComparableTimSort.binarySort([Ljava/lang/Object;III)V @ 193
Event: 80.569 Thread 0x0000000017f08000 Uncommon trap: reason=unstable_if action=reinterpret pc=0x0000000005a06764 method=com.android.jack.dx.dex.code.LocalList$MakeState.startLocal(ILcom/android/jack/dx/rop/code/RegisterSpec;)V @ 32
Event: 80.590 Thread 0x0000000017f05800 Uncommon trap: reason=array_check action=maybe_recompile pc=0x00000000033f3258 method=java.util.ComparableTimSort.binarySort([Ljava/lang/Object;III)V @ 193
Event: 80.591 Thread 0x0000000017f05800 Uncommon trap: reason=array_check action=maybe_recompile pc=0x00000000033f3258 method=java.util.ComparableTimSort.binarySort([Ljava/lang/Object;III)V @ 193
Event: 80.699 Thread 0x0000000017f05800 Uncommon trap: reason=unstable_if action=reinterpret pc=0x0000000005a794e4 method=com.android.jack.dx.rop.code.RegisterSpecList$Expander.getResult()Lcom/android/jack/dx/rop/code/RegisterSpecList; @ 7

Internal exceptions (10 events):
Event: 57.480 Thread 0x00000000189d6000 Exception <a 'sun/nio/fs/WindowsException'> (0x00000000e6f89688) thrown at [C:\re\workspace\8-2-build-windows-amd64-cygwin\jdk8u131\8869\hotspot\src\share\vm\prims\jni.cpp, line 709]
Event: 57.480 Thread 0x00000000189d6000 Exception <a 'sun/nio/fs/WindowsException'> (0x00000000e6f8a190) thrown at [C:\re\workspace\8-2-build-windows-amd64-cygwin\jdk8u131\8869\hotspot\src\share\vm\prims\jni.cpp, line 709]
Event: 57.480 Thread 0x00000000189d6000 Exception <a 'sun/nio/fs/WindowsException'> (0x00000000e6f8bce0) thrown at [C:\re\workspace\8-2-build-windows-amd64-cygwin\jdk8u131\8869\hotspot\src\share\vm\prims\jni.cpp, line 709]
Event: 57.480 Thread 0x00000000189d6000 Exception <a 'sun/nio/fs/WindowsException'> (0x00000000e6f8c820) thrown at [C:\re\workspace\8-2-build-windows-amd64-cygwin\jdk8u131\8869\hotspot\src\share\vm\prims\jni.cpp, line 709]
Event: 63.108 Thread 0x00000000189d6000 Implicit null exception at 0x0000000005047abe to 0x000000000504ed3d
Event: 65.923 Thread 0x00000000189d6000 Implicit null exception at 0x00000000040c72dd to 0x00000000040c7405
Event: 67.122 Thread 0x0000000026a30000 Implicit null exception at 0x0000000004dab177 to 0x0000000004dadb31
Event: 67.725 Thread 0x0000000017f07000 Implicit null exception at 0x0000000004cd9c1f to 0x0000000004cdeec5
Event: 72.855 Thread 0x0000000026a30000 Implicit null exception at 0x00000000054e9232 to 0x00000000054e99a5
Event: 78.888 Thread 0x0000000026a30000 Implicit null exception at 0x000000000541888d to 0x0000000005418b2d

Events (10 events):
Event: 80.904 Thread 0x0000000017f07000 DEOPT PACKING pc=0x0000000005a56e63 sp=0x00000000222be6f0
Event: 80.904 Thread 0x0000000017f07000 DEOPT UNPACKING pc=0x000000000305787f sp=0x00000000222be450 mode 0
Event: 80.924 Thread 0x0000000017f07000 DEOPT PACKING pc=0x00000000058f17a7 sp=0x00000000222be400
Event: 80.924 Thread 0x0000000017f07000 DEOPT UNPACKING pc=0x000000000305787f sp=0x00000000222be1d8 mode 0
Event: 80.927 Thread 0x0000000017f07000 DEOPT PACKING pc=0x0000000005a56e63 sp=0x00000000222be5d0
Event: 80.927 Thread 0x0000000017f07000 DEOPT UNPACKING pc=0x000000000305787f sp=0x00000000222be330 mode 0
Event: 80.961 Thread 0x0000000026a30000 DEOPT PACKING pc=0x0000000005a56e63 sp=0x000000002a87e750
Event: 80.961 Thread 0x0000000026a30000 DEOPT UNPACKING pc=0x000000000305787f sp=0x000000002a87e4b0 mode 0
Event: 80.981 Thread 0x0000000017f07000 DEOPT PACKING pc=0x0000000005a56e63 sp=0x00000000222be6f0
Event: 80.981 Thread 0x0000000017f07000 DEOPT UNPACKING pc=0x000000000305787f sp=0x00000000222be450 mode 0


Dynamic libraries:
0x00007ff6a3d50000 - 0x00007ff6a3d87000 	D:\Program Files\Java\jdk1.8.0_131\bin\java.exe
0x00007ffc5c160000 - 0x00007ffc5c350000 	C:\WINDOWS\SYSTEM32\ntdll.dll
0x00007ffc5aed0000 - 0x00007ffc5af82000 	C:\WINDOWS\System32\KERNEL32.DLL
0x00007ffc59f30000 - 0x00007ffc5a1d3000 	C:\WINDOWS\System32\KERNELBASE.dll
0x00007ffc5a8c0000 - 0x00007ffc5a963000 	C:\WINDOWS\System32\ADVAPI32.dll
0x00007ffc5a970000 - 0x00007ffc5aa0e000 	C:\WINDOWS\System32\msvcrt.dll
0x00007ffc5a820000 - 0x00007ffc5a8b7000 	C:\WINDOWS\System32\sechost.dll
0x00007ffc5aa10000 - 0x00007ffc5ab30000 	C:\WINDOWS\System32\RPCRT4.dll
0x00007ffc5bc20000 - 0x00007ffc5bdb4000 	C:\WINDOWS\System32\USER32.dll
0x00007ffc59f00000 - 0x00007ffc59f21000 	C:\WINDOWS\System32\win32u.dll
0x00007ffc5a1e0000 - 0x00007ffc5a206000 	C:\WINDOWS\System32\GDI32.dll
0x00007ffc595e0000 - 0x00007ffc59774000 	C:\WINDOWS\System32\gdi32full.dll
0x00007ffc59120000 - 0x00007ffc591be000 	C:\WINDOWS\System32\msvcp_win.dll
0x00007ffc593b0000 - 0x00007ffc594aa000 	C:\WINDOWS\System32\ucrtbase.dll
0x00007ffc4b280000 - 0x00007ffc4b505000 	C:\WINDOWS\WinSxS\amd64_microsoft.windows.common-controls_6595b64144ccf1df_6.0.18362.778_none_e6c6b761130d4fb8\COMCTL32.dll
0x00007ffc5b7f0000 - 0x00007ffc5bb26000 	C:\WINDOWS\System32\combase.dll
0x00007ffc59330000 - 0x00007ffc593b0000 	C:\WINDOWS\System32\bcryptPrimitives.dll
0x00007ffc5ab30000 - 0x00007ffc5ab5e000 	C:\WINDOWS\System32\IMM32.DLL
0x000000005aa40000 - 0x000000005ab12000 	D:\Program Files\Java\jdk1.8.0_131\jre\bin\msvcr100.dll
0x00000000595f0000 - 0x0000000059e8c000 	D:\Program Files\Java\jdk1.8.0_131\jre\bin\server\jvm.dll
0x00007ffc5b7e0000 - 0x00007ffc5b7e8000 	C:\WINDOWS\System32\PSAPI.DLL
0x00007ffc4f030000 - 0x00007ffc4f039000 	C:\WINDOWS\SYSTEM32\WSOCK32.dll
0x00007ffc5bb30000 - 0x00007ffc5bb9f000 	C:\WINDOWS\System32\WS2_32.dll
0x00007ffc569d0000 - 0x00007ffc569f4000 	C:\WINDOWS\SYSTEM32\WINMM.dll
0x00007ffc50e40000 - 0x00007ffc50e4a000 	C:\WINDOWS\SYSTEM32\VERSION.dll
0x00007ffc569a0000 - 0x00007ffc569cd000 	C:\WINDOWS\SYSTEM32\WINMMBASE.dll
0x00007ffc59560000 - 0x00007ffc595aa000 	C:\WINDOWS\System32\cfgmgr32.dll
0x000000005afb0000 - 0x000000005afbf000 	D:\Program Files\Java\jdk1.8.0_131\jre\bin\verify.dll
0x000000005af80000 - 0x000000005afa9000 	D:\Program Files\Java\jdk1.8.0_131\jre\bin\java.dll
0x000000005af60000 - 0x000000005af76000 	D:\Program Files\Java\jdk1.8.0_131\jre\bin\zip.dll
0x00007ffc5afc0000 - 0x00007ffc5b6a5000 	C:\WINDOWS\System32\SHELL32.dll
0x00007ffc5abf0000 - 0x00007ffc5ac99000 	C:\WINDOWS\System32\shcore.dll
0x00007ffc59780000 - 0x00007ffc59f00000 	C:\WINDOWS\System32\windows.storage.dll
0x00007ffc59000000 - 0x00007ffc59023000 	C:\WINDOWS\System32\profapi.dll
0x00007ffc59030000 - 0x00007ffc5907a000 	C:\WINDOWS\System32\powrprof.dll
0x00007ffc58ff0000 - 0x00007ffc59000000 	C:\WINDOWS\System32\UMPDC.dll
0x00007ffc5a7c0000 - 0x00007ffc5a812000 	C:\WINDOWS\System32\shlwapi.dll
0x00007ffc590a0000 - 0x00007ffc590b1000 	C:\WINDOWS\System32\kernel.appcore.dll
0x00007ffc591c0000 - 0x00007ffc591d7000 	C:\WINDOWS\System32\cryptsp.dll
0x000000005af40000 - 0x000000005af5a000 	D:\Program Files\Java\jdk1.8.0_131\jre\bin\net.dll
0x00007ffc587d0000 - 0x00007ffc58837000 	C:\WINDOWS\system32\mswsock.dll
0x000000005af20000 - 0x000000005af31000 	D:\Program Files\Java\jdk1.8.0_131\jre\bin\nio.dll
0x00007ffc51ff0000 - 0x00007ffc52002000 	C:\Users\86176\.gradle\native\19\windows-amd64\native-platform.dll
0x00007ffc58340000 - 0x00007ffc58373000 	C:\WINDOWS\system32\rsaenh.dll
0x00007ffc595b0000 - 0x00007ffc595d6000 	C:\WINDOWS\System32\bcrypt.dll
0x00007ffc58f10000 - 0x00007ffc58f35000 	C:\WINDOWS\SYSTEM32\USERENV.dll
0x00007ffc589a0000 - 0x00007ffc589ac000 	C:\WINDOWS\SYSTEM32\CRYPTBASE.dll
0x00007ffc584e0000 - 0x00007ffc5851a000 	C:\WINDOWS\SYSTEM32\IPHLPAPI.DLL
0x00007ffc5bba0000 - 0x00007ffc5bba8000 	C:\WINDOWS\System32\NSI.dll
0x00007ffc53110000 - 0x00007ffc53126000 	C:\WINDOWS\SYSTEM32\dhcpcsvc6.DLL
0x00007ffc530f0000 - 0x00007ffc5310c000 	C:\WINDOWS\SYSTEM32\dhcpcsvc.DLL
0x00007ffc58520000 - 0x00007ffc585ea000 	C:\WINDOWS\SYSTEM32\DNSAPI.dll
0x000000005af10000 - 0x000000005af1d000 	D:\Program Files\Java\jdk1.8.0_131\jre\bin\management.dll
0x000000005aa10000 - 0x000000005aa34000 	D:\Program Files\Java\jdk1.8.0_131\jre\bin\sunec.dll
0x000000005af00000 - 0x000000005af0b000 	D:\Program Files\Java\jdk1.8.0_131\jre\bin\sunmscapi.dll
0x00007ffc591e0000 - 0x00007ffc59329000 	C:\WINDOWS\System32\CRYPT32.dll
0x00007ffc59080000 - 0x00007ffc59092000 	C:\WINDOWS\System32\MSASN1.dll

VM Arguments:
jvm_args: -Xmx1536m -Dfile.encoding=GBK -Duser.country=CN -Duser.language=zh -Duser.variant 
java_command: org.gradle.launcher.daemon.bootstrap.GradleDaemon 2.14.1
java_class_path (initial): C:\Users\86176\.gradle\wrapper\dists\gradle-2.14.1-all\8bnwg5hd3w55iofp58khbp6yv\gradle-2.14.1\lib\gradle-launcher-2.14.1.jar
Launcher Type: SUN_STANDARD

Environment Variables:
JAVA_HOME=D:\Program Files\Java\jdk1.8.0_131
CLASSPATH=.;D:\Program Files\Java\jdk1.8.0_131\lib\dt.jar;D:\Program Files\Java\jdk1.8.0_131\lib\tools.jar;D:\Tomcat\apache-tomcat-8.5.50\bin\tomcat-juli.jar; 
PATH="D:\Program Files\Java\jdk1.8.0_131\bin;D:\Program Files\Java\jdk1.8.0_131\jre\bin;";C:\ProgramData\Oracle\Java\javapath;"D:\Program Files\Java\jdk1.8.0_131\bin;D:\Program Files\Java\jdk1.8.0_131\jre\bin;";D:\sdk\platform-tools;D:\Python\Scripts;D:\Matlab R2018b\runtime\win64;D:\Matlab R2018b\bin;C:\Program Files (x86)\Windows Kits\10\Windows Performance Toolkit\;"D:\Program Files\Java\jdk1.8.0_131\bin;D:\Program Files\Java\jdk1.8.0_131\jre\bin;";D:\JDK\bin£»"D:\Program Files\Java\jdk1.8.0_131\bin;D:\Program Files\Java\jdk1.8.0_131\jre\bin;";C:\ProgramData\Oracle\Java\javapath;"D:\Program Files\Java\jdk1.8.0_131\bin;D:\Program Files\Java\jdk1.8.0_131\jre\bin;";D:\sdk\platform-tools;D:\Python\Scripts;D:\Matlab R2018b\runtime\win64;D:\Matlab R2018b\bin;C:\Program Files (x86)\Windows Kits\10\Windows Performance Toolkit\;"D:\Program Files\Java\jdk1.8.0_131\bin;D:\Program Files\Java\jdk1.8.0_131\jre\bin;";D:\JDK\bin£»"D:\Program Files\Java\jdk1.8.0_131\bin;D:\Program Files\Java\jdk1.8.0_131\jre\bin;";C:\ProgramData\Oracle\Java\javapath;"D:\Program Files\Java\jdk1.8.0_131\bin;D:\Program Files\Java\jdk1.8.0_131\jre\bin;";D:\sdk\platform-tools;D:\Python\Scripts;D:\Matlab R2018b\runtime\win64;D:\Matlab R2018b\bin;C:\Program Files (x86)\Windows Kits\10\Windows Performance Toolkit\;"D:\Program Files\Java\jdk1.8.0_131\bin;D:\Program Files\Java\jdk1.8.0_131\jre\bin;";D:\JDK\bin£»C:\WINDOWS\System32;;D:\Git\cmd;C:\Program Files\Common Files\Autodesk Shared\;C:\WINDOWS\system32;C:\WINDOWS;C:\WINDOWS\system32\wbem;;D:\Git\cmd;C:\Program Files\Common Files\Autodesk Shared\;C:\WINDOWS\system32;C:\WINDOWS;C:\WINDOWS\system32\wbem;;D:\Git\cmd;C:\Program Files\Common Files\Autodesk Shared\;C:\WINDOWS\system32;C:\WINDOWS;C:\WINDOWS\system32\wbem;D:\Program Files\Java\jdk1.8.0_131\bin;D:\Program Files\Java\jdk1.8.0_131\jre\bin;D:\Program Files\Java\jdk1.8.0_131\bin;D:\Program Files\Java\jdk1.8.0_131\jre\bin;D:\Tomcat\apache-maven-3.6.3\bin;
USERNAME=ljy
OS=Windows_NT
PROCESSOR_IDENTIFIER=Intel64 Family 6 Model 142 Stepping 9, GenuineIntel



---------------  S Y S T E M  ---------------

OS: Windows 10.0 , 64 bit Build 18362 (10.0.18362.778)

CPU:total 4 (initial active 4) (2 cores per cpu, 2 threads per core) family 6 model 142 stepping 9, cmov, cx8, fxsr, mmx, sse, sse2, sse3, ssse3, sse4.1, sse4.2, popcnt, avx, avx2, aes, clmul, erms, 3dnowpref, lzcnt, ht, tsc, tscinvbit, bmi1, bmi2, adx

Memory: 4k page, physical 8271292k(1034040k free), swap 8271292k(5128k free)

vm_info: Java HotSpot(TM) 64-Bit Server VM (25.131-b11) for windows-amd64 JRE (1.8.0_131-b11), built on Mar 15 2017 01:23:53 by "java_re" with MS VC++ 10.0 (VS2010)

time: Fri Jun 05 22:59:31 2020
elapsed time: 81 seconds (0d 0h 1m 21s)

