#
# There is insufficient memory for the Java Runtime Environment to continue.
# Native memory allocation (malloc) failed to allocate 1020336 bytes for Chunk::new
# Possible reasons:
#   The system is out of physical RAM or swap space
#   In 32 bit mode, the process size limit was hit
# Possible solutions:
#   Reduce memory load on the system
#   Increase physical memory or swap space
#   Check if swap backing store is full
#   Use 64 bit Java on a 64 bit OS
#   Decrease Java heap size (-Xmx/-Xms)
#   Decrease number of Java threads
#   Decrease Java thread stack sizes (-Xss)
#   Set larger code cache with -XX:ReservedCodeCacheSize=
# This output file may be truncated or incomplete.
#
#  Out of Memory Error (allocation.cpp:390), pid=15140, tid=0x0000000000002840
#
# JRE version: Java(TM) SE Runtime Environment (8.0_131-b11) (build 1.8.0_131-b11)
# Java VM: Java HotSpot(TM) 64-Bit Server VM (25.131-b11 mixed mode windows-amd64 compressed oops)
# Failed to write core dump. Minidumps are not enabled by default on client versions of Windows
#

---------------  T H R E A D  ---------------

Current thread (0x0000000018100800):  JavaThread "C2 CompilerThread1" daemon [_thread_in_native, id=10304, stack(0x00000000187f0000,0x00000000188f0000)]

Stack: [0x00000000187f0000,0x00000000188f0000]
[error occurred during error reporting (printing stack bounds), id 0xc0000005]

Native frames: (J=compiled Java code, j=interpreted, Vv=VM code, C=native code)


Current CompileTask:
C2:  40229 8983       4       com.android.jack.ir.impl.JackIrBuilder::makeSourceInfo (77 bytes)


---------------  P R O C E S S  ---------------

Java Threads: ( => current thread )
  0x000000001a336000 JavaThread "Jack reporter" [_thread_blocked, id=3808, stack(0x0000000021a80000,0x0000000021b80000)]
  0x000000001a335000 JavaThread "File lock request listener" [_thread_in_native, id=9116, stack(0x000000001d610000,0x000000001d710000)]
  0x0000000018d6e800 JavaThread "Stdin handler" [_thread_blocked, id=2996, stack(0x000000001af70000,0x000000001b070000)]
  0x0000000018d6a000 JavaThread "Asynchronous log dispatcher for org.gradle.launcher.daemon.server.DefaultDaemonConnection@4c541f3f" [_thread_blocked, id=13620, stack(0x000000001ae70000,0x000000001af70000)]
  0x0000000018d61000 JavaThread "Daemon worker" [_thread_in_Java, id=9856, stack(0x000000001ad70000,0x000000001ae70000)]
  0x0000000018d5f000 JavaThread "Cancel handler" [_thread_blocked, id=2140, stack(0x000000001ac70000,0x000000001ad70000)]
  0x0000000018309000 JavaThread "Handler for socket connection from /127.0.0.1:55194 to /127.0.0.1:55195" [_thread_in_native, id=11792, stack(0x000000001a970000,0x000000001aa70000)]
  0x0000000018184000 JavaThread "Daemon" [_thread_blocked, id=12324, stack(0x000000001a870000,0x000000001a970000)]
  0x0000000018d15800 JavaThread "Incoming local TCP Connector on port 55194" [_thread_in_native, id=2572, stack(0x000000001a6c0000,0x000000001a7c0000)]
  0x0000000019491000 JavaThread "pool-1-thread-1" [_thread_blocked, id=1232, stack(0x000000001a3c0000,0x000000001a4c0000)]
  0x0000000018132000 JavaThread "Service Thread" daemon [_thread_blocked, id=8032, stack(0x00000000189f0000,0x0000000018af0000)]
  0x0000000018104800 JavaThread "C1 CompilerThread2" daemon [_thread_blocked, id=5468, stack(0x00000000188f0000,0x00000000189f0000)]
=>0x0000000018100800 JavaThread "C2 CompilerThread1" daemon [_thread_in_native, id=10304, stack(0x00000000187f0000,0x00000000188f0000)]
  0x00000000180f9000 JavaThread "C2 CompilerThread0" daemon [_thread_in_native, id=10492, stack(0x00000000186f0000,0x00000000187f0000)]
  0x00000000180f8800 JavaThread "Attach Listener" daemon [_thread_blocked, id=10660, stack(0x00000000185f0000,0x00000000186f0000)]
  0x0000000016da0000 JavaThread "Signal Dispatcher" daemon [_thread_blocked, id=12868, stack(0x00000000184f0000,0x00000000185f0000)]
  0x0000000016d7a800 JavaThread "Finalizer" daemon [_thread_blocked, id=5776, stack(0x0000000017ff0000,0x00000000180f0000)]
  0x0000000003412000 JavaThread "Reference Handler" daemon [_thread_blocked, id=13592, stack(0x0000000017ef0000,0x0000000017ff0000)]
  0x000000000156e800 JavaThread "main" [_thread_blocked, id=14636, stack(0x0000000002e00000,0x0000000002f00000)]

Other Threads:
  0x0000000016d57000 VMThread [stack: 0x0000000017df0000,0x0000000017ef0000] [id=10924]
  0x0000000018137800 WatcherThread [stack: 0x0000000018af0000,0x0000000018bf0000] [id=11720]

VM state:not at safepoint (normal execution)

VM Mutex/Monitor currently owned by a thread: None

Heap:
 PSYoungGen      total 166400K, used 56425K [0x00000000e0000000, 0x00000000eef80000, 0x0000000100000000)
  eden space 142336K, 24% used [0x00000000e0000000,0x00000000e218aaf8,0x00000000e8b00000)
  from space 24064K, 91% used [0x00000000e8b00000,0x00000000ea08f978,0x00000000ea280000)
  to   space 26624K, 0% used [0x00000000ed580000,0x00000000ed580000,0x00000000eef80000)
 ParOldGen       total 158720K, used 48501K [0x00000000a0000000, 0x00000000a9b00000, 0x00000000e0000000)
  object space 158720K, 30% used [0x00000000a0000000,0x00000000a2f5d498,0x00000000a9b00000)
 Metaspace       used 64273K, capacity 65822K, committed 65920K, reserved 1105920K
  class space    used 8449K, capacity 8832K, committed 8832K, reserved 1048576K

Card table byte_map: [0x00000000127e0000,0x0000000012af0000] byte_map_base: 0x00000000122e0000

Marking Bits: (ParMarkBitMap*) 0x0000000059c4c720
 Begin Bits: [0x00000000130f0000, 0x00000000148f0000)
 End Bits:   [0x00000000148f0000, 0x00000000160f0000)

Polling page: 0x0000000001550000

CodeCache: size=245760Kb used=25415Kb max_used=25530Kb free=220344Kb
 bounds [0x0000000003420000, 0x0000000004d50000, 0x0000000012420000]
 total_blobs=8321 nmethods=7541 adapters=690
 compilation: enabled

Compilation events (10 events):
Event: 40.190 Thread 0x00000000180f9000 nmethod 9030 0x0000000004958290 code [0x0000000004958420, 0x0000000004958dd8]
Event: 40.201 Thread 0x0000000018104800 9031       3       com.android.sched.vfs.ReadZipFS::list (9 bytes)
Event: 40.201 Thread 0x0000000018104800 nmethod 9031 0x0000000004957810 code [0x00000000049579a0, 0x0000000004957f88]
Event: 40.201 Thread 0x0000000018104800 9032       3       com.android.sched.vfs.ReadZipFS::list (5 bytes)
Event: 40.201 Thread 0x0000000018104800 nmethod 9032 0x0000000004bb1c50 code [0x0000000004bb1dc0, 0x0000000004bb2248]
Event: 40.201 Thread 0x0000000018104800 9033  s    3       com.android.sched.vfs.InMemoryVDir::getAllFromCache (10 bytes)
Event: 40.201 Thread 0x0000000018104800 nmethod 9033 0x0000000004bb5c90 code [0x0000000004bb5e00, 0x0000000004bb6188]
Event: 40.207 Thread 0x0000000018104800 9034       3       com.android.jack.ir.ast.JDefinedInterface::<init> (54 bytes)
Event: 40.207 Thread 0x0000000018104800 nmethod 9034 0x0000000004bfc590 code [0x0000000004bfc700, 0x0000000004bfc8a8]
Event: 40.209 Thread 0x00000000180f9000 9035  s!   4       com.android.jack.library.InputJackLibrary::ensureJayceLoaded (476 bytes)

GC Heap History (10 events):
Event: 32.790 GC heap before
{Heap before GC invocations=14 (full 2):
 PSYoungGen      total 114688K, used 114676K [0x00000000e0000000, 0x00000000e8f00000, 0x0000000100000000)
  eden space 103424K, 100% used [0x00000000e0000000,0x00000000e6500000,0x00000000e6500000)
  from space 11264K, 99% used [0x00000000e6500000,0x00000000e6ffd120,0x00000000e7000000)
  to   space 14336K, 0% used [0x00000000e8100000,0x00000000e8100000,0x00000000e8f00000)
 ParOldGen       total 102912K, used 22382K [0x00000000a0000000, 0x00000000a6480000, 0x00000000e0000000)
  object space 102912K, 21% used [0x00000000a0000000,0x00000000a15dbaf0,0x00000000a6480000)
 Metaspace       used 52062K, capacity 53610K, committed 53888K, reserved 1095680K
  class space    used 7071K, capacity 7438K, committed 7552K, reserved 1048576K
Event: 32.816 GC heap after
Heap after GC invocations=14 (full 2):
 PSYoungGen      total 129024K, used 14324K [0x00000000e0000000, 0x00000000e9b80000, 0x0000000100000000)
  eden space 114688K, 0% used [0x00000000e0000000,0x00000000e0000000,0x00000000e7000000)
  from space 14336K, 99% used [0x00000000e8100000,0x00000000e8efd120,0x00000000e8f00000)
  to   space 17408K, 0% used [0x00000000e7000000,0x00000000e7000000,0x00000000e8100000)
 ParOldGen       total 102912K, used 25803K [0x00000000a0000000, 0x00000000a6480000, 0x00000000e0000000)
  object space 102912K, 25% used [0x00000000a0000000,0x00000000a1932d70,0x00000000a6480000)
 Metaspace       used 52062K, capacity 53610K, committed 53888K, reserved 1095680K
  class space    used 7071K, capacity 7438K, committed 7552K, reserved 1048576K
}
Event: 35.000 GC heap before
{Heap before GC invocations=15 (full 2):
 PSYoungGen      total 129024K, used 129012K [0x00000000e0000000, 0x00000000e9b80000, 0x0000000100000000)
  eden space 114688K, 100% used [0x00000000e0000000,0x00000000e7000000,0x00000000e7000000)
  from space 14336K, 99% used [0x00000000e8100000,0x00000000e8efd120,0x00000000e8f00000)
  to   space 17408K, 0% used [0x00000000e7000000,0x00000000e7000000,0x00000000e8100000)
 ParOldGen       total 102912K, used 25803K [0x00000000a0000000, 0x00000000a6480000, 0x00000000e0000000)
  object space 102912K, 25% used [0x00000000a0000000,0x00000000a1932d70,0x00000000a6480000)
 Metaspace       used 55782K, capacity 57338K, committed 57472K, reserved 1099776K
  class space    used 7700K, capacity 8054K, committed 8064K, reserved 1048576K
Event: 35.042 GC heap after
Heap after GC invocations=15 (full 2):
 PSYoungGen      total 132096K, used 17393K [0x00000000e0000000, 0x00000000eb900000, 0x0000000100000000)
  eden space 114688K, 0% used [0x00000000e0000000,0x00000000e0000000,0x00000000e7000000)
  from space 17408K, 99% used [0x00000000e7000000,0x00000000e80fc4c0,0x00000000e8100000)
  to   space 23040K, 0% used [0x00000000ea280000,0x00000000ea280000,0x00000000eb900000)
 ParOldGen       total 102912K, used 35552K [0x00000000a0000000, 0x00000000a6480000, 0x00000000e0000000)
  object space 102912K, 34% used [0x00000000a0000000,0x00000000a22b8320,0x00000000a6480000)
 Metaspace       used 55782K, capacity 57338K, committed 57472K, reserved 1099776K
  class space    used 7700K, capacity 8054K, committed 8064K, reserved 1048576K
}
Event: 35.462 GC heap before
{Heap before GC invocations=16 (full 2):
 PSYoungGen      total 132096K, used 46338K [0x00000000e0000000, 0x00000000eb900000, 0x0000000100000000)
  eden space 114688K, 25% used [0x00000000e0000000,0x00000000e1c44410,0x00000000e7000000)
  from space 17408K, 99% used [0x00000000e7000000,0x00000000e80fc4c0,0x00000000e8100000)
  to   space 23040K, 0% used [0x00000000ea280000,0x00000000ea280000,0x00000000eb900000)
 ParOldGen       total 102912K, used 35552K [0x00000000a0000000, 0x00000000a6480000, 0x00000000e0000000)
  object space 102912K, 34% used [0x00000000a0000000,0x00000000a22b8320,0x00000000a6480000)
 Metaspace       used 57484K, capacity 58976K, committed 59136K, reserved 1099776K
  class space    used 7805K, capacity 8151K, committed 8192K, reserved 1048576K
Event: 35.505 GC heap after
Heap after GC invocations=16 (full 2):
 PSYoungGen      total 165376K, used 15402K [0x00000000e0000000, 0x00000000ecd00000, 0x0000000100000000)
  eden space 142336K, 0% used [0x00000000e0000000,0x00000000e0000000,0x00000000e8b00000)
  from space 23040K, 66% used [0x00000000ea280000,0x00000000eb18aa58,0x00000000eb900000)
  to   space 24064K, 0% used [0x00000000e8b00000,0x00000000e8b00000,0x00000000ea280000)
 ParOldGen       total 102912K, used 43724K [0x00000000a0000000, 0x00000000a6480000, 0x00000000e0000000)
  object space 102912K, 42% used [0x00000000a0000000,0x00000000a2ab3190,0x00000000a6480000)
 Metaspace       used 57484K, capacity 58976K, committed 59136K, reserved 1099776K
  class space    used 7805K, capacity 8151K, committed 8192K, reserved 1048576K
}
Event: 35.505 GC heap before
{Heap before GC invocations=17 (full 3):
 PSYoungGen      total 165376K, used 15402K [0x00000000e0000000, 0x00000000ecd00000, 0x0000000100000000)
  eden space 142336K, 0% used [0x00000000e0000000,0x00000000e0000000,0x00000000e8b00000)
  from space 23040K, 66% used [0x00000000ea280000,0x00000000eb18aa58,0x00000000eb900000)
  to   space 24064K, 0% used [0x00000000e8b00000,0x00000000e8b00000,0x00000000ea280000)
 ParOldGen       total 102912K, used 43724K [0x00000000a0000000, 0x00000000a6480000, 0x00000000e0000000)
  object space 102912K, 42% used [0x00000000a0000000,0x00000000a2ab3190,0x00000000a6480000)
 Metaspace       used 57484K, capacity 58976K, committed 59136K, reserved 1099776K
  class space    used 7805K, capacity 8151K, committed 8192K, reserved 1048576K
Event: 36.030 GC heap after
Heap after GC invocations=17 (full 3):
 PSYoungGen      total 165376K, used 0K [0x00000000e0000000, 0x00000000ecd00000, 0x0000000100000000)
  eden space 142336K, 0% used [0x00000000e0000000,0x00000000e0000000,0x00000000e8b00000)
  from space 23040K, 0% used [0x00000000ea280000,0x00000000ea280000,0x00000000eb900000)
  to   space 24064K, 0% used [0x00000000e8b00000,0x00000000e8b00000,0x00000000ea280000)
 ParOldGen       total 158720K, used 48501K [0x00000000a0000000, 0x00000000a9b00000, 0x00000000e0000000)
  object space 158720K, 30% used [0x00000000a0000000,0x00000000a2f5d498,0x00000000a9b00000)
 Metaspace       used 57484K, capacity 58976K, committed 59136K, reserved 1099776K
  class space    used 7805K, capacity 8151K, committed 8192K, reserved 1048576K
}
Event: 39.431 GC heap before
{Heap before GC invocations=18 (full 3):
 PSYoungGen      total 165376K, used 142336K [0x00000000e0000000, 0x00000000ecd00000, 0x0000000100000000)
  eden space 142336K, 100% used [0x00000000e0000000,0x00000000e8b00000,0x00000000e8b00000)
  from space 23040K, 0% used [0x00000000ea280000,0x00000000ea280000,0x00000000eb900000)
  to   space 24064K, 0% used [0x00000000e8b00000,0x00000000e8b00000,0x00000000ea280000)
 ParOldGen       total 158720K, used 48501K [0x00000000a0000000, 0x00000000a9b00000, 0x00000000e0000000)
  object space 158720K, 30% used [0x00000000a0000000,0x00000000a2f5d498,0x00000000a9b00000)
 Metaspace       used 63873K, capacity 65406K, committed 65664K, reserved 1105920K
  class space    used 8432K, capacity 8800K, committed 8832K, reserved 1048576K
Event: 39.521 GC heap after
Heap after GC invocations=18 (full 3):
 PSYoungGen      total 166400K, used 22078K [0x00000000e0000000, 0x00000000eef80000, 0x0000000100000000)
  eden space 142336K, 0% used [0x00000000e0000000,0x00000000e0000000,0x00000000e8b00000)
  from space 24064K, 91% used [0x00000000e8b00000,0x00000000ea08f978,0x00000000ea280000)
  to   space 26624K, 0% used [0x00000000ed580000,0x00000000ed580000,0x00000000eef80000)
 ParOldGen       total 158720K, used 48501K [0x00000000a0000000, 0x00000000a9b00000, 0x00000000e0000000)
  object space 158720K, 30% used [0x00000000a0000000,0x00000000a2f5d498,0x00000000a9b00000)
 Metaspace       used 63873K, capacity 65406K, committed 65664K, reserved 1105920K
  class space    used 8432K, capacity 8800K, committed 8832K, reserved 1048576K
}

Deoptimization events (10 events):
Event: 39.016 Thread 0x000000001a33c000 Uncommon trap: reason=unstable_if action=reinterpret pc=0x00000000036baabc method=com.android.jack.eclipse.jdt.internal.compiler.parser.ScannerHelper.digit(CI)I @ 66
Event: 39.017 Thread 0x000000001a33c000 Uncommon trap: reason=unloaded action=reinterpret pc=0x0000000003ed1b58 method=com.android.jack.eclipse.jdt.internal.compiler.parser.Parser.consumeToken(I)V @ 1180
Event: 40.032 Thread 0x000000001a33c000 Uncommon trap: reason=class_check action=maybe_recompile pc=0x0000000004ade268 method=com.android.jack.eclipse.jdt.internal.compiler.lookup.FieldBinding.getAnnotationTagBits()J @ 22
Event: 40.032 Thread 0x000000001a33c000 Uncommon trap: reason=class_check action=maybe_recompile pc=0x0000000004ade268 method=com.android.jack.eclipse.jdt.internal.compiler.lookup.FieldBinding.getAnnotationTagBits()J @ 22
Event: 40.032 Thread 0x000000001a33c000 Uncommon trap: reason=class_check action=maybe_recompile pc=0x0000000004ade268 method=com.android.jack.eclipse.jdt.internal.compiler.lookup.FieldBinding.getAnnotationTagBits()J @ 22
Event: 40.032 Thread 0x000000001a33c000 Uncommon trap: reason=class_check action=maybe_recompile pc=0x0000000004ade268 method=com.android.jack.eclipse.jdt.internal.compiler.lookup.FieldBinding.getAnnotationTagBits()J @ 22
Event: 40.033 Thread 0x000000001a33c000 Uncommon trap: reason=class_check action=maybe_recompile pc=0x0000000003e2f54c method=com.android.jack.eclipse.jdt.internal.compiler.lookup.FieldBinding.sourceField()Lcom/android/jack/eclipse/jdt/internal/compiler/ast/FieldDeclaration; @ 4
Event: 40.033 Thread 0x000000001a33c000 Uncommon trap: reason=class_check action=maybe_recompile pc=0x0000000003e2f54c method=com.android.jack.eclipse.jdt.internal.compiler.lookup.FieldBinding.sourceField()Lcom/android/jack/eclipse/jdt/internal/compiler/ast/FieldDeclaration; @ 4
Event: 40.033 Thread 0x000000001a33c000 Uncommon trap: reason=class_check action=maybe_recompile pc=0x0000000003e2f54c method=com.android.jack.eclipse.jdt.internal.compiler.lookup.FieldBinding.sourceField()Lcom/android/jack/eclipse/jdt/internal/compiler/ast/FieldDeclaration; @ 4
Event: 40.033 Thread 0x000000001a33c000 Uncommon trap: reason=class_check action=maybe_recompile pc=0x0000000003e2f54c method=com.android.jack.eclipse.jdt.internal.compiler.lookup.FieldBinding.sourceField()Lcom/android/jack/eclipse/jdt/internal/compiler/ast/FieldDeclaration; @ 4

Internal exceptions (10 events):
Event: 29.168 Thread 0x0000000018d61000 Implicit null exception at 0x0000000003d8a1dd to 0x0000000003d8a301
Event: 31.872 Thread 0x0000000018d61000 Implicit null exception at 0x0000000003d5c160 to 0x0000000003d5d7db
Event: 32.538 Thread 0x0000000018d61000 Implicit null exception at 0x00000000042d9044 to 0x00000000042da7e5
Event: 33.923 Thread 0x0000000018d61000 Implicit null exception at 0x0000000004a8389b to 0x0000000004a84269
Event: 33.988 Thread 0x0000000018d61000 Implicit null exception at 0x0000000004a6bb39 to 0x0000000004a6c155
Event: 36.540 Thread 0x0000000018d61000 Exception <a 'java/lang/ArrayIndexOutOfBoundsException': 1862> (0x00000000e1209310) thrown at [C:\re\workspace\8-2-build-windows-amd64-cygwin\jdk8u131\8869\hotspot\src\share\vm\interpreter\interpreterRuntime.cpp, line 366]
Event: 36.613 Thread 0x0000000018d61000 Exception <a 'java/lang/ArrayIndexOutOfBoundsException': 6877> (0x00000000e137d6a0) thrown at [C:\re\workspace\8-2-build-windows-amd64-cygwin\jdk8u131\8869\hotspot\src\share\vm\interpreter\interpreterRuntime.cpp, line 366]
Event: 36.760 Thread 0x0000000018d61000 Exception <a 'java/lang/ArrayIndexOutOfBoundsException'> (0x00000000e15f5f80) thrown at [C:\re\workspace\8-2-build-windows-amd64-cygwin\jdk8u131\8869\hotspot\src\share\vm\runtime\sharedRuntime.cpp, line 605]
Event: 36.840 Thread 0x0000000018d61000 Exception <a 'java/lang/ArrayIndexOutOfBoundsException'> (0x00000000e174a4a0) thrown at [C:\re\workspace\8-2-build-windows-amd64-cygwin\jdk8u131\8869\hotspot\src\share\vm\runtime\sharedRuntime.cpp, line 605]
Event: 36.853 Thread 0x0000000018d61000 Exception <a 'java/lang/ArrayIndexOutOfBoundsException'> (0x00000000e17823c0) thrown at [C:\re\workspace\8-2-build-windows-amd64-cygwin\jdk8u131\8869\hotspot\src\share\vm\runtime\sharedRuntime.cpp, line 605]

Events (10 events):
Event: 40.174 Thread 0x00000000180f9000 flushing nmethod 0x0000000004bfc590
Event: 40.174 Thread 0x00000000180f9000 flushing nmethod 0x0000000004c18050
Event: 40.174 Thread 0x00000000180f9000 flushing nmethod 0x0000000004c7bf10
Event: 40.174 Thread 0x00000000180f9000 flushing nmethod 0x0000000004c8a690
Event: 40.174 Thread 0x00000000180f9000 flushing nmethod 0x0000000004cab310
Event: 40.174 Thread 0x00000000180f9000 flushing nmethod 0x0000000004cc4f10
Event: 40.191 Executing VM operation: RevokeBias
Event: 40.191 Executing VM operation: RevokeBias done
Event: 40.199 Executing VM operation: RevokeBias
Event: 40.199 Executing VM operation: RevokeBias done


Dynamic libraries:
0x00007ff6a3d50000 - 0x00007ff6a3d87000 	D:\Program Files\Java\jdk1.8.0_131\bin\java.exe
0x00007ffc5c160000 - 0x00007ffc5c350000 	C:\WINDOWS\SYSTEM32\ntdll.dll
0x00007ffc5aed0000 - 0x00007ffc5af82000 	C:\WINDOWS\System32\KERNEL32.DLL
0x00007ffc59f30000 - 0x00007ffc5a1d3000 	C:\WINDOWS\System32\KERNELBASE.dll
0x00007ffc5a8c0000 - 0x00007ffc5a963000 	C:\WINDOWS\System32\ADVAPI32.dll
0x00007ffc5a970000 - 0x00007ffc5aa0e000 	C:\WINDOWS\System32\msvcrt.dll
0x00007ffc5a820000 - 0x00007ffc5a8b7000 	C:\WINDOWS\System32\sechost.dll
0x00007ffc5aa10000 - 0x00007ffc5ab30000 	C:\WINDOWS\System32\RPCRT4.dll
0x00007ffc5bc20000 - 0x00007ffc5bdb4000 	C:\WINDOWS\System32\USER32.dll
0x00007ffc59f00000 - 0x00007ffc59f21000 	C:\WINDOWS\System32\win32u.dll
0x00007ffc5a1e0000 - 0x00007ffc5a206000 	C:\WINDOWS\System32\GDI32.dll
0x00007ffc595e0000 - 0x00007ffc59774000 	C:\WINDOWS\System32\gdi32full.dll
0x00007ffc59120000 - 0x00007ffc591be000 	C:\WINDOWS\System32\msvcp_win.dll
0x00007ffc593b0000 - 0x00007ffc594aa000 	C:\WINDOWS\System32\ucrtbase.dll
0x00007ffc4b280000 - 0x00007ffc4b505000 	C:\WINDOWS\WinSxS\amd64_microsoft.windows.common-controls_6595b64144ccf1df_6.0.18362.778_none_e6c6b761130d4fb8\COMCTL32.dll
0x00007ffc5b7f0000 - 0x00007ffc5bb26000 	C:\WINDOWS\System32\combase.dll
0x00007ffc59330000 - 0x00007ffc593b0000 	C:\WINDOWS\System32\bcryptPrimitives.dll
0x00007ffc5ab30000 - 0x00007ffc5ab5e000 	C:\WINDOWS\System32\IMM32.DLL
0x0000000059cd0000 - 0x0000000059da2000 	D:\Program Files\Java\jdk1.8.0_131\jre\bin\msvcr100.dll
0x0000000059430000 - 0x0000000059ccc000 	D:\Program Files\Java\jdk1.8.0_131\jre\bin\server\jvm.dll
0x00007ffc5b7e0000 - 0x00007ffc5b7e8000 	C:\WINDOWS\System32\PSAPI.DLL
0x00007ffc50e40000 - 0x00007ffc50e4a000 	C:\WINDOWS\SYSTEM32\VERSION.dll
0x00007ffc569d0000 - 0x00007ffc569f4000 	C:\WINDOWS\SYSTEM32\WINMM.dll
0x00007ffc4f030000 - 0x00007ffc4f039000 	C:\WINDOWS\SYSTEM32\WSOCK32.dll
0x00007ffc5bb30000 - 0x00007ffc5bb9f000 	C:\WINDOWS\System32\WS2_32.dll
0x00007ffc569a0000 - 0x00007ffc569cd000 	C:\WINDOWS\SYSTEM32\WINMMBASE.dll
0x00007ffc59560000 - 0x00007ffc595aa000 	C:\WINDOWS\System32\cfgmgr32.dll
0x0000000059420000 - 0x000000005942f000 	D:\Program Files\Java\jdk1.8.0_131\jre\bin\verify.dll
0x00000000593f0000 - 0x0000000059419000 	D:\Program Files\Java\jdk1.8.0_131\jre\bin\java.dll
0x00000000593d0000 - 0x00000000593e6000 	D:\Program Files\Java\jdk1.8.0_131\jre\bin\zip.dll
0x00007ffc5afc0000 - 0x00007ffc5b6a5000 	C:\WINDOWS\System32\SHELL32.dll
0x00007ffc5abf0000 - 0x00007ffc5ac99000 	C:\WINDOWS\System32\shcore.dll
0x00007ffc59780000 - 0x00007ffc59f00000 	C:\WINDOWS\System32\windows.storage.dll
0x00007ffc59000000 - 0x00007ffc59023000 	C:\WINDOWS\System32\profapi.dll
0x00007ffc59030000 - 0x00007ffc5907a000 	C:\WINDOWS\System32\powrprof.dll
0x00007ffc58ff0000 - 0x00007ffc59000000 	C:\WINDOWS\System32\UMPDC.dll
0x00007ffc5a7c0000 - 0x00007ffc5a812000 	C:\WINDOWS\System32\shlwapi.dll
0x00007ffc590a0000 - 0x00007ffc590b1000 	C:\WINDOWS\System32\kernel.appcore.dll
0x00007ffc591c0000 - 0x00007ffc591d7000 	C:\WINDOWS\System32\cryptsp.dll
0x00000000593b0000 - 0x00000000593ca000 	D:\Program Files\Java\jdk1.8.0_131\jre\bin\net.dll
0x00007ffc587d0000 - 0x00007ffc58837000 	C:\WINDOWS\system32\mswsock.dll
0x0000000059390000 - 0x00000000593a1000 	D:\Program Files\Java\jdk1.8.0_131\jre\bin\nio.dll
0x00007ffc4cec0000 - 0x00007ffc4ced2000 	C:\Users\86176\.gradle\native\19\windows-amd64\native-platform.dll
0x00007ffc58340000 - 0x00007ffc58373000 	C:\WINDOWS\system32\rsaenh.dll
0x00007ffc595b0000 - 0x00007ffc595d6000 	C:\WINDOWS\System32\bcrypt.dll
0x00007ffc58f10000 - 0x00007ffc58f35000 	C:\WINDOWS\SYSTEM32\USERENV.dll
0x00007ffc589a0000 - 0x00007ffc589ac000 	C:\WINDOWS\SYSTEM32\CRYPTBASE.dll
0x00007ffc584e0000 - 0x00007ffc5851a000 	C:\WINDOWS\SYSTEM32\IPHLPAPI.DLL
0x00007ffc5bba0000 - 0x00007ffc5bba8000 	C:\WINDOWS\System32\NSI.dll
0x00007ffc53110000 - 0x00007ffc53126000 	C:\WINDOWS\SYSTEM32\dhcpcsvc6.DLL
0x00007ffc530f0000 - 0x00007ffc5310c000 	C:\WINDOWS\SYSTEM32\dhcpcsvc.DLL
0x00007ffc58520000 - 0x00007ffc585ea000 	C:\WINDOWS\SYSTEM32\DNSAPI.dll
0x0000000059380000 - 0x000000005938d000 	D:\Program Files\Java\jdk1.8.0_131\jre\bin\management.dll
0x0000000059350000 - 0x0000000059374000 	D:\Program Files\Java\jdk1.8.0_131\jre\bin\sunec.dll
0x0000000059340000 - 0x000000005934b000 	D:\Program Files\Java\jdk1.8.0_131\jre\bin\sunmscapi.dll
0x00007ffc591e0000 - 0x00007ffc59329000 	C:\WINDOWS\System32\CRYPT32.dll
0x00007ffc59080000 - 0x00007ffc59092000 	C:\WINDOWS\System32\MSASN1.dll

VM Arguments:
jvm_args: -Xmx1536m -Dfile.encoding=GBK -Duser.country=CN -Duser.language=zh -Duser.variant 
java_command: org.gradle.launcher.daemon.bootstrap.GradleDaemon 2.14.1
java_class_path (initial): C:\Users\86176\.gradle\wrapper\dists\gradle-2.14.1-all\8bnwg5hd3w55iofp58khbp6yv\gradle-2.14.1\lib\gradle-launcher-2.14.1.jar
Launcher Type: SUN_STANDARD

Environment Variables:
JAVA_HOME=D:\Program Files\Java\jdk1.8.0_131
CLASSPATH=.;D:\Program Files\Java\jdk1.8.0_131\lib\dt.jar;D:\Program Files\Java\jdk1.8.0_131\lib\tools.jar;D:\Tomcat\apache-tomcat-8.5.50\bin\tomcat-juli.jar; 
PATH="D:\Program Files\Java\jdk1.8.0_131\bin;D:\Program Files\Java\jdk1.8.0_131\jre\bin;";C:\ProgramData\Oracle\Java\javapath;"D:\Program Files\Java\jdk1.8.0_131\bin;D:\Program Files\Java\jdk1.8.0_131\jre\bin;";D:\sdk\platform-tools;D:\Python\Scripts;D:\Matlab R2018b\runtime\win64;D:\Matlab R2018b\bin;C:\Program Files (x86)\Windows Kits\10\Windows Performance Toolkit\;"D:\Program Files\Java\jdk1.8.0_131\bin;D:\Program Files\Java\jdk1.8.0_131\jre\bin;";D:\JDK\bin£»"D:\Program Files\Java\jdk1.8.0_131\bin;D:\Program Files\Java\jdk1.8.0_131\jre\bin;";C:\ProgramData\Oracle\Java\javapath;"D:\Program Files\Java\jdk1.8.0_131\bin;D:\Program Files\Java\jdk1.8.0_131\jre\bin;";D:\sdk\platform-tools;D:\Python\Scripts;D:\Matlab R2018b\runtime\win64;D:\Matlab R2018b\bin;C:\Program Files (x86)\Windows Kits\10\Windows Performance Toolkit\;"D:\Program Files\Java\jdk1.8.0_131\bin;D:\Program Files\Java\jdk1.8.0_131\jre\bin;";D:\JDK\bin£»"D:\Program Files\Java\jdk1.8.0_131\bin;D:\Program Files\Java\jdk1.8.0_131\jre\bin;";C:\ProgramData\Oracle\Java\javapath;"D:\Program Files\Java\jdk1.8.0_131\bin;D:\Program Files\Java\jdk1.8.0_131\jre\bin;";D:\sdk\platform-tools;D:\Python\Scripts;D:\Matlab R2018b\runtime\win64;D:\Matlab R2018b\bin;C:\Program Files (x86)\Windows Kits\10\Windows Performance Toolkit\;"D:\Program Files\Java\jdk1.8.0_131\bin;D:\Program Files\Java\jdk1.8.0_131\jre\bin;";D:\JDK\bin£»C:\WINDOWS\System32;;D:\Git\cmd;C:\Program Files\Common Files\Autodesk Shared\;C:\WINDOWS\system32;C:\WINDOWS;C:\WINDOWS\system32\wbem;;D:\Git\cmd;C:\Program Files\Common Files\Autodesk Shared\;C:\WINDOWS\system32;C:\WINDOWS;C:\WINDOWS\system32\wbem;;D:\Git\cmd;C:\Program Files\Common Files\Autodesk Shared\;C:\WINDOWS\system32;C:\WINDOWS;C:\WINDOWS\system32\wbem;D:\Program Files\Java\jdk1.8.0_131\bin;D:\Program Files\Java\jdk1.8.0_131\jre\bin;D:\Program Files\Java\jdk1.8.0_131\bin;D:\Program Files\Java\jdk1.8.0_131\jre\bin;D:\Tomcat\apache-maven-3.6.3\bin;
USERNAME=ljy
OS=Windows_NT
PROCESSOR_IDENTIFIER=Intel64 Family 6 Model 142 Stepping 9, GenuineIntel



---------------  S Y S T E M  ---------------

OS: Windows 10.0 , 64 bit Build 18362 (10.0.18362.778)

CPU:total 4 (initial active 4) (2 cores per cpu, 2 threads per core) family 6 model 142 stepping 9, cmov, cx8, fxsr, mmx, sse, sse2, sse3, ssse3, sse4.1, sse4.2, popcnt, avx, avx2, aes, clmul, erms, 3dnowpref, lzcnt, ht, tsc, tscinvbit, bmi1, bmi2, adx

Memory: 4k page, physical 8271292k(1733832k free), swap 8271292k(5132k free)

vm_info: Java HotSpot(TM) 64-Bit Server VM (25.131-b11) for windows-amd64 JRE (1.8.0_131-b11), built on Mar 15 2017 01:23:53 by "java_re" with MS VC++ 10.0 (VS2010)

time: Fri Jun 05 21:35:24 2020
elapsed time: 40 seconds (0d 0h 0m 40s)

