#
# There is insufficient memory for the Java Runtime Environment to continue.
# Native memory allocation (malloc) failed to allocate 131088 bytes for Chunk::new
# Possible reasons:
#   The system is out of physical RAM or swap space
#   In 32 bit mode, the process size limit was hit
# Possible solutions:
#   Reduce memory load on the system
#   Increase physical memory or swap space
#   Check if swap backing store is full
#   Use 64 bit Java on a 64 bit OS
#   Decrease Java heap size (-Xmx/-Xms)
#   Decrease number of Java threads
#   Decrease Java thread stack sizes (-Xss)
#   Set larger code cache with -XX:ReservedCodeCacheSize=
# This output file may be truncated or incomplete.
#
#  Out of Memory Error (allocation.cpp:390), pid=10548, tid=0x0000000000002090
#
# JRE version: Java(TM) SE Runtime Environment (8.0_131-b11) (build 1.8.0_131-b11)
# Java VM: Java HotSpot(TM) 64-Bit Server VM (25.131-b11 mixed mode windows-amd64 compressed oops)
# Failed to write core dump. Minidumps are not enabled by default on client versions of Windows
#

---------------  T H R E A D  ---------------

Current thread (0x0000000017043800):  JavaThread "C2 CompilerThread0" daemon [_thread_in_native, id=8336, stack(0x0000000018980000,0x0000000018a80000)]

Stack: [0x0000000018980000,0x0000000018a80000]
[error occurred during error reporting (printing stack bounds), id 0xc0000005]

Native frames: (J=compiled Java code, j=interpreted, Vv=VM code, C=native code)


Current CompileTask:
C2: 320053 9809       4       com.android.jack.eclipse.jdt.internal.compiler.lookup.BinaryTypeBinding::createMethod (1491 bytes)


---------------  P R O C E S S  ---------------

Java Threads: ( => current thread )
  0x000000001a2df800 JavaThread "Compiler Processing Task" daemon [_thread_in_Java, id=9764, stack(0x0000000023610000,0x0000000023710000)]
  0x000000001a2dd800 JavaThread "Jack reporter" [_thread_blocked, id=3148, stack(0x000000001f1d0000,0x000000001f2d0000)]
  0x000000001a2e2000 JavaThread "Stdin handler" [_thread_blocked, id=15312, stack(0x000000001afb0000,0x000000001b0b0000)]
  0x000000001a2dc800 JavaThread "Asynchronous log dispatcher for org.gradle.launcher.daemon.server.DefaultDaemonConnection@7fc219fe" [_thread_blocked, id=6020, stack(0x000000001acb0000,0x000000001adb0000)]
  0x000000001a2e2800 JavaThread "Daemon worker Thread 2" [_thread_blocked, id=14344, stack(0x000000001abb0000,0x000000001acb0000)]
  0x000000001a2e3800 JavaThread "Cancel handler" [_thread_blocked, id=9556, stack(0x0000000001800000,0x0000000001900000)]
  0x000000001a2de000 JavaThread "Handler for socket connection from /127.0.0.1:62928 to /127.0.0.1:63161" [_thread_in_native, id=6828, stack(0x0000000001700000,0x0000000001800000)]
  0x000000001a2e1000 JavaThread "Daemon Thread 2" [_thread_blocked, id=10516, stack(0x0000000001600000,0x0000000001700000)]
  0x000000001a2df000 JavaThread "File lock request listener" [_thread_in_native, id=1160, stack(0x000000001c780000,0x000000001c880000)]
  0x000000001994d000 JavaThread "Incoming local TCP Connector on port 62928" [_thread_in_native, id=2264, stack(0x000000001aa00000,0x000000001ab00000)]
  0x00000000195ee800 JavaThread "pool-1-thread-1" [_thread_blocked, id=14052, stack(0x00000000196a0000,0x00000000197a0000)]
  0x0000000018414000 JavaThread "Service Thread" daemon [_thread_blocked, id=10768, stack(0x0000000018c80000,0x0000000018d80000)]
  0x0000000017066000 JavaThread "C1 CompilerThread2" daemon [_thread_in_vm_trans, id=9084, stack(0x0000000018b80000,0x0000000018c80000)]
  0x0000000017062000 JavaThread "C2 CompilerThread1" daemon [_thread_in_native, id=10628, stack(0x0000000018a80000,0x0000000018b80000)]
=>0x0000000017043800 JavaThread "C2 CompilerThread0" daemon [_thread_in_native, id=8336, stack(0x0000000018980000,0x0000000018a80000)]
  0x0000000017041800 JavaThread "Attach Listener" daemon [_thread_blocked, id=14068, stack(0x0000000018880000,0x0000000018980000)]
  0x000000001702d000 JavaThread "Signal Dispatcher" daemon [_thread_blocked, id=15204, stack(0x0000000018780000,0x0000000018880000)]
  0x00000000036bd000 JavaThread "Finalizer" daemon [_thread_blocked, id=4972, stack(0x0000000018280000,0x0000000018380000)]
  0x00000000036b2000 JavaThread "Reference Handler" daemon [_thread_blocked, id=5192, stack(0x0000000018180000,0x0000000018280000)]
  0x00000000035be800 JavaThread "main" [_thread_blocked, id=4860, stack(0x00000000034a0000,0x00000000035a0000)]

Other Threads:
  0x0000000016ff7000 VMThread [stack: 0x0000000018080000,0x0000000018180000] [id=1088]
  0x000000001844f000 WatcherThread [stack: 0x0000000018d80000,0x0000000018e80000] [id=13380]

VM state:not at safepoint (normal execution)

VM Mutex/Monitor currently owned by a thread: None

Heap:
 PSYoungGen      total 230912K, used 188135K [0x00000000e0000000, 0x00000000efa00000, 0x0000000100000000)
  eden space 210944K, 80% used [0x00000000e0000000,0x00000000ea54b3f8,0x00000000ece00000)
  from space 19968K, 94% used [0x00000000ee600000,0x00000000ef86eb48,0x00000000ef980000)
  to   space 22528K, 0% used [0x00000000ece00000,0x00000000ece00000,0x00000000ee400000)
 ParOldGen       total 75264K, used 52707K [0x00000000a0000000, 0x00000000a4980000, 0x00000000e0000000)
  object space 75264K, 70% used [0x00000000a0000000,0x00000000a3378c68,0x00000000a4980000)
 Metaspace       used 69406K, capacity 71946K, committed 72104K, reserved 1112064K
  class space    used 9268K, capacity 9862K, committed 9896K, reserved 1048576K

Card table byte_map: [0x0000000012a80000,0x0000000012d90000] byte_map_base: 0x0000000012580000

Marking Bits: (ParMarkBitMap*) 0x0000000059e0c720
 Begin Bits: [0x0000000013390000, 0x0000000014b90000)
 End Bits:   [0x0000000014b90000, 0x0000000016390000)

Polling page: 0x00000000014c0000

CodeCache: size=245760Kb used=30073Kb max_used=30441Kb free=215686Kb
 bounds [0x00000000036c0000, 0x00000000054b0000, 0x00000000126c0000]
 total_blobs=9548 nmethods=8763 adapters=696
 compilation: enabled

Compilation events (10 events):
Event: 320.049 Thread 0x0000000017066000 nmethod 10441 0x00000000051b5f50 code [0x00000000051b6320, 0x00000000051b7ec8]
Event: 320.049 Thread 0x0000000017066000 10451 %     3       com.android.jack.eclipse.jdt.internal.compiler.ast.IntLiteral::computeValue @ 6 (49 bytes)
Event: 320.049 Thread 0x0000000017066000 nmethod 10451% 0x00000000052fc190 code [0x00000000052fc320, 0x00000000052fc6f8]
Event: 320.049 Thread 0x0000000017066000 10448       1       com.android.jack.eclipse.jdt.internal.compiler.ast.Expression::setExpressionContext (1 bytes)
Event: 320.049 Thread 0x0000000017066000 nmethod 10448 0x0000000003daa850 code [0x0000000003daa9a0, 0x0000000003daaab0]
Event: 320.049 Thread 0x0000000017066000 10449       1       com.android.jack.eclipse.jdt.internal.compiler.ast.Expression::setExpectedType (1 bytes)
Event: 320.050 Thread 0x0000000017066000 nmethod 10449 0x00000000052fbed0 code [0x00000000052fc020, 0x00000000052fc130]
Event: 320.050 Thread 0x0000000017066000 10450       1       com.android.jack.eclipse.jdt.internal.compiler.ast.IntLiteral::literalType (4 bytes)
Event: 320.050 Thread 0x0000000017066000 nmethod 10450 0x00000000052fbc10 code [0x00000000052fbd60, 0x00000000052fbe70]
Event: 320.050 Thread 0x0000000017066000 10439       2       com.android.jack.eclipse.jdt.internal.compiler.lookup.ClassScope::buildMethods (562 bytes)

GC Heap History (10 events):
Event: 17.861 GC heap before
{Heap before GC invocations=15 (full 2):
 PSYoungGen      total 160768K, used 109963K [0x00000000e0000000, 0x00000000eb180000, 0x0000000100000000)
  eden space 148480K, 65% used [0x00000000e0000000,0x00000000e5f65a70,0x00000000e9100000)
  from space 12288K, 99% used [0x00000000ea080000,0x00000000eac7d318,0x00000000eac80000)
  to   space 15872K, 0% used [0x00000000e9100000,0x00000000e9100000,0x00000000ea080000)
 ParOldGen       total 75264K, used 20337K [0x00000000a0000000, 0x00000000a4980000, 0x00000000e0000000)
  object space 75264K, 27% used [0x00000000a0000000,0x00000000a13dc4a0,0x00000000a4980000)
 Metaspace       used 51776K, capacity 53838K, committed 54056K, reserved 1095680K
  class space    used 7232K, capacity 7718K, committed 7720K, reserved 1048576K
Event: 17.888 GC heap after
Heap after GC invocations=15 (full 2):
 PSYoungGen      total 164352K, used 15856K [0x00000000e0000000, 0x00000000ebb80000, 0x0000000100000000)
  eden space 148480K, 0% used [0x00000000e0000000,0x00000000e0000000,0x00000000e9100000)
  from space 15872K, 99% used [0x00000000e9100000,0x00000000ea07c218,0x00000000ea080000)
  to   space 20992K, 0% used [0x00000000ea700000,0x00000000ea700000,0x00000000ebb80000)
 ParOldGen       total 75264K, used 29401K [0x00000000a0000000, 0x00000000a4980000, 0x00000000e0000000)
  object space 75264K, 39% used [0x00000000a0000000,0x00000000a1cb66a0,0x00000000a4980000)
 Metaspace       used 51776K, capacity 53838K, committed 54056K, reserved 1095680K
  class space    used 7232K, capacity 7718K, committed 7720K, reserved 1048576K
}
Event: 17.888 GC heap before
{Heap before GC invocations=16 (full 3):
 PSYoungGen      total 164352K, used 15856K [0x00000000e0000000, 0x00000000ebb80000, 0x0000000100000000)
  eden space 148480K, 0% used [0x00000000e0000000,0x00000000e0000000,0x00000000e9100000)
  from space 15872K, 99% used [0x00000000e9100000,0x00000000ea07c218,0x00000000ea080000)
  to   space 20992K, 0% used [0x00000000ea700000,0x00000000ea700000,0x00000000ebb80000)
 ParOldGen       total 75264K, used 29401K [0x00000000a0000000, 0x00000000a4980000, 0x00000000e0000000)
  object space 75264K, 39% used [0x00000000a0000000,0x00000000a1cb66a0,0x00000000a4980000)
 Metaspace       used 51776K, capacity 53838K, committed 54056K, reserved 1095680K
  class space    used 7232K, capacity 7718K, committed 7720K, reserved 1048576K
Event: 18.241 GC heap after
Heap after GC invocations=16 (full 3):
 PSYoungGen      total 164352K, used 0K [0x00000000e0000000, 0x00000000ebb80000, 0x0000000100000000)
  eden space 148480K, 0% used [0x00000000e0000000,0x00000000e0000000,0x00000000e9100000)
  from space 15872K, 0% used [0x00000000e9100000,0x00000000e9100000,0x00000000ea080000)
  to   space 20992K, 0% used [0x00000000ea700000,0x00000000ea700000,0x00000000ebb80000)
 ParOldGen       total 75264K, used 43977K [0x00000000a0000000, 0x00000000a4980000, 0x00000000e0000000)
  object space 75264K, 58% used [0x00000000a0000000,0x00000000a2af27c0,0x00000000a4980000)
 Metaspace       used 51776K, capacity 53838K, committed 54056K, reserved 1095680K
  class space    used 7232K, capacity 7718K, committed 7720K, reserved 1048576K
}
Event: 31.628 GC heap before
{Heap before GC invocations=17 (full 3):
 PSYoungGen      total 164352K, used 148480K [0x00000000e0000000, 0x00000000ebb80000, 0x0000000100000000)
  eden space 148480K, 100% used [0x00000000e0000000,0x00000000e9100000,0x00000000e9100000)
  from space 15872K, 0% used [0x00000000e9100000,0x00000000e9100000,0x00000000ea080000)
  to   space 20992K, 0% used [0x00000000ea700000,0x00000000ea700000,0x00000000ebb80000)
 ParOldGen       total 75264K, used 43977K [0x00000000a0000000, 0x00000000a4980000, 0x00000000e0000000)
  object space 75264K, 58% used [0x00000000a0000000,0x00000000a2af27c0,0x00000000a4980000)
 Metaspace       used 54781K, capacity 56988K, committed 57256K, reserved 1097728K
  class space    used 7560K, capacity 8049K, committed 8104K, reserved 1048576K
Event: 31.638 GC heap after
Heap after GC invocations=17 (full 3):
 PSYoungGen      total 171520K, used 7725K [0x00000000e0000000, 0x00000000efc00000, 0x0000000100000000)
  eden space 150528K, 0% used [0x00000000e0000000,0x00000000e0000000,0x00000000e9300000)
  from space 20992K, 36% used [0x00000000ea700000,0x00000000eae8b630,0x00000000ebb80000)
  to   space 20480K, 0% used [0x00000000e9300000,0x00000000e9300000,0x00000000ea700000)
 ParOldGen       total 75264K, used 43985K [0x00000000a0000000, 0x00000000a4980000, 0x00000000e0000000)
  object space 75264K, 58% used [0x00000000a0000000,0x00000000a2af47c0,0x00000000a4980000)
 Metaspace       used 54781K, capacity 56988K, committed 57256K, reserved 1097728K
  class space    used 7560K, capacity 8049K, committed 8104K, reserved 1048576K
}
Event: 314.262 GC heap before
{Heap before GC invocations=18 (full 3):
 PSYoungGen      total 171520K, used 158253K [0x00000000e0000000, 0x00000000efc00000, 0x0000000100000000)
  eden space 150528K, 100% used [0x00000000e0000000,0x00000000e9300000,0x00000000e9300000)
  from space 20992K, 36% used [0x00000000ea700000,0x00000000eae8b630,0x00000000ebb80000)
  to   space 20480K, 0% used [0x00000000e9300000,0x00000000e9300000,0x00000000ea700000)
 ParOldGen       total 75264K, used 43985K [0x00000000a0000000, 0x00000000a4980000, 0x00000000e0000000)
  object space 75264K, 58% used [0x00000000a0000000,0x00000000a2af47c0,0x00000000a4980000)
 Metaspace       used 56158K, capacity 58522K, committed 58792K, reserved 1099776K
  class space    used 7725K, capacity 8258K, committed 8360K, reserved 1048576K
Event: 314.273 GC heap after
Heap after GC invocations=18 (full 3):
 PSYoungGen      total 171008K, used 6199K [0x00000000e0000000, 0x00000000ef980000, 0x0000000100000000)
  eden space 150528K, 0% used [0x00000000e0000000,0x00000000e0000000,0x00000000e9300000)
  from space 20480K, 30% used [0x00000000e9300000,0x00000000e990df88,0x00000000ea700000)
  to   space 19968K, 0% used [0x00000000ee600000,0x00000000ee600000,0x00000000ef980000)
 ParOldGen       total 75264K, used 48650K [0x00000000a0000000, 0x00000000a4980000, 0x00000000e0000000)
  object space 75264K, 64% used [0x00000000a0000000,0x00000000a2f829c0,0x00000000a4980000)
 Metaspace       used 56158K, capacity 58522K, committed 58792K, reserved 1099776K
  class space    used 7725K, capacity 8258K, committed 8360K, reserved 1048576K
}
Event: 317.345 GC heap before
{Heap before GC invocations=19 (full 3):
 PSYoungGen      total 171008K, used 156727K [0x00000000e0000000, 0x00000000ef980000, 0x0000000100000000)
  eden space 150528K, 100% used [0x00000000e0000000,0x00000000e9300000,0x00000000e9300000)
  from space 20480K, 30% used [0x00000000e9300000,0x00000000e990df88,0x00000000ea700000)
  to   space 19968K, 0% used [0x00000000ee600000,0x00000000ee600000,0x00000000ef980000)
 ParOldGen       total 75264K, used 48650K [0x00000000a0000000, 0x00000000a4980000, 0x00000000e0000000)
  object space 75264K, 64% used [0x00000000a0000000,0x00000000a2f829c0,0x00000000a4980000)
 Metaspace       used 61154K, capacity 63692K, committed 63912K, reserved 1103872K
  class space    used 8537K, capacity 9117K, committed 9128K, reserved 1048576K
Event: 317.366 GC heap after
Heap after GC invocations=19 (full 3):
 PSYoungGen      total 230912K, used 18874K [0x00000000e0000000, 0x00000000efa00000, 0x0000000100000000)
  eden space 210944K, 0% used [0x00000000e0000000,0x00000000e0000000,0x00000000ece00000)
  from space 19968K, 94% used [0x00000000ee600000,0x00000000ef86eb48,0x00000000ef980000)
  to   space 22528K, 0% used [0x00000000ece00000,0x00000000ece00000,0x00000000ee400000)
 ParOldGen       total 75264K, used 52707K [0x00000000a0000000, 0x00000000a4980000, 0x00000000e0000000)
  object space 75264K, 70% used [0x00000000a0000000,0x00000000a3378c68,0x00000000a4980000)
 Metaspace       used 61154K, capacity 63692K, committed 63912K, reserved 1103872K
  class space    used 8537K, capacity 9117K, committed 9128K, reserved 1048576K
}

Deoptimization events (10 events):
Event: 319.328 Thread 0x000000001a2e2800 Uncommon trap: reason=unstable_if action=reinterpret pc=0x0000000003b7a2d0 method=java.util.regex.Matcher.appendReplacement(Ljava/lang/StringBuffer;Ljava/lang/String;)Ljava/util/regex/Matcher; @ 47
Event: 319.332 Thread 0x000000001a2df800 Uncommon trap: reason=unstable_if action=reinterpret pc=0x00000000052ad9c8 method=com.android.jack.eclipse.jdt.internal.compiler.parser.Scanner.getNextToken0()I @ 279
Event: 319.337 Thread 0x000000001a2df800 Uncommon trap: reason=unstable_if action=reinterpret pc=0x000000000529ab68 method=com.android.jack.eclipse.jdt.internal.compiler.parser.Scanner.getNextToken()I @ 28
Event: 319.350 Thread 0x000000001a2df800 Uncommon trap: reason=unstable_if action=reinterpret pc=0x000000000529b258 method=com.android.jack.eclipse.jdt.internal.compiler.parser.ScannerHelper.digit(CI)I @ 66
Event: 319.350 Thread 0x000000001a2df800 Uncommon trap: reason=unstable_if action=reinterpret pc=0x00000000052a8d7c method=com.android.jack.eclipse.jdt.internal.compiler.parser.ScannerHelper.digit(CI)I @ 66
Event: 319.872 Thread 0x000000001a2df800 Uncommon trap: reason=class_check action=maybe_recompile pc=0x00000000053f74f4 method=com.android.jack.ir.ast.JVisitor.accept(Ljava/util/Collection;)V @ 1
Event: 319.873 Thread 0x000000001a2df800 Uncommon trap: reason=class_check action=maybe_recompile pc=0x00000000053f74f4 method=com.android.jack.ir.ast.JVisitor.accept(Ljava/util/Collection;)V @ 1
Event: 319.873 Thread 0x000000001a2df800 Uncommon trap: reason=class_check action=maybe_recompile pc=0x00000000053f74f4 method=com.android.jack.ir.ast.JVisitor.accept(Ljava/util/Collection;)V @ 1
Event: 319.873 Thread 0x000000001a2df800 Uncommon trap: reason=class_check action=maybe_recompile pc=0x00000000053f74f4 method=com.android.jack.ir.ast.JVisitor.accept(Ljava/util/Collection;)V @ 1
Event: 319.902 Thread 0x000000001a2df800 Uncommon trap: reason=predicate action=maybe_recompile pc=0x0000000003bf4e80 method=java.util.LinkedList.remove(Ljava/lang/Object;)Z @ 48

Internal exceptions (10 events):
Event: 311.911 Thread 0x000000001a2e2800 Exception <a 'sun/nio/fs/WindowsException'> (0x00000000e6500018) thrown at [C:\re\workspace\8-2-build-windows-amd64-cygwin\jdk8u131\8869\hotspot\src\share\vm\prims\jni.cpp, line 709]
Event: 312.519 Thread 0x000000001a2e2800 Exception <a 'java/lang/NullPointerException'> (0x00000000e839e2c8) thrown at [C:\re\workspace\8-2-build-windows-amd64-cygwin\jdk8u131\8869\hotspot\src\share\vm\interpreter\linkResolver.cpp, line 1299]
Event: 316.164 Thread 0x000000001a2e2800 Implicit null exception at 0x0000000005196b9b to 0x0000000005197569
Event: 316.237 Thread 0x000000001a2e2800 Implicit null exception at 0x00000000051956e1 to 0x0000000005195d25
Event: 316.329 Thread 0x000000001a2e2800 Implicit null exception at 0x000000000518447d to 0x00000000051848fd
Event: 318.006 Thread 0x000000001a2e2800 Exception <a 'java/lang/ArrayIndexOutOfBoundsException': 6954> (0x00000000e1d3b018) thrown at [C:\re\workspace\8-2-build-windows-amd64-cygwin\jdk8u131\8869\hotspot\src\share\vm\interpreter\interpreterRuntime.cpp, line 366]
Event: 318.050 Thread 0x000000001a2e2800 Exception <a 'java/lang/ArrayIndexOutOfBoundsException': 1867> (0x00000000e1e61158) thrown at [C:\re\workspace\8-2-build-windows-amd64-cygwin\jdk8u131\8869\hotspot\src\share\vm\interpreter\interpreterRuntime.cpp, line 366]
Event: 318.107 Thread 0x000000001a2e2800 Exception <a 'java/lang/ArrayIndexOutOfBoundsException'> (0x00000000e20d81d8) thrown at [C:\re\workspace\8-2-build-windows-amd64-cygwin\jdk8u131\8869\hotspot\src\share\vm\runtime\sharedRuntime.cpp, line 605]
Event: 318.137 Thread 0x000000001a2e2800 Exception <a 'java/lang/ArrayIndexOutOfBoundsException'> (0x00000000e25acc60) thrown at [C:\re\workspace\8-2-build-windows-amd64-cygwin\jdk8u131\8869\hotspot\src\share\vm\runtime\sharedRuntime.cpp, line 605]
Event: 318.146 Thread 0x000000001a2e2800 Exception <a 'java/lang/ArrayIndexOutOfBoundsException'> (0x00000000e25e4c70) thrown at [C:\re\workspace\8-2-build-windows-amd64-cygwin\jdk8u131\8869\hotspot\src\share\vm\runtime\sharedRuntime.cpp, line 605]

Events (10 events):
Event: 319.967 loading class com/android/jack/reporting/CommonReporter$Problem
Event: 319.967 loading class com/android/jack/reporting/CommonReporter$Problem done
Event: 319.968 Executing VM operation: RevokeBias
Event: 319.968 Executing VM operation: RevokeBias done
Event: 319.968 loading class com/android/jack/reporting/CommonReporter$ReportingDone
Event: 319.968 loading class com/android/jack/reporting/CommonReporter$ReportingDone done
Event: 320.012 Thread 0x000000001a2df800 DEOPT PACKING pc=0x00000000051f301f sp=0x000000002370f0f0
Event: 320.012 Thread 0x000000001a2df800 DEOPT UNPACKING pc=0x000000000370787f sp=0x000000002370ee00 mode 0
Event: 320.041 Executing VM operation: RevokeBias
Event: 320.041 Executing VM operation: RevokeBias done


Dynamic libraries:
0x00007ff6a3d50000 - 0x00007ff6a3d87000 	D:\Program Files\Java\jdk1.8.0_131\bin\java.exe
0x00007ffc5c160000 - 0x00007ffc5c350000 	C:\WINDOWS\SYSTEM32\ntdll.dll
0x00007ffc5aed0000 - 0x00007ffc5af82000 	C:\WINDOWS\System32\KERNEL32.DLL
0x00007ffc59f30000 - 0x00007ffc5a1d3000 	C:\WINDOWS\System32\KERNELBASE.dll
0x00007ffc5a8c0000 - 0x00007ffc5a963000 	C:\WINDOWS\System32\ADVAPI32.dll
0x00007ffc5a970000 - 0x00007ffc5aa0e000 	C:\WINDOWS\System32\msvcrt.dll
0x00007ffc5a820000 - 0x00007ffc5a8b7000 	C:\WINDOWS\System32\sechost.dll
0x00007ffc5aa10000 - 0x00007ffc5ab30000 	C:\WINDOWS\System32\RPCRT4.dll
0x00007ffc5bc20000 - 0x00007ffc5bdb4000 	C:\WINDOWS\System32\USER32.dll
0x00007ffc59f00000 - 0x00007ffc59f21000 	C:\WINDOWS\System32\win32u.dll
0x00007ffc5a1e0000 - 0x00007ffc5a206000 	C:\WINDOWS\System32\GDI32.dll
0x00007ffc595e0000 - 0x00007ffc59774000 	C:\WINDOWS\System32\gdi32full.dll
0x00007ffc59120000 - 0x00007ffc591be000 	C:\WINDOWS\System32\msvcp_win.dll
0x00007ffc593b0000 - 0x00007ffc594aa000 	C:\WINDOWS\System32\ucrtbase.dll
0x00007ffc4b280000 - 0x00007ffc4b505000 	C:\WINDOWS\WinSxS\amd64_microsoft.windows.common-controls_6595b64144ccf1df_6.0.18362.778_none_e6c6b761130d4fb8\COMCTL32.dll
0x00007ffc5b7f0000 - 0x00007ffc5bb26000 	C:\WINDOWS\System32\combase.dll
0x00007ffc59330000 - 0x00007ffc593b0000 	C:\WINDOWS\System32\bcryptPrimitives.dll
0x00007ffc5ab30000 - 0x00007ffc5ab5e000 	C:\WINDOWS\System32\IMM32.DLL
0x000000005aa40000 - 0x000000005ab12000 	D:\Program Files\Java\jdk1.8.0_131\jre\bin\msvcr100.dll
0x00000000595f0000 - 0x0000000059e8c000 	D:\Program Files\Java\jdk1.8.0_131\jre\bin\server\jvm.dll
0x00007ffc5b7e0000 - 0x00007ffc5b7e8000 	C:\WINDOWS\System32\PSAPI.DLL
0x00007ffc4f030000 - 0x00007ffc4f039000 	C:\WINDOWS\SYSTEM32\WSOCK32.dll
0x00007ffc50e40000 - 0x00007ffc50e4a000 	C:\WINDOWS\SYSTEM32\VERSION.dll
0x00007ffc569d0000 - 0x00007ffc569f4000 	C:\WINDOWS\SYSTEM32\WINMM.dll
0x00007ffc5bb30000 - 0x00007ffc5bb9f000 	C:\WINDOWS\System32\WS2_32.dll
0x00007ffc569a0000 - 0x00007ffc569cd000 	C:\WINDOWS\SYSTEM32\winmmbase.dll
0x00007ffc59560000 - 0x00007ffc595aa000 	C:\WINDOWS\System32\cfgmgr32.dll
0x000000005afb0000 - 0x000000005afbf000 	D:\Program Files\Java\jdk1.8.0_131\jre\bin\verify.dll
0x000000005af80000 - 0x000000005afa9000 	D:\Program Files\Java\jdk1.8.0_131\jre\bin\java.dll
0x000000005af60000 - 0x000000005af76000 	D:\Program Files\Java\jdk1.8.0_131\jre\bin\zip.dll
0x00007ffc5afc0000 - 0x00007ffc5b6a5000 	C:\WINDOWS\System32\SHELL32.dll
0x00007ffc5abf0000 - 0x00007ffc5ac99000 	C:\WINDOWS\System32\shcore.dll
0x00007ffc59780000 - 0x00007ffc59f00000 	C:\WINDOWS\System32\windows.storage.dll
0x00007ffc59000000 - 0x00007ffc59023000 	C:\WINDOWS\System32\profapi.dll
0x00007ffc59030000 - 0x00007ffc5907a000 	C:\WINDOWS\System32\powrprof.dll
0x00007ffc58ff0000 - 0x00007ffc59000000 	C:\WINDOWS\System32\UMPDC.dll
0x00007ffc5a7c0000 - 0x00007ffc5a812000 	C:\WINDOWS\System32\shlwapi.dll
0x00007ffc590a0000 - 0x00007ffc590b1000 	C:\WINDOWS\System32\kernel.appcore.dll
0x00007ffc591c0000 - 0x00007ffc591d7000 	C:\WINDOWS\System32\cryptsp.dll
0x000000005af40000 - 0x000000005af5a000 	D:\Program Files\Java\jdk1.8.0_131\jre\bin\net.dll
0x00007ffc587d0000 - 0x00007ffc58837000 	C:\WINDOWS\system32\mswsock.dll
0x000000005af20000 - 0x000000005af31000 	D:\Program Files\Java\jdk1.8.0_131\jre\bin\nio.dll
0x00007ffc518f0000 - 0x00007ffc51902000 	C:\Users\86176\.gradle\native\19\windows-amd64\native-platform.dll
0x00007ffc58340000 - 0x00007ffc58373000 	C:\WINDOWS\system32\rsaenh.dll
0x00007ffc595b0000 - 0x00007ffc595d6000 	C:\WINDOWS\System32\bcrypt.dll
0x00007ffc58f10000 - 0x00007ffc58f35000 	C:\WINDOWS\SYSTEM32\USERENV.dll
0x00007ffc589a0000 - 0x00007ffc589ac000 	C:\WINDOWS\SYSTEM32\CRYPTBASE.dll
0x00007ffc584e0000 - 0x00007ffc5851a000 	C:\WINDOWS\SYSTEM32\IPHLPAPI.DLL
0x00007ffc5bba0000 - 0x00007ffc5bba8000 	C:\WINDOWS\System32\NSI.dll
0x00007ffc53110000 - 0x00007ffc53126000 	C:\WINDOWS\SYSTEM32\dhcpcsvc6.DLL
0x00007ffc530f0000 - 0x00007ffc5310c000 	C:\WINDOWS\SYSTEM32\dhcpcsvc.DLL
0x00007ffc58520000 - 0x00007ffc585ea000 	C:\WINDOWS\SYSTEM32\DNSAPI.dll
0x000000005af10000 - 0x000000005af1d000 	D:\Program Files\Java\jdk1.8.0_131\jre\bin\management.dll
0x000000005aa10000 - 0x000000005aa34000 	D:\Program Files\Java\jdk1.8.0_131\jre\bin\sunec.dll
0x000000005af00000 - 0x000000005af0b000 	D:\Program Files\Java\jdk1.8.0_131\jre\bin\sunmscapi.dll
0x00007ffc591e0000 - 0x00007ffc59329000 	C:\WINDOWS\System32\CRYPT32.dll
0x00007ffc59080000 - 0x00007ffc59092000 	C:\WINDOWS\System32\MSASN1.dll

VM Arguments:
jvm_args: -Xmx1536m -Dfile.encoding=GBK -Duser.country=CN -Duser.language=zh -Duser.variant 
java_command: org.gradle.launcher.daemon.bootstrap.GradleDaemon 2.14.1
java_class_path (initial): C:\Users\86176\.gradle\wrapper\dists\gradle-2.14.1-all\8bnwg5hd3w55iofp58khbp6yv\gradle-2.14.1\lib\gradle-launcher-2.14.1.jar
Launcher Type: SUN_STANDARD

Environment Variables:
JAVA_HOME=D:\Program Files\Java\jdk1.8.0_131
CLASSPATH=.;D:\Program Files\Java\jdk1.8.0_131\lib\dt.jar;D:\Program Files\Java\jdk1.8.0_131\lib\tools.jar;D:\Tomcat\apache-tomcat-8.5.50\bin\tomcat-juli.jar; 
PATH="D:\Program Files\Java\jdk1.8.0_131\bin;D:\Program Files\Java\jdk1.8.0_131\jre\bin;";C:\ProgramData\Oracle\Java\javapath;"D:\Program Files\Java\jdk1.8.0_131\bin;D:\Program Files\Java\jdk1.8.0_131\jre\bin;";D:\sdk\platform-tools;D:\Python\Scripts;D:\Matlab R2018b\runtime\win64;D:\Matlab R2018b\bin;C:\Program Files (x86)\Windows Kits\10\Windows Performance Toolkit\;"D:\Program Files\Java\jdk1.8.0_131\bin;D:\Program Files\Java\jdk1.8.0_131\jre\bin;";D:\JDK\bin£»"D:\Program Files\Java\jdk1.8.0_131\bin;D:\Program Files\Java\jdk1.8.0_131\jre\bin;";C:\ProgramData\Oracle\Java\javapath;"D:\Program Files\Java\jdk1.8.0_131\bin;D:\Program Files\Java\jdk1.8.0_131\jre\bin;";D:\sdk\platform-tools;D:\Python\Scripts;D:\Matlab R2018b\runtime\win64;D:\Matlab R2018b\bin;C:\Program Files (x86)\Windows Kits\10\Windows Performance Toolkit\;"D:\Program Files\Java\jdk1.8.0_131\bin;D:\Program Files\Java\jdk1.8.0_131\jre\bin;";D:\JDK\bin£»"D:\Program Files\Java\jdk1.8.0_131\bin;D:\Program Files\Java\jdk1.8.0_131\jre\bin;";C:\ProgramData\Oracle\Java\javapath;"D:\Program Files\Java\jdk1.8.0_131\bin;D:\Program Files\Java\jdk1.8.0_131\jre\bin;";D:\sdk\platform-tools;D:\Python\Scripts;D:\Matlab R2018b\runtime\win64;D:\Matlab R2018b\bin;C:\Program Files (x86)\Windows Kits\10\Windows Performance Toolkit\;"D:\Program Files\Java\jdk1.8.0_131\bin;D:\Program Files\Java\jdk1.8.0_131\jre\bin;";D:\JDK\bin£»C:\WINDOWS\System32;;D:\Git\cmd;C:\Program Files\Common Files\Autodesk Shared\;C:\WINDOWS\system32;C:\WINDOWS;C:\WINDOWS\system32\wbem;;D:\Git\cmd;C:\Program Files\Common Files\Autodesk Shared\;C:\WINDOWS\system32;C:\WINDOWS;C:\WINDOWS\system32\wbem;;D:\Git\cmd;C:\Program Files\Common Files\Autodesk Shared\;C:\WINDOWS\system32;C:\WINDOWS;C:\WINDOWS\system32\wbem;D:\Program Files\Java\jdk1.8.0_131\bin;D:\Program Files\Java\jdk1.8.0_131\jre\bin;D:\Program Files\Java\jdk1.8.0_131\bin;D:\Program Files\Java\jdk1.8.0_131\jre\bin;D:\Tomcat\apache-maven-3.6.3\bin;
USERNAME=ljy
OS=Windows_NT
PROCESSOR_IDENTIFIER=Intel64 Family 6 Model 142 Stepping 9, GenuineIntel



---------------  S Y S T E M  ---------------

OS: Windows 10.0 , 64 bit Build 18362 (10.0.18362.778)

CPU:total 4 (initial active 4) (2 cores per cpu, 2 threads per core) family 6 model 142 stepping 9, cmov, cx8, fxsr, mmx, sse, sse2, sse3, ssse3, sse4.1, sse4.2, popcnt, avx, avx2, aes, clmul, erms, 3dnowpref, lzcnt, ht, tsc, tscinvbit, bmi1, bmi2, adx

Memory: 4k page, physical 8271292k(1429720k free), swap 8271292k(5128k free)

vm_info: Java HotSpot(TM) 64-Bit Server VM (25.131-b11) for windows-amd64 JRE (1.8.0_131-b11), built on Mar 15 2017 01:23:53 by "java_re" with MS VC++ 10.0 (VS2010)

time: Fri Jun 05 22:19:41 2020
elapsed time: 320 seconds (0d 0h 5m 20s)

