#
# There is insufficient memory for the Java Runtime Environment to continue.
# Native memory allocation (malloc) failed to allocate 1815216 bytes for Chunk::new
# Possible reasons:
#   The system is out of physical RAM or swap space
#   In 32 bit mode, the process size limit was hit
# Possible solutions:
#   Reduce memory load on the system
#   Increase physical memory or swap space
#   Check if swap backing store is full
#   Use 64 bit Java on a 64 bit OS
#   Decrease Java heap size (-Xmx/-Xms)
#   Decrease number of Java threads
#   Decrease Java thread stack sizes (-Xss)
#   Set larger code cache with -XX:ReservedCodeCacheSize=
# This output file may be truncated or incomplete.
#
#  Out of Memory Error (allocation.cpp:390), pid=13528, tid=0x00000000000038f4
#
# JRE version: Java(TM) SE Runtime Environment (8.0_131-b11) (build 1.8.0_131-b11)
# Java VM: Java HotSpot(TM) 64-Bit Server VM (25.131-b11 mixed mode windows-amd64 compressed oops)
# Failed to write core dump. Minidumps are not enabled by default on client versions of Windows
#

---------------  T H R E A D  ---------------

Current thread (0x0000000017dfa800):  JavaThread "C2 CompilerThread0" daemon [_thread_in_native, id=14580, stack(0x00000000183f0000,0x00000000184f0000)]

Stack: [0x00000000183f0000,0x00000000184f0000]
[error occurred during error reporting (printing stack bounds), id 0xc0000005]

Native frames: (J=compiled Java code, j=interpreted, Vv=VM code, C=native code)


Current CompileTask:
C2:  15091 4084       4       org.codehaus.groovy.runtime.metaclass.MetaMethodIndex::addMethodToList (290 bytes)


---------------  P R O C E S S  ---------------

Java Threads: ( => current thread )
  0x00000000194cc000 JavaThread "File lock request listener" [_thread_in_native, id=6652, stack(0x000000001fe80000,0x000000001ff80000)]
  0x0000000017fef000 JavaThread "Stdin handler" [_thread_blocked, id=9496, stack(0x000000001acd0000,0x000000001add0000)]
  0x0000000017fe3800 JavaThread "Asynchronous log dispatcher for org.gradle.launcher.daemon.server.DefaultDaemonConnection@58c1470e" [_thread_blocked, id=13288, stack(0x000000001abd0000,0x000000001acd0000)]
  0x00000000196fc000 JavaThread "Daemon worker" [_thread_in_Java, id=2052, stack(0x000000001aad0000,0x000000001abd0000)]
  0x0000000019707000 JavaThread "Cancel handler" [_thread_blocked, id=14992, stack(0x000000001a9d0000,0x000000001aad0000)]
  0x00000000196d0000 JavaThread "Handler for socket connection from /127.0.0.1:62252 to /127.0.0.1:62254" [_thread_in_native, id=11068, stack(0x000000001a6d0000,0x000000001a7d0000)]
  0x0000000018a38000 JavaThread "Daemon" [_thread_blocked, id=3108, stack(0x000000001a5d0000,0x000000001a6d0000)]
  0x000000001932b000 JavaThread "Incoming local TCP Connector on port 62252" [_thread_in_native, id=9944, stack(0x000000001a420000,0x000000001a520000)]
  0x000000001947c800 JavaThread "pool-1-thread-1" [_thread_blocked, id=11724, stack(0x00000000190f0000,0x00000000191f0000)]
  0x0000000017e6d000 JavaThread "Service Thread" daemon [_thread_blocked, id=1552, stack(0x00000000186f0000,0x00000000187f0000)]
  0x0000000017e04000 JavaThread "C1 CompilerThread2" daemon [_thread_blocked, id=9664, stack(0x00000000185f0000,0x00000000186f0000)]
  0x0000000017e00000 JavaThread "C2 CompilerThread1" daemon [_thread_in_native, id=13660, stack(0x00000000184f0000,0x00000000185f0000)]
=>0x0000000017dfa800 JavaThread "C2 CompilerThread0" daemon [_thread_in_native, id=14580, stack(0x00000000183f0000,0x00000000184f0000)]
  0x0000000017df8800 JavaThread "Attach Listener" daemon [_thread_blocked, id=3352, stack(0x00000000182f0000,0x00000000183f0000)]
  0x0000000016a99800 JavaThread "Signal Dispatcher" daemon [_thread_blocked, id=292, stack(0x00000000181f0000,0x00000000182f0000)]
  0x0000000016a8a800 JavaThread "Finalizer" daemon [_thread_blocked, id=7084, stack(0x0000000017cf0000,0x0000000017df0000)]
  0x0000000003120000 JavaThread "Reference Handler" daemon [_thread_blocked, id=5204, stack(0x0000000017bf0000,0x0000000017cf0000)]
  0x000000000302e800 JavaThread "main" [_thread_blocked, id=13072, stack(0x0000000002ea0000,0x0000000002fa0000)]

Other Threads:
  0x0000000016a68000 VMThread [stack: 0x0000000017af0000,0x0000000017bf0000] [id=9440]
  0x0000000017ea6000 WatcherThread [stack: 0x00000000187f0000,0x00000000188f0000] [id=12868]

VM state:not at safepoint (normal execution)

VM Mutex/Monitor currently owned by a thread: None

Heap:
 PSYoungGen      total 116224K, used 39320K [0x00000000e0000000, 0x00000000ebb00000, 0x0000000100000000)
  eden space 105984K, 37% used [0x00000000e0000000,0x00000000e26661f8,0x00000000e6780000)
  from space 10240K, 0% used [0x00000000e6780000,0x00000000e6780000,0x00000000e7180000)
  to   space 12288K, 0% used [0x00000000eaf00000,0x00000000eaf00000,0x00000000ebb00000)
 ParOldGen       total 97280K, used 18475K [0x00000000a0000000, 0x00000000a5f00000, 0x00000000e0000000)
  object space 97280K, 18% used [0x00000000a0000000,0x00000000a120af80,0x00000000a5f00000)
 Metaspace       used 36402K, capacity 37180K, committed 37504K, reserved 1081344K
  class space    used 4990K, capacity 5229K, committed 5248K, reserved 1048576K

Card table byte_map: [0x00000000124f0000,0x0000000012800000] byte_map_base: 0x0000000011ff0000

Marking Bits: (ParMarkBitMap*) 0x0000000059c4c720
 Begin Bits: [0x0000000012e00000, 0x0000000014600000)
 End Bits:   [0x0000000014600000, 0x0000000015e00000)

Polling page: 0x0000000000e20000

CodeCache: size=245760Kb used=14881Kb max_used=14881Kb free=230878Kb
 bounds [0x0000000003130000, 0x0000000003fd0000, 0x0000000012130000]
 total_blobs=4591 nmethods=3903 adapters=600
 compilation: enabled

Compilation events (10 events):
Event: 14.931 Thread 0x0000000017e04000 4113       1       org.gradle.internal.metaobject.GetPropertyResult::isFound (5 bytes)
Event: 14.932 Thread 0x0000000017e04000 nmethod 4113 0x0000000003f533d0 code [0x0000000003f53520, 0x0000000003f53630]
Event: 14.932 Thread 0x0000000017e04000 4114       3       org.gradle.api.internal.DefaultDomainObjectCollection$IteratorImpl::hasNext (10 bytes)
Event: 14.933 Thread 0x0000000017e04000 nmethod 4114 0x0000000003f52f90 code [0x0000000003f53100, 0x0000000003f53328]
Event: 15.034 Thread 0x0000000017e04000 4118       3       java.security.CodeSource::matchCerts (254 bytes)
Event: 15.035 Thread 0x0000000017e04000 nmethod 4118 0x0000000003fb5790 code [0x0000000003fb59a0, 0x0000000003fb64f8]
Event: 15.046 Thread 0x0000000017e04000 4119  s    3       java.util.jar.JarFile::getInputStream (89 bytes)
Event: 15.047 Thread 0x0000000017e04000 nmethod 4119 0x0000000003fb3650 code [0x0000000003fb3860, 0x0000000003fb43d8]
Event: 15.087 Thread 0x0000000017e04000 4120   !   3       java.text.DecimalFormatSymbols::initialize (317 bytes)
Event: 15.090 Thread 0x0000000017e04000 nmethod 4120 0x0000000003fc1fd0 code [0x0000000003fc23a0, 0x0000000003fc48b8]

GC Heap History (10 events):
Event: 7.566 GC heap before
{Heap before GC invocations=5 (full 1):
 PSYoungGen      total 71680K, used 5112K [0x00000000e0000000, 0x00000000e4b00000, 0x0000000100000000)
  eden space 66560K, 0% used [0x00000000e0000000,0x00000000e0000000,0x00000000e4100000)
  from space 5120K, 99% used [0x00000000e4600000,0x00000000e4afe050,0x00000000e4b00000)
  to   space 5120K, 0% used [0x00000000e4100000,0x00000000e4100000,0x00000000e4600000)
 ParOldGen       total 87552K, used 8163K [0x00000000a0000000, 0x00000000a5580000, 0x00000000e0000000)
  object space 87552K, 9% used [0x00000000a0000000,0x00000000a07f8e50,0x00000000a5580000)
 Metaspace       used 20788K, capacity 21158K, committed 21296K, reserved 1067008K
  class space    used 2770K, capacity 2926K, committed 2944K, reserved 1048576K
Event: 7.636 GC heap after
Heap after GC invocations=5 (full 1):
 PSYoungGen      total 71680K, used 0K [0x00000000e0000000, 0x00000000e4b00000, 0x0000000100000000)
  eden space 66560K, 0% used [0x00000000e0000000,0x00000000e0000000,0x00000000e4100000)
  from space 5120K, 0% used [0x00000000e4600000,0x00000000e4600000,0x00000000e4b00000)
  to   space 5120K, 0% used [0x00000000e4100000,0x00000000e4100000,0x00000000e4600000)
 ParOldGen       total 59904K, used 8637K [0x00000000a0000000, 0x00000000a3a80000, 0x00000000e0000000)
  object space 59904K, 14% used [0x00000000a0000000,0x00000000a086f6e8,0x00000000a3a80000)
 Metaspace       used 20788K, capacity 21158K, committed 21296K, reserved 1067008K
  class space    used 2770K, capacity 2926K, committed 2944K, reserved 1048576K
}
Event: 9.289 GC heap before
{Heap before GC invocations=6 (full 1):
 PSYoungGen      total 71680K, used 66560K [0x00000000e0000000, 0x00000000e4b00000, 0x0000000100000000)
  eden space 66560K, 100% used [0x00000000e0000000,0x00000000e4100000,0x00000000e4100000)
  from space 5120K, 0% used [0x00000000e4600000,0x00000000e4600000,0x00000000e4b00000)
  to   space 5120K, 0% used [0x00000000e4100000,0x00000000e4100000,0x00000000e4600000)
 ParOldGen       total 59904K, used 8637K [0x00000000a0000000, 0x00000000a3a80000, 0x00000000e0000000)
  object space 59904K, 14% used [0x00000000a0000000,0x00000000a086f6e8,0x00000000a3a80000)
 Metaspace       used 26071K, capacity 26556K, committed 26880K, reserved 1073152K
  class space    used 3657K, capacity 3780K, committed 3840K, reserved 1048576K
Event: 9.307 GC heap after
Heap after GC invocations=6 (full 1):
 PSYoungGen      total 71680K, used 5095K [0x00000000e0000000, 0x00000000e7c80000, 0x0000000100000000)
  eden space 66560K, 0% used [0x00000000e0000000,0x00000000e0000000,0x00000000e4100000)
  from space 5120K, 99% used [0x00000000e4100000,0x00000000e45f9fe8,0x00000000e4600000)
  to   space 10240K, 0% used [0x00000000e7280000,0x00000000e7280000,0x00000000e7c80000)
 ParOldGen       total 59904K, used 11106K [0x00000000a0000000, 0x00000000a3a80000, 0x00000000e0000000)
  object space 59904K, 18% used [0x00000000a0000000,0x00000000a0ad8bc8,0x00000000a3a80000)
 Metaspace       used 26071K, capacity 26556K, committed 26880K, reserved 1073152K
  class space    used 3657K, capacity 3780K, committed 3840K, reserved 1048576K
}
Event: 10.556 GC heap before
{Heap before GC invocations=7 (full 1):
 PSYoungGen      total 71680K, used 71655K [0x00000000e0000000, 0x00000000e7c80000, 0x0000000100000000)
  eden space 66560K, 100% used [0x00000000e0000000,0x00000000e4100000,0x00000000e4100000)
  from space 5120K, 99% used [0x00000000e4100000,0x00000000e45f9fe8,0x00000000e4600000)
  to   space 10240K, 0% used [0x00000000e7280000,0x00000000e7280000,0x00000000e7c80000)
 ParOldGen       total 59904K, used 11106K [0x00000000a0000000, 0x00000000a3a80000, 0x00000000e0000000)
  object space 59904K, 18% used [0x00000000a0000000,0x00000000a0ad8bc8,0x00000000a3a80000)
 Metaspace       used 28177K, capacity 28628K, committed 28928K, reserved 1075200K
  class space    used 3906K, capacity 4040K, committed 4096K, reserved 1048576K
Event: 10.570 GC heap after
Heap after GC invocations=7 (full 1):
 PSYoungGen      total 115200K, used 5304K [0x00000000e0000000, 0x00000000e7b80000, 0x0000000100000000)
  eden space 105984K, 0% used [0x00000000e0000000,0x00000000e0000000,0x00000000e6780000)
  from space 9216K, 57% used [0x00000000e7280000,0x00000000e77ae2e8,0x00000000e7b80000)
  to   space 10240K, 0% used [0x00000000e6780000,0x00000000e6780000,0x00000000e7180000)
 ParOldGen       total 59904K, used 11114K [0x00000000a0000000, 0x00000000a3a80000, 0x00000000e0000000)
  object space 59904K, 18% used [0x00000000a0000000,0x00000000a0adabc8,0x00000000a3a80000)
 Metaspace       used 28177K, capacity 28628K, committed 28928K, reserved 1075200K
  class space    used 3906K, capacity 4040K, committed 4096K, reserved 1048576K
}
Event: 12.794 GC heap before
{Heap before GC invocations=8 (full 1):
 PSYoungGen      total 115200K, used 110684K [0x00000000e0000000, 0x00000000e7b80000, 0x0000000100000000)
  eden space 105984K, 99% used [0x00000000e0000000,0x00000000e66e9000,0x00000000e6780000)
  from space 9216K, 57% used [0x00000000e7280000,0x00000000e77ae2e8,0x00000000e7b80000)
  to   space 10240K, 0% used [0x00000000e6780000,0x00000000e6780000,0x00000000e7180000)
 ParOldGen       total 59904K, used 11114K [0x00000000a0000000, 0x00000000a3a80000, 0x00000000e0000000)
  object space 59904K, 18% used [0x00000000a0000000,0x00000000a0adabc8,0x00000000a3a80000)
 Metaspace       used 34427K, capacity 35070K, committed 35456K, reserved 1079296K
  class space    used 4713K, capacity 4891K, committed 4992K, reserved 1048576K
Event: 12.817 GC heap after
Heap after GC invocations=8 (full 1):
 PSYoungGen      total 116224K, used 10217K [0x00000000e0000000, 0x00000000ebb00000, 0x0000000100000000)
  eden space 105984K, 0% used [0x00000000e0000000,0x00000000e0000000,0x00000000e6780000)
  from space 10240K, 99% used [0x00000000e6780000,0x00000000e717a538,0x00000000e7180000)
  to   space 12288K, 0% used [0x00000000eaf00000,0x00000000eaf00000,0x00000000ebb00000)
 ParOldGen       total 59904K, used 12403K [0x00000000a0000000, 0x00000000a3a80000, 0x00000000e0000000)
  object space 59904K, 20% used [0x00000000a0000000,0x00000000a0c1cc78,0x00000000a3a80000)
 Metaspace       used 34427K, capacity 35070K, committed 35456K, reserved 1079296K
  class space    used 4713K, capacity 4891K, committed 4992K, reserved 1048576K
}
Event: 12.817 GC heap before
{Heap before GC invocations=9 (full 2):
 PSYoungGen      total 116224K, used 10217K [0x00000000e0000000, 0x00000000ebb00000, 0x0000000100000000)
  eden space 105984K, 0% used [0x00000000e0000000,0x00000000e0000000,0x00000000e6780000)
  from space 10240K, 99% used [0x00000000e6780000,0x00000000e717a538,0x00000000e7180000)
  to   space 12288K, 0% used [0x00000000eaf00000,0x00000000eaf00000,0x00000000ebb00000)
 ParOldGen       total 59904K, used 12403K [0x00000000a0000000, 0x00000000a3a80000, 0x00000000e0000000)
  object space 59904K, 20% used [0x00000000a0000000,0x00000000a0c1cc78,0x00000000a3a80000)
 Metaspace       used 34427K, capacity 35070K, committed 35456K, reserved 1079296K
  class space    used 4713K, capacity 4891K, committed 4992K, reserved 1048576K
Event: 12.971 GC heap after
Heap after GC invocations=9 (full 2):
 PSYoungGen      total 116224K, used 0K [0x00000000e0000000, 0x00000000ebb00000, 0x0000000100000000)
  eden space 105984K, 0% used [0x00000000e0000000,0x00000000e0000000,0x00000000e6780000)
  from space 10240K, 0% used [0x00000000e6780000,0x00000000e6780000,0x00000000e7180000)
  to   space 12288K, 0% used [0x00000000eaf00000,0x00000000eaf00000,0x00000000ebb00000)
 ParOldGen       total 97280K, used 18475K [0x00000000a0000000, 0x00000000a5f00000, 0x00000000e0000000)
  object space 97280K, 18% used [0x00000000a0000000,0x00000000a120af80,0x00000000a5f00000)
 Metaspace       used 34427K, capacity 35070K, committed 35456K, reserved 1079296K
  class space    used 4713K, capacity 4891K, committed 4992K, reserved 1048576K
}

Deoptimization events (10 events):
Event: 13.223 Thread 0x00000000196fc000 Uncommon trap: reason=class_check action=maybe_recompile pc=0x0000000003b3b228 method=java.util.Hashtable.put(Ljava/lang/Object;Ljava/lang/Object;)Ljava/lang/Object; @ 18
Event: 13.223 Thread 0x00000000196fc000 Uncommon trap: reason=class_check action=maybe_recompile pc=0x0000000003b3b228 method=java.util.Hashtable.put(Ljava/lang/Object;Ljava/lang/Object;)Ljava/lang/Object; @ 18
Event: 13.223 Thread 0x00000000196fc000 Uncommon trap: reason=class_check action=maybe_recompile pc=0x0000000003b3b228 method=java.util.Hashtable.put(Ljava/lang/Object;Ljava/lang/Object;)Ljava/lang/Object; @ 18
Event: 13.223 Thread 0x00000000196fc000 Uncommon trap: reason=class_check action=maybe_recompile pc=0x0000000003b39808 method=java.util.Hashtable.addEntry(ILjava/lang/Object;Ljava/lang/Object;I)V @ 38
Event: 13.224 Thread 0x00000000196fc000 Uncommon trap: reason=unstable_if action=reinterpret pc=0x0000000003821b3c method=java.lang.CharacterDataLatin1.isWhitespace(I)Z @ 14
Event: 13.339 Thread 0x00000000196fc000 Uncommon trap: reason=unstable_if action=reinterpret pc=0x000000000382182c method=java.security.CodeSource.getCertificates()[Ljava/security/cert/Certificate; @ 22
Event: 13.340 Thread 0x00000000196fc000 Uncommon trap: reason=unstable_if action=reinterpret pc=0x0000000003ef5aa0 method=java.util.jar.JarFile.getInputStream(Ljava/util/zip/ZipEntry;)Ljava/io/InputStream; @ 21
Event: 13.449 Thread 0x00000000196fc000 Uncommon trap: reason=unstable_if action=reinterpret pc=0x0000000003ce3ffc method=java.util.LinkedHashMap.get(Ljava/lang/Object;)Ljava/lang/Object; @ 20
Event: 14.681 Thread 0x00000000196fc000 Uncommon trap: reason=class_check action=maybe_recompile pc=0x00000000038d6444 method=org.codehaus.groovy.runtime.metaclass.MetaMethodIndex.addMethodToList(Ljava/lang/Object;Lgroovy/lang/MetaMethod;)Ljava/lang/Object; @ 218
Event: 14.682 Thread 0x00000000196fc000 Uncommon trap: reason=class_check action=maybe_recompile pc=0x00000000038d6444 method=org.codehaus.groovy.runtime.metaclass.MetaMethodIndex.addMethodToList(Ljava/lang/Object;Lgroovy/lang/MetaMethod;)Ljava/lang/Object; @ 218

Internal exceptions (10 events):
Event: 14.880 Thread 0x00000000196fc000 Exception <a 'java/lang/ClassNotFoundException': org/gradle/api/internal/artifacts/dependencies/DefaultExternalModuleDependencyBeanInfo> (0x00000000e20aeda8) thrown at [C:\re\workspace\8-2-build-windows-amd64-cygwin\jdk8u131\8869\hotspot\src\share\vm\clas
Event: 14.881 Thread 0x00000000196fc000 Exception <a 'java/lang/ClassNotFoundException': org/gradle/api/internal/artifacts/dependencies/AbstractExternalModuleDependencyBeanInfo> (0x00000000e20e60b8) thrown at [C:\re\workspace\8-2-build-windows-amd64-cygwin\jdk8u131\8869\hotspot\src\share\vm\cla
Event: 14.882 Thread 0x00000000196fc000 Exception <a 'java/lang/ClassNotFoundException': org/gradle/api/internal/artifacts/dependencies/AbstractModuleDependencyBeanInfo> (0x00000000e2119be0) thrown at [C:\re\workspace\8-2-build-windows-amd64-cygwin\jdk8u131\8869\hotspot\src\share\vm\classfile\s
Event: 14.885 Thread 0x00000000196fc000 Exception <a 'java/lang/ClassNotFoundException': org/gradle/api/internal/artifacts/dependencies/AbstractDependencyBeanInfo> (0x00000000e214aad8) thrown at [C:\re\workspace\8-2-build-windows-amd64-cygwin\jdk8u131\8869\hotspot\src\share\vm\classfile\systemD
Event: 14.891 Thread 0x00000000196fc000 Exception <a 'java/lang/ClassNotFoundException': org/gradle/api/internal/artifacts/dependencies/AbstractDependencyCustomizer> (0x00000000e217d450) thrown at [C:\re\workspace\8-2-build-windows-amd64-cygwin\jdk8u131\8869\hotspot\src\share\vm\classfile\syste
Event: 14.896 Thread 0x00000000196fc000 Exception <a 'java/lang/ClassNotFoundException': org/gradle/api/internal/artifacts/dependencies/AbstractModuleDependencyCustomizer> (0x00000000e21b4720) thrown at [C:\re\workspace\8-2-build-windows-amd64-cygwin\jdk8u131\8869\hotspot\src\share\vm\classfile
Event: 14.904 Thread 0x00000000196fc000 Exception <a 'java/lang/ClassNotFoundException': org/gradle/api/internal/artifacts/dependencies/AbstractExternalModuleDependencyCustomizer> (0x00000000e21ffe28) thrown at [C:\re\workspace\8-2-build-windows-amd64-cygwin\jdk8u131\8869\hotspot\src\share\vm\c
Event: 14.913 Thread 0x00000000196fc000 Exception <a 'java/lang/ClassNotFoundException': org/gradle/api/internal/artifacts/dependencies/DefaultExternalModuleDependencyCustomizer> (0x00000000e22437e0) thrown at [C:\re\workspace\8-2-build-windows-amd64-cygwin\jdk8u131\8869\hotspot\src\share\vm\cl
Event: 14.922 Thread 0x00000000196fc000 Exception <a 'java/lang/ClassNotFoundException': org/gradle/api/internal/artifacts/dependencies/DefaultExternalModuleDependency_DecoratedCustomizer> (0x00000000e228b170) thrown at [C:\re\workspace\8-2-build-windows-amd64-cygwin\jdk8u131\8869\hotspot\src\s
Event: 14.925 Thread 0x00000000196fc000 Exception <a 'java/lang/reflect/InvocationTargetException'> (0x00000000e22ca888) thrown at [C:\re\workspace\8-2-build-windows-amd64-cygwin\jdk8u131\8869\hotspot\src\share\vm\runtime\reflection.cpp, line 1092]

Events (10 events):
Event: 15.083 loading class com/android/repository/api/RemoteListSourceProvider
Event: 15.083 loading class com/android/repository/api/RemoteListSourceProvider done
Event: 15.084 loading class com/android/repository/impl/sources/RemoteListSourceProviderImpl
Event: 15.084 loading class com/android/repository/impl/sources/RemoteListSourceProviderImpl done
Event: 15.084 loading class javax/xml/bind/JAXBException
Event: 15.085 loading class javax/xml/bind/JAXBException done
Event: 15.085 loading class com/android/repository/impl/sources/generated/v1/ObjectFactory
Event: 15.085 loading class com/android/repository/impl/sources/generated/v1/ObjectFactory done
Event: 15.086 loading class com/android/repository/impl/sources/generated/v1/SiteListType
Event: 15.086 loading class com/android/repository/impl/sources/generated/v1/SiteListType done


Dynamic libraries:
0x00007ff6a3d50000 - 0x00007ff6a3d87000 	D:\Program Files\Java\jdk1.8.0_131\bin\java.exe
0x00007ffc5c160000 - 0x00007ffc5c350000 	C:\WINDOWS\SYSTEM32\ntdll.dll
0x00007ffc5aed0000 - 0x00007ffc5af82000 	C:\WINDOWS\System32\KERNEL32.DLL
0x00007ffc59f30000 - 0x00007ffc5a1d3000 	C:\WINDOWS\System32\KERNELBASE.dll
0x00007ffc5a8c0000 - 0x00007ffc5a963000 	C:\WINDOWS\System32\ADVAPI32.dll
0x00007ffc5a970000 - 0x00007ffc5aa0e000 	C:\WINDOWS\System32\msvcrt.dll
0x00007ffc5a820000 - 0x00007ffc5a8b7000 	C:\WINDOWS\System32\sechost.dll
0x00007ffc5aa10000 - 0x00007ffc5ab30000 	C:\WINDOWS\System32\RPCRT4.dll
0x00007ffc5bc20000 - 0x00007ffc5bdb4000 	C:\WINDOWS\System32\USER32.dll
0x00007ffc59f00000 - 0x00007ffc59f21000 	C:\WINDOWS\System32\win32u.dll
0x00007ffc5a1e0000 - 0x00007ffc5a206000 	C:\WINDOWS\System32\GDI32.dll
0x00007ffc595e0000 - 0x00007ffc59774000 	C:\WINDOWS\System32\gdi32full.dll
0x00007ffc59120000 - 0x00007ffc591be000 	C:\WINDOWS\System32\msvcp_win.dll
0x00007ffc593b0000 - 0x00007ffc594aa000 	C:\WINDOWS\System32\ucrtbase.dll
0x00007ffc4b280000 - 0x00007ffc4b505000 	C:\WINDOWS\WinSxS\amd64_microsoft.windows.common-controls_6595b64144ccf1df_6.0.18362.778_none_e6c6b761130d4fb8\COMCTL32.dll
0x00007ffc5b7f0000 - 0x00007ffc5bb26000 	C:\WINDOWS\System32\combase.dll
0x00007ffc59330000 - 0x00007ffc593b0000 	C:\WINDOWS\System32\bcryptPrimitives.dll
0x00007ffc5ab30000 - 0x00007ffc5ab5e000 	C:\WINDOWS\System32\IMM32.DLL
0x0000000059cd0000 - 0x0000000059da2000 	D:\Program Files\Java\jdk1.8.0_131\jre\bin\msvcr100.dll
0x0000000059430000 - 0x0000000059ccc000 	D:\Program Files\Java\jdk1.8.0_131\jre\bin\server\jvm.dll
0x00007ffc5b7e0000 - 0x00007ffc5b7e8000 	C:\WINDOWS\System32\PSAPI.DLL
0x00007ffc50e40000 - 0x00007ffc50e4a000 	C:\WINDOWS\SYSTEM32\VERSION.dll
0x00007ffc4f030000 - 0x00007ffc4f039000 	C:\WINDOWS\SYSTEM32\WSOCK32.dll
0x00007ffc5bb30000 - 0x00007ffc5bb9f000 	C:\WINDOWS\System32\WS2_32.dll
0x00007ffc569d0000 - 0x00007ffc569f4000 	C:\WINDOWS\SYSTEM32\WINMM.dll
0x00007ffc569a0000 - 0x00007ffc569cd000 	C:\WINDOWS\SYSTEM32\WINMMBASE.dll
0x00007ffc59560000 - 0x00007ffc595aa000 	C:\WINDOWS\System32\cfgmgr32.dll
0x0000000059420000 - 0x000000005942f000 	D:\Program Files\Java\jdk1.8.0_131\jre\bin\verify.dll
0x00000000593f0000 - 0x0000000059419000 	D:\Program Files\Java\jdk1.8.0_131\jre\bin\java.dll
0x00000000593d0000 - 0x00000000593e6000 	D:\Program Files\Java\jdk1.8.0_131\jre\bin\zip.dll
0x00007ffc5afc0000 - 0x00007ffc5b6a5000 	C:\WINDOWS\System32\SHELL32.dll
0x00007ffc5abf0000 - 0x00007ffc5ac99000 	C:\WINDOWS\System32\shcore.dll
0x00007ffc59780000 - 0x00007ffc59f00000 	C:\WINDOWS\System32\windows.storage.dll
0x00007ffc59000000 - 0x00007ffc59023000 	C:\WINDOWS\System32\profapi.dll
0x00007ffc59030000 - 0x00007ffc5907a000 	C:\WINDOWS\System32\powrprof.dll
0x00007ffc58ff0000 - 0x00007ffc59000000 	C:\WINDOWS\System32\UMPDC.dll
0x00007ffc5a7c0000 - 0x00007ffc5a812000 	C:\WINDOWS\System32\shlwapi.dll
0x00007ffc590a0000 - 0x00007ffc590b1000 	C:\WINDOWS\System32\kernel.appcore.dll
0x00007ffc591c0000 - 0x00007ffc591d7000 	C:\WINDOWS\System32\cryptsp.dll
0x00000000593b0000 - 0x00000000593ca000 	D:\Program Files\Java\jdk1.8.0_131\jre\bin\net.dll
0x00007ffc587d0000 - 0x00007ffc58837000 	C:\WINDOWS\system32\mswsock.dll
0x0000000059390000 - 0x00000000593a1000 	D:\Program Files\Java\jdk1.8.0_131\jre\bin\nio.dll
0x00007ffc4f5d0000 - 0x00007ffc4f5e2000 	C:\Users\86176\.gradle\native\19\windows-amd64\native-platform.dll
0x00007ffc58340000 - 0x00007ffc58373000 	C:\WINDOWS\system32\rsaenh.dll
0x00007ffc595b0000 - 0x00007ffc595d6000 	C:\WINDOWS\System32\bcrypt.dll
0x00007ffc58f10000 - 0x00007ffc58f35000 	C:\WINDOWS\SYSTEM32\USERENV.dll
0x00007ffc589a0000 - 0x00007ffc589ac000 	C:\WINDOWS\SYSTEM32\CRYPTBASE.dll
0x00007ffc584e0000 - 0x00007ffc5851a000 	C:\WINDOWS\SYSTEM32\IPHLPAPI.DLL
0x00007ffc5bba0000 - 0x00007ffc5bba8000 	C:\WINDOWS\System32\NSI.dll
0x00007ffc53110000 - 0x00007ffc53126000 	C:\WINDOWS\SYSTEM32\dhcpcsvc6.DLL
0x00007ffc530f0000 - 0x00007ffc5310c000 	C:\WINDOWS\SYSTEM32\dhcpcsvc.DLL
0x00007ffc58520000 - 0x00007ffc585ea000 	C:\WINDOWS\SYSTEM32\DNSAPI.dll
0x0000000059380000 - 0x000000005938d000 	D:\Program Files\Java\jdk1.8.0_131\jre\bin\management.dll

VM Arguments:
jvm_args: -Xmx1536m -Dfile.encoding=GBK -Duser.country=CN -Duser.language=zh -Duser.variant 
java_command: org.gradle.launcher.daemon.bootstrap.GradleDaemon 2.14.1
java_class_path (initial): C:\Users\86176\.gradle\wrapper\dists\gradle-2.14.1-all\8bnwg5hd3w55iofp58khbp6yv\gradle-2.14.1\lib\gradle-launcher-2.14.1.jar
Launcher Type: SUN_STANDARD

Environment Variables:
JAVA_HOME=D:\Program Files\Java\jdk1.8.0_131
CLASSPATH=.;D:\Program Files\Java\jdk1.8.0_131\lib\dt.jar;D:\Program Files\Java\jdk1.8.0_131\lib\tools.jar;D:\Tomcat\apache-tomcat-8.5.50\bin\tomcat-juli.jar; 
PATH="D:\Program Files\Java\jdk1.8.0_131\bin;D:\Program Files\Java\jdk1.8.0_131\jre\bin;";C:\ProgramData\Oracle\Java\javapath;"D:\Program Files\Java\jdk1.8.0_131\bin;D:\Program Files\Java\jdk1.8.0_131\jre\bin;";D:\sdk\platform-tools;D:\Python\Scripts;D:\Matlab R2018b\runtime\win64;D:\Matlab R2018b\bin;C:\Program Files (x86)\Windows Kits\10\Windows Performance Toolkit\;"D:\Program Files\Java\jdk1.8.0_131\bin;D:\Program Files\Java\jdk1.8.0_131\jre\bin;";D:\JDK\bin£»"D:\Program Files\Java\jdk1.8.0_131\bin;D:\Program Files\Java\jdk1.8.0_131\jre\bin;";C:\ProgramData\Oracle\Java\javapath;"D:\Program Files\Java\jdk1.8.0_131\bin;D:\Program Files\Java\jdk1.8.0_131\jre\bin;";D:\sdk\platform-tools;D:\Python\Scripts;D:\Matlab R2018b\runtime\win64;D:\Matlab R2018b\bin;C:\Program Files (x86)\Windows Kits\10\Windows Performance Toolkit\;"D:\Program Files\Java\jdk1.8.0_131\bin;D:\Program Files\Java\jdk1.8.0_131\jre\bin;";D:\JDK\bin£»"D:\Program Files\Java\jdk1.8.0_131\bin;D:\Program Files\Java\jdk1.8.0_131\jre\bin;";C:\ProgramData\Oracle\Java\javapath;"D:\Program Files\Java\jdk1.8.0_131\bin;D:\Program Files\Java\jdk1.8.0_131\jre\bin;";D:\sdk\platform-tools;D:\Python\Scripts;D:\Matlab R2018b\runtime\win64;D:\Matlab R2018b\bin;C:\Program Files (x86)\Windows Kits\10\Windows Performance Toolkit\;"D:\Program Files\Java\jdk1.8.0_131\bin;D:\Program Files\Java\jdk1.8.0_131\jre\bin;";D:\JDK\bin£»C:\WINDOWS\System32;;D:\Git\cmd;C:\Program Files\Common Files\Autodesk Shared\;C:\WINDOWS\system32;C:\WINDOWS;C:\WINDOWS\system32\wbem;;D:\Git\cmd;C:\Program Files\Common Files\Autodesk Shared\;C:\WINDOWS\system32;C:\WINDOWS;C:\WINDOWS\system32\wbem;;D:\Git\cmd;C:\Program Files\Common Files\Autodesk Shared\;C:\WINDOWS\system32;C:\WINDOWS;C:\WINDOWS\system32\wbem;D:\Program Files\Java\jdk1.8.0_131\bin;D:\Program Files\Java\jdk1.8.0_131\jre\bin;D:\Program Files\Java\jdk1.8.0_131\bin;D:\Program Files\Java\jdk1.8.0_131\jre\bin;D:\Tomcat\apache-maven-3.6.3\bin;
USERNAME=ljy
OS=Windows_NT
PROCESSOR_IDENTIFIER=Intel64 Family 6 Model 142 Stepping 9, GenuineIntel



---------------  S Y S T E M  ---------------

OS: Windows 10.0 , 64 bit Build 18362 (10.0.18362.778)

CPU:total 4 (initial active 4) (2 cores per cpu, 2 threads per core) family 6 model 142 stepping 9, cmov, cx8, fxsr, mmx, sse, sse2, sse3, ssse3, sse4.1, sse4.2, popcnt, avx, avx2, aes, clmul, erms, 3dnowpref, lzcnt, ht, tsc, tscinvbit, bmi1, bmi2, adx

Memory: 4k page, physical 8271292k(2317992k free), swap 8271292k(5932k free)

vm_info: Java HotSpot(TM) 64-Bit Server VM (25.131-b11) for windows-amd64 JRE (1.8.0_131-b11), built on Mar 15 2017 01:23:53 by "java_re" with MS VC++ 10.0 (VS2010)

time: Fri Jun 05 22:07:14 2020
elapsed time: 15 seconds (0d 0h 0m 15s)

