#
# There is insufficient memory for the Java Runtime Environment to continue.
# Native memory allocation (malloc) failed to allocate 615696 bytes for Chunk::new
# Possible reasons:
#   The system is out of physical RAM or swap space
#   In 32 bit mode, the process size limit was hit
# Possible solutions:
#   Reduce memory load on the system
#   Increase physical memory or swap space
#   Check if swap backing store is full
#   Use 64 bit Java on a 64 bit OS
#   Decrease Java heap size (-Xmx/-Xms)
#   Decrease number of Java threads
#   Decrease Java thread stack sizes (-Xss)
#   Set larger code cache with -XX:ReservedCodeCacheSize=
# This output file may be truncated or incomplete.
#
#  Out of Memory Error (allocation.cpp:390), pid=11280, tid=0x0000000000003a64
#
# JRE version: Java(TM) SE Runtime Environment (8.0_131-b11) (build 1.8.0_131-b11)
# Java VM: Java HotSpot(TM) 64-Bit Server VM (25.131-b11 mixed mode windows-amd64 compressed oops)
# Failed to write core dump. Minidumps are not enabled by default on client versions of Windows
#

---------------  T H R E A D  ---------------

Current thread (0x0000000017e5a800):  JavaThread "C2 CompilerThread0" daemon [_thread_in_native, id=14948, stack(0x0000000018450000,0x0000000018550000)]

Stack: [0x0000000018450000,0x0000000018550000]
[error occurred during error reporting (printing stack bounds), id 0xc0000005]

Native frames: (J=compiled Java code, j=interpreted, Vv=VM code, C=native code)


Current CompileTask:
C2:  26615 7605   !   4       com.android.jack.eclipse.jdt.internal.compiler.parser.Scanner::getNextToken0 (3668 bytes)


---------------  P R O C E S S  ---------------

Java Threads: ( => current thread )
  0x000000001a201800 JavaThread "Jack reporter" [_thread_blocked, id=10964, stack(0x0000000020510000,0x0000000020610000)]
  0x000000001a200000 JavaThread "pool-4-thread-1" [_thread_blocked, id=1120, stack(0x000000001e520000,0x000000001e620000)]
  0x000000001a1fb800 JavaThread "File lock request listener" [_thread_in_native, id=1552, stack(0x000000001d3b0000,0x000000001d4b0000)]
  0x0000000018eb0800 JavaThread "Stdin handler" [_thread_blocked, id=13660, stack(0x000000001ad10000,0x000000001ae10000)]
  0x0000000018eb0000 JavaThread "Asynchronous log dispatcher for org.gradle.launcher.daemon.server.DefaultDaemonConnection@523d271" [_thread_blocked, id=9664, stack(0x000000001ac10000,0x000000001ad10000)]
  0x0000000018d12800 JavaThread "Daemon worker" [_thread_in_Java, id=14580, stack(0x000000001ab10000,0x000000001ac10000)]
  0x0000000018d0f800 JavaThread "Cancel handler" [_thread_blocked, id=3352, stack(0x000000001aa10000,0x000000001ab10000)]
  0x0000000018d03000 JavaThread "Handler for socket connection from /127.0.0.1:61790 to /127.0.0.1:61791" [_thread_in_native, id=10064, stack(0x000000001a710000,0x000000001a810000)]
  0x000000001801d000 JavaThread "Daemon" [_thread_blocked, id=292, stack(0x000000001a610000,0x000000001a710000)]
  0x0000000018f32800 JavaThread "Incoming local TCP Connector on port 61790" [_thread_in_native, id=13688, stack(0x000000001a510000,0x000000001a610000)]
  0x0000000019575800 JavaThread "pool-1-thread-1" [_thread_blocked, id=7084, stack(0x0000000019150000,0x0000000019250000)]
  0x0000000017ee0000 JavaThread "Service Thread" daemon [_thread_blocked, id=8396, stack(0x0000000018750000,0x0000000018850000)]
  0x0000000017e66000 JavaThread "C1 CompilerThread2" daemon [_thread_blocked, id=9440, stack(0x0000000018650000,0x0000000018750000)]
  0x0000000017e60000 JavaThread "C2 CompilerThread1" daemon [_thread_in_native, id=11940, stack(0x0000000018550000,0x0000000018650000)]
=>0x0000000017e5a800 JavaThread "C2 CompilerThread0" daemon [_thread_in_native, id=14948, stack(0x0000000018450000,0x0000000018550000)]
  0x0000000017e58800 JavaThread "Attach Listener" daemon [_thread_blocked, id=13764, stack(0x0000000018350000,0x0000000018450000)]
  0x0000000016b00000 JavaThread "Signal Dispatcher" daemon [_thread_blocked, id=15296, stack(0x0000000018250000,0x0000000018350000)]
  0x0000000016ada800 JavaThread "Finalizer" daemon [_thread_blocked, id=9700, stack(0x0000000017d50000,0x0000000017e50000)]
  0x0000000003172000 JavaThread "Reference Handler" daemon [_thread_blocked, id=13072, stack(0x0000000017c50000,0x0000000017d50000)]
  0x00000000013fe800 JavaThread "main" [_thread_blocked, id=5204, stack(0x0000000002c30000,0x0000000002d30000)]

Other Threads:
  0x0000000016ab7000 VMThread [stack: 0x0000000017b50000,0x0000000017c50000] [id=14868]
  0x0000000017f30000 WatcherThread [stack: 0x0000000018850000,0x0000000018950000] [id=2900]

VM state:not at safepoint (normal execution)

VM Mutex/Monitor currently owned by a thread: None

Heap:
 PSYoungGen      total 159232K, used 28075K [0x00000000e0000000, 0x00000000ec480000, 0x0000000100000000)
  eden space 140288K, 20% used [0x00000000e0000000,0x00000000e1b6aec0,0x00000000e8900000)
  from space 18944K, 0% used [0x00000000e9c80000,0x00000000e9c80000,0x00000000eaf00000)
  to   space 19968K, 0% used [0x00000000e8900000,0x00000000e8900000,0x00000000e9c80000)
 ParOldGen       total 102400K, used 46685K [0x00000000a0000000, 0x00000000a6400000, 0x00000000e0000000)
  object space 102400K, 45% used [0x00000000a0000000,0x00000000a2d977a0,0x00000000a6400000)
 Metaspace       used 61044K, capacity 62608K, committed 62848K, reserved 1103872K
  class space    used 8184K, capacity 8573K, committed 8576K, reserved 1048576K

Card table byte_map: [0x0000000012540000,0x0000000012850000] byte_map_base: 0x0000000012040000

Marking Bits: (ParMarkBitMap*) 0x0000000059c4c720
 Begin Bits: [0x0000000012e50000, 0x0000000014650000)
 End Bits:   [0x0000000014650000, 0x0000000015e50000)

Polling page: 0x0000000000e60000

CodeCache: size=245760Kb used=23414Kb max_used=23414Kb free=222345Kb
 bounds [0x0000000003180000, 0x0000000004880000, 0x0000000012180000]
 total_blobs=7559 nmethods=6795 adapters=675
 compilation: enabled

Compilation events (10 events):
Event: 26.586 Thread 0x0000000017e66000 7649       3       com.android.jack.eclipse.jdt.internal.compiler.parser.Parser::consumeExitVariableWithInitialization (70 bytes)
Event: 26.587 Thread 0x0000000017e66000 nmethod 7649 0x0000000003fae410 code [0x0000000003fae580, 0x0000000003fae908]
Event: 26.593 Thread 0x0000000017e66000 7661       3       com.android.jack.eclipse.jdt.internal.compiler.parser.Scanner::recordComment (165 bytes)
Event: 26.595 Thread 0x0000000017e66000 nmethod 7661 0x0000000003fad950 code [0x0000000003fadb00, 0x0000000003fae168]
Event: 26.597 Thread 0x0000000017e66000 7662       3       com.android.jack.eclipse.jdt.internal.compiler.parser.JavadocParser::parseSimpleTag (367 bytes)
Event: 26.598 Thread 0x0000000017e66000 nmethod 7662 0x0000000004874cd0 code [0x0000000004874f80, 0x0000000004876278]
Event: 26.598 Thread 0x0000000017e66000 7663       3       com.android.jack.eclipse.jdt.internal.compiler.ast.Javadoc::<init> (38 bytes)
Event: 26.599 Thread 0x0000000017e66000 nmethod 7663 0x0000000003fad490 code [0x0000000003fad600, 0x0000000003fad850]
Event: 26.607 Thread 0x0000000017e66000 7664       3       java.lang.String::valueOf (9 bytes)
Event: 26.607 Thread 0x0000000017e66000 nmethod 7664 0x0000000003facc10 code [0x0000000003facda0, 0x0000000003fad228]

GC Heap History (10 events):
Event: 16.264 GC heap before
{Heap before GC invocations=13 (full 2):
 PSYoungGen      total 110592K, used 110197K [0x00000000e0000000, 0x00000000e8400000, 0x0000000100000000)
  eden space 100864K, 100% used [0x00000000e0000000,0x00000000e6280000,0x00000000e6280000)
  from space 9728K, 95% used [0x00000000e7a80000,0x00000000e839d5e0,0x00000000e8400000)
  to   space 10752K, 0% used [0x00000000e6f00000,0x00000000e6f00000,0x00000000e7980000)
 ParOldGen       total 102400K, used 17316K [0x00000000a0000000, 0x00000000a6400000, 0x00000000e0000000)
  object space 102400K, 16% used [0x00000000a0000000,0x00000000a10e9098,0x00000000a6400000)
 Metaspace       used 47903K, capacity 49246K, committed 49408K, reserved 1091584K
  class space    used 6543K, capacity 6856K, committed 6912K, reserved 1048576K
Event: 16.295 GC heap after
Heap after GC invocations=13 (full 2):
 PSYoungGen      total 124416K, used 10721K [0x00000000e0000000, 0x00000000e9300000, 0x0000000100000000)
  eden space 113664K, 0% used [0x00000000e0000000,0x00000000e0000000,0x00000000e6f00000)
  from space 10752K, 99% used [0x00000000e6f00000,0x00000000e7978490,0x00000000e7980000)
  to   space 13824K, 0% used [0x00000000e8580000,0x00000000e8580000,0x00000000e9300000)
 ParOldGen       total 102400K, used 22755K [0x00000000a0000000, 0x00000000a6400000, 0x00000000e0000000)
  object space 102400K, 22% used [0x00000000a0000000,0x00000000a1638e38,0x00000000a6400000)
 Metaspace       used 47903K, capacity 49246K, committed 49408K, reserved 1091584K
  class space    used 6543K, capacity 6856K, committed 6912K, reserved 1048576K
}
Event: 22.224 GC heap before
{Heap before GC invocations=14 (full 2):
 PSYoungGen      total 124416K, used 124385K [0x00000000e0000000, 0x00000000e9300000, 0x0000000100000000)
  eden space 113664K, 100% used [0x00000000e0000000,0x00000000e6f00000,0x00000000e6f00000)
  from space 10752K, 99% used [0x00000000e6f00000,0x00000000e7978490,0x00000000e7980000)
  to   space 13824K, 0% used [0x00000000e8580000,0x00000000e8580000,0x00000000e9300000)
 ParOldGen       total 102400K, used 22755K [0x00000000a0000000, 0x00000000a6400000, 0x00000000e0000000)
  object space 102400K, 22% used [0x00000000a0000000,0x00000000a1638e38,0x00000000a6400000)
 Metaspace       used 53987K, capacity 55520K, committed 55680K, reserved 1097728K
  class space    used 7349K, capacity 7733K, committed 7808K, reserved 1048576K
Event: 22.243 GC heap after
Heap after GC invocations=14 (full 2):
 PSYoungGen      total 133120K, used 13810K [0x00000000e0000000, 0x00000000ea680000, 0x0000000100000000)
  eden space 119296K, 0% used [0x00000000e0000000,0x00000000e0000000,0x00000000e7480000)
  from space 13824K, 99% used [0x00000000e8580000,0x00000000e92fc898,0x00000000e9300000)
  to   space 17408K, 0% used [0x00000000e7480000,0x00000000e7480000,0x00000000e8580000)
 ParOldGen       total 102400K, used 27942K [0x00000000a0000000, 0x00000000a6400000, 0x00000000e0000000)
  object space 102400K, 27% used [0x00000000a0000000,0x00000000a1b49a58,0x00000000a6400000)
 Metaspace       used 53987K, capacity 55520K, committed 55680K, reserved 1097728K
  class space    used 7349K, capacity 7733K, committed 7808K, reserved 1048576K
}
Event: 25.342 GC heap before
{Heap before GC invocations=15 (full 2):
 PSYoungGen      total 133120K, used 133106K [0x00000000e0000000, 0x00000000ea680000, 0x0000000100000000)
  eden space 119296K, 100% used [0x00000000e0000000,0x00000000e7480000,0x00000000e7480000)
  from space 13824K, 99% used [0x00000000e8580000,0x00000000e92fc898,0x00000000e9300000)
  to   space 17408K, 0% used [0x00000000e7480000,0x00000000e7480000,0x00000000e8580000)
 ParOldGen       total 102400K, used 27942K [0x00000000a0000000, 0x00000000a6400000, 0x00000000e0000000)
  object space 102400K, 27% used [0x00000000a0000000,0x00000000a1b49a58,0x00000000a6400000)
 Metaspace       used 56789K, capacity 58326K, committed 58368K, reserved 1099776K
  class space    used 7814K, capacity 8190K, committed 8192K, reserved 1048576K
Event: 25.365 GC heap after
Heap after GC invocations=15 (full 2):
 PSYoungGen      total 136704K, used 15592K [0x00000000e0000000, 0x00000000eaf00000, 0x0000000100000000)
  eden space 119296K, 0% used [0x00000000e0000000,0x00000000e0000000,0x00000000e7480000)
  from space 17408K, 89% used [0x00000000e7480000,0x00000000e83ba0e8,0x00000000e8580000)
  to   space 18944K, 0% used [0x00000000e9c80000,0x00000000e9c80000,0x00000000eaf00000)
 ParOldGen       total 102400K, used 37913K [0x00000000a0000000, 0x00000000a6400000, 0x00000000e0000000)
  object space 102400K, 37% used [0x00000000a0000000,0x00000000a2506498,0x00000000a6400000)
 Metaspace       used 56789K, capacity 58326K, committed 58368K, reserved 1099776K
  class space    used 7814K, capacity 8190K, committed 8192K, reserved 1048576K
}
Event: 25.474 GC heap before
{Heap before GC invocations=16 (full 2):
 PSYoungGen      total 136704K, used 20454K [0x00000000e0000000, 0x00000000eaf00000, 0x0000000100000000)
  eden space 119296K, 4% used [0x00000000e0000000,0x00000000e04bf9a8,0x00000000e7480000)
  from space 17408K, 89% used [0x00000000e7480000,0x00000000e83ba0e8,0x00000000e8580000)
  to   space 18944K, 0% used [0x00000000e9c80000,0x00000000e9c80000,0x00000000eaf00000)
 ParOldGen       total 102400K, used 37913K [0x00000000a0000000, 0x00000000a6400000, 0x00000000e0000000)
  object space 102400K, 37% used [0x00000000a0000000,0x00000000a2506498,0x00000000a6400000)
 Metaspace       used 57439K, capacity 58934K, committed 59096K, reserved 1099776K
  class space    used 7846K, capacity 8222K, committed 8320K, reserved 1048576K
Event: 25.485 GC heap after
Heap after GC invocations=16 (full 2):
 PSYoungGen      total 159232K, used 13521K [0x00000000e0000000, 0x00000000ec480000, 0x0000000100000000)
  eden space 140288K, 0% used [0x00000000e0000000,0x00000000e0000000,0x00000000e8900000)
  from space 18944K, 71% used [0x00000000e9c80000,0x00000000ea9b44f8,0x00000000eaf00000)
  to   space 19968K, 0% used [0x00000000e8900000,0x00000000e8900000,0x00000000e9c80000)
 ParOldGen       total 102400K, used 37921K [0x00000000a0000000, 0x00000000a6400000, 0x00000000e0000000)
  object space 102400K, 37% used [0x00000000a0000000,0x00000000a2508498,0x00000000a6400000)
 Metaspace       used 57439K, capacity 58934K, committed 59096K, reserved 1099776K
  class space    used 7846K, capacity 8222K, committed 8320K, reserved 1048576K
}
Event: 25.485 GC heap before
{Heap before GC invocations=17 (full 3):
 PSYoungGen      total 159232K, used 13521K [0x00000000e0000000, 0x00000000ec480000, 0x0000000100000000)
  eden space 140288K, 0% used [0x00000000e0000000,0x00000000e0000000,0x00000000e8900000)
  from space 18944K, 71% used [0x00000000e9c80000,0x00000000ea9b44f8,0x00000000eaf00000)
  to   space 19968K, 0% used [0x00000000e8900000,0x00000000e8900000,0x00000000e9c80000)
 ParOldGen       total 102400K, used 37921K [0x00000000a0000000, 0x00000000a6400000, 0x00000000e0000000)
  object space 102400K, 37% used [0x00000000a0000000,0x00000000a2508498,0x00000000a6400000)
 Metaspace       used 57439K, capacity 58934K, committed 59096K, reserved 1099776K
  class space    used 7846K, capacity 8222K, committed 8320K, reserved 1048576K
Event: 25.854 GC heap after
Heap after GC invocations=17 (full 3):
 PSYoungGen      total 159232K, used 0K [0x00000000e0000000, 0x00000000ec480000, 0x0000000100000000)
  eden space 140288K, 0% used [0x00000000e0000000,0x00000000e0000000,0x00000000e8900000)
  from space 18944K, 0% used [0x00000000e9c80000,0x00000000e9c80000,0x00000000eaf00000)
  to   space 19968K, 0% used [0x00000000e8900000,0x00000000e8900000,0x00000000e9c80000)
 ParOldGen       total 102400K, used 46685K [0x00000000a0000000, 0x00000000a6400000, 0x00000000e0000000)
  object space 102400K, 45% used [0x00000000a0000000,0x00000000a2d977a0,0x00000000a6400000)
 Metaspace       used 57437K, capacity 58928K, committed 59096K, reserved 1099776K
  class space    used 7845K, capacity 8221K, committed 8320K, reserved 1048576K
}

Deoptimization events (10 events):
Event: 25.059 Thread 0x0000000018d12800 Uncommon trap: reason=unstable_if action=reinterpret pc=0x00000000047b5120 method=com.android.jack.google.common.base.Splitter$SplittingIterator.computeNext()Ljava/lang/String; @ 105
Event: 25.059 Thread 0x0000000018d12800 Uncommon trap: reason=unstable_if action=reinterpret pc=0x00000000047b6560 method=com.android.jack.google.common.base.Splitter$SplittingIterator.computeNext()Ljava/lang/String; @ 105
Event: 25.377 Thread 0x0000000018d12800 Uncommon trap: reason=unstable_if action=reinterpret pc=0x000000000479aab4 method=java.util.Properties.load0(Ljava/util/Properties$LineReader;)V @ 80
Event: 25.377 Thread 0x0000000018d12800 Uncommon trap: reason=unstable_if action=reinterpret pc=0x000000000462bee8 method=java.util.Properties.load0(Ljava/util/Properties$LineReader;)V @ 80
Event: 25.378 Thread 0x0000000018d12800 Uncommon trap: reason=unstable_if action=reinterpret pc=0x0000000004622b78 method=java.util.Properties$LineReader.readLine()I @ 271
Event: 25.378 Thread 0x0000000018d12800 Uncommon trap: reason=unstable_if action=reinterpret pc=0x0000000004615a18 method=java.util.Properties$LineReader.readLine()I @ 271
Event: 25.379 Thread 0x0000000018d12800 Uncommon trap: reason=unstable_if action=reinterpret pc=0x0000000004605f88 method=java.util.Properties.loadConvert([CII[C)Ljava/lang/String; @ 4
Event: 25.380 Thread 0x0000000018d12800 Uncommon trap: reason=unstable_if action=reinterpret pc=0x0000000004602018 method=java.util.Properties.loadConvert([CII[C)Ljava/lang/String; @ 445
Event: 26.443 Thread 0x0000000018d12800 Uncommon trap: reason=unstable_if action=reinterpret pc=0x00000000047d4564 method=sun.nio.cs.ext.DoubleByte$Decoder.decodeArrayLoop(Ljava/nio/ByteBuffer;Ljava/nio/CharBuffer;)Ljava/nio/charset/CoderResult; @ 95
Event: 26.443 Thread 0x0000000018d12800 Uncommon trap: reason=unstable_if action=reinterpret pc=0x0000000004628e44 method=sun.nio.cs.ext.DoubleByte$Decoder.decodeArrayLoop(Ljava/nio/ByteBuffer;Ljava/nio/CharBuffer;)Ljava/nio/charset/CoderResult; @ 95

Internal exceptions (10 events):
Event: 16.243 Thread 0x0000000018d12800 Exception <a 'java/lang/NoSuchMethodError': <clinit>> (0x00000000e625df60) thrown at [C:\re\workspace\8-2-build-windows-amd64-cygwin\jdk8u131\8869\hotspot\src\share\vm\prims\jni.cpp, line 1613]
Event: 16.243 Thread 0x0000000018d12800 Exception <a 'java/lang/NoSuchMethodError': <clinit>> (0x00000000e625f478) thrown at [C:\re\workspace\8-2-build-windows-amd64-cygwin\jdk8u131\8869\hotspot\src\share\vm\prims\jni.cpp, line 1613]
Event: 17.299 Thread 0x0000000018d12800 Implicit null exception at 0x000000000457331a to 0x000000000457336d
Event: 17.855 Thread 0x0000000018d12800 Implicit null exception at 0x0000000004625c50 to 0x0000000004625c81
Event: 21.863 Thread 0x0000000018d12800 Implicit null exception at 0x0000000003fa58cb to 0x0000000003fa7e0d
Event: 22.753 Thread 0x0000000018d12800 Implicit null exception at 0x000000000479825b to 0x0000000004798c29
Event: 22.887 Thread 0x0000000018d12800 Implicit null exception at 0x000000000478b781 to 0x000000000478bda1
Event: 26.478 Thread 0x0000000018d12800 Exception <a 'java/lang/ArrayIndexOutOfBoundsException': 6947> (0x00000000e161faf0) thrown at [C:\re\workspace\8-2-build-windows-amd64-cygwin\jdk8u131\8869\hotspot\src\share\vm\interpreter\interpreterRuntime.cpp, line 366]
Event: 26.517 Thread 0x0000000018d12800 Exception <a 'java/lang/ArrayIndexOutOfBoundsException': 1867> (0x00000000e1745c20) thrown at [C:\re\workspace\8-2-build-windows-amd64-cygwin\jdk8u131\8869\hotspot\src\share\vm\interpreter\interpreterRuntime.cpp, line 366]
Event: 26.606 Thread 0x0000000018d12800 Exception <a 'java/lang/ArrayIndexOutOfBoundsException'> (0x00000000e19bf9b8) thrown at [C:\re\workspace\8-2-build-windows-amd64-cygwin\jdk8u131\8869\hotspot\src\share\vm\runtime\sharedRuntime.cpp, line 605]

Events (10 events):
Event: 26.612 Thread 0x0000000018d12800 DEOPT PACKING pc=0x0000000003d5263e sp=0x000000001ac0b290
Event: 26.612 Thread 0x0000000018d12800 DEOPT UNPACKING pc=0x00000000031c787f sp=0x000000001ac0b098 mode 0
Event: 26.612 Thread 0x0000000018d12800 DEOPT PACKING pc=0x0000000003d5263e sp=0x000000001ac0b290
Event: 26.612 Thread 0x0000000018d12800 DEOPT UNPACKING pc=0x00000000031c787f sp=0x000000001ac0b098 mode 0
Event: 26.613 Thread 0x0000000018d12800 DEOPT PACKING pc=0x0000000003d5263e sp=0x000000001ac0b290
Event: 26.613 Thread 0x0000000018d12800 DEOPT UNPACKING pc=0x00000000031c787f sp=0x000000001ac0b098 mode 0
Event: 26.613 Thread 0x0000000018d12800 DEOPT PACKING pc=0x0000000003d5263e sp=0x000000001ac0b290
Event: 26.613 Thread 0x0000000018d12800 DEOPT UNPACKING pc=0x00000000031c787f sp=0x000000001ac0b098 mode 0
Event: 26.613 Thread 0x0000000018d12800 DEOPT PACKING pc=0x0000000003d5263e sp=0x000000001ac0b290
Event: 26.613 Thread 0x0000000018d12800 DEOPT UNPACKING pc=0x00000000031c787f sp=0x000000001ac0b098 mode 0


Dynamic libraries:
0x00007ff6a3d50000 - 0x00007ff6a3d87000 	D:\Program Files\Java\jdk1.8.0_131\bin\java.exe
0x00007ffc5c160000 - 0x00007ffc5c350000 	C:\WINDOWS\SYSTEM32\ntdll.dll
0x00007ffc5aed0000 - 0x00007ffc5af82000 	C:\WINDOWS\System32\KERNEL32.DLL
0x00007ffc59f30000 - 0x00007ffc5a1d3000 	C:\WINDOWS\System32\KERNELBASE.dll
0x00007ffc5a8c0000 - 0x00007ffc5a963000 	C:\WINDOWS\System32\ADVAPI32.dll
0x00007ffc5a970000 - 0x00007ffc5aa0e000 	C:\WINDOWS\System32\msvcrt.dll
0x00007ffc5a820000 - 0x00007ffc5a8b7000 	C:\WINDOWS\System32\sechost.dll
0x00007ffc5aa10000 - 0x00007ffc5ab30000 	C:\WINDOWS\System32\RPCRT4.dll
0x00007ffc5bc20000 - 0x00007ffc5bdb4000 	C:\WINDOWS\System32\USER32.dll
0x00007ffc59f00000 - 0x00007ffc59f21000 	C:\WINDOWS\System32\win32u.dll
0x00007ffc5a1e0000 - 0x00007ffc5a206000 	C:\WINDOWS\System32\GDI32.dll
0x00007ffc595e0000 - 0x00007ffc59774000 	C:\WINDOWS\System32\gdi32full.dll
0x00007ffc59120000 - 0x00007ffc591be000 	C:\WINDOWS\System32\msvcp_win.dll
0x00007ffc593b0000 - 0x00007ffc594aa000 	C:\WINDOWS\System32\ucrtbase.dll
0x00007ffc4b280000 - 0x00007ffc4b505000 	C:\WINDOWS\WinSxS\amd64_microsoft.windows.common-controls_6595b64144ccf1df_6.0.18362.778_none_e6c6b761130d4fb8\COMCTL32.dll
0x00007ffc5b7f0000 - 0x00007ffc5bb26000 	C:\WINDOWS\System32\combase.dll
0x00007ffc59330000 - 0x00007ffc593b0000 	C:\WINDOWS\System32\bcryptPrimitives.dll
0x00007ffc5ab30000 - 0x00007ffc5ab5e000 	C:\WINDOWS\System32\IMM32.DLL
0x0000000059cd0000 - 0x0000000059da2000 	D:\Program Files\Java\jdk1.8.0_131\jre\bin\msvcr100.dll
0x0000000059430000 - 0x0000000059ccc000 	D:\Program Files\Java\jdk1.8.0_131\jre\bin\server\jvm.dll
0x00007ffc5b7e0000 - 0x00007ffc5b7e8000 	C:\WINDOWS\System32\PSAPI.DLL
0x00007ffc569d0000 - 0x00007ffc569f4000 	C:\WINDOWS\SYSTEM32\WINMM.dll
0x00007ffc4f030000 - 0x00007ffc4f039000 	C:\WINDOWS\SYSTEM32\WSOCK32.dll
0x00007ffc50e40000 - 0x00007ffc50e4a000 	C:\WINDOWS\SYSTEM32\VERSION.dll
0x00007ffc5bb30000 - 0x00007ffc5bb9f000 	C:\WINDOWS\System32\WS2_32.dll
0x00007ffc569a0000 - 0x00007ffc569cd000 	C:\WINDOWS\SYSTEM32\winmmbase.dll
0x00007ffc59560000 - 0x00007ffc595aa000 	C:\WINDOWS\System32\cfgmgr32.dll
0x0000000059420000 - 0x000000005942f000 	D:\Program Files\Java\jdk1.8.0_131\jre\bin\verify.dll
0x00000000593f0000 - 0x0000000059419000 	D:\Program Files\Java\jdk1.8.0_131\jre\bin\java.dll
0x00000000593d0000 - 0x00000000593e6000 	D:\Program Files\Java\jdk1.8.0_131\jre\bin\zip.dll
0x00007ffc5afc0000 - 0x00007ffc5b6a5000 	C:\WINDOWS\System32\SHELL32.dll
0x00007ffc5abf0000 - 0x00007ffc5ac99000 	C:\WINDOWS\System32\shcore.dll
0x00007ffc59780000 - 0x00007ffc59f00000 	C:\WINDOWS\System32\windows.storage.dll
0x00007ffc59000000 - 0x00007ffc59023000 	C:\WINDOWS\System32\profapi.dll
0x00007ffc59030000 - 0x00007ffc5907a000 	C:\WINDOWS\System32\powrprof.dll
0x00007ffc58ff0000 - 0x00007ffc59000000 	C:\WINDOWS\System32\UMPDC.dll
0x00007ffc5a7c0000 - 0x00007ffc5a812000 	C:\WINDOWS\System32\shlwapi.dll
0x00007ffc590a0000 - 0x00007ffc590b1000 	C:\WINDOWS\System32\kernel.appcore.dll
0x00007ffc591c0000 - 0x00007ffc591d7000 	C:\WINDOWS\System32\cryptsp.dll
0x00000000593b0000 - 0x00000000593ca000 	D:\Program Files\Java\jdk1.8.0_131\jre\bin\net.dll
0x00007ffc587d0000 - 0x00007ffc58837000 	C:\WINDOWS\system32\mswsock.dll
0x0000000059390000 - 0x00000000593a1000 	D:\Program Files\Java\jdk1.8.0_131\jre\bin\nio.dll
0x00007ffc4f5d0000 - 0x00007ffc4f5e2000 	C:\Users\86176\.gradle\native\19\windows-amd64\native-platform.dll
0x00007ffc58340000 - 0x00007ffc58373000 	C:\WINDOWS\system32\rsaenh.dll
0x00007ffc595b0000 - 0x00007ffc595d6000 	C:\WINDOWS\System32\bcrypt.dll
0x00007ffc58f10000 - 0x00007ffc58f35000 	C:\WINDOWS\SYSTEM32\USERENV.dll
0x00007ffc589a0000 - 0x00007ffc589ac000 	C:\WINDOWS\SYSTEM32\CRYPTBASE.dll
0x00007ffc584e0000 - 0x00007ffc5851a000 	C:\WINDOWS\SYSTEM32\IPHLPAPI.DLL
0x00007ffc5bba0000 - 0x00007ffc5bba8000 	C:\WINDOWS\System32\NSI.dll
0x00007ffc53110000 - 0x00007ffc53126000 	C:\WINDOWS\SYSTEM32\dhcpcsvc6.DLL
0x00007ffc530f0000 - 0x00007ffc5310c000 	C:\WINDOWS\SYSTEM32\dhcpcsvc.DLL
0x00007ffc58520000 - 0x00007ffc585ea000 	C:\WINDOWS\SYSTEM32\DNSAPI.dll
0x0000000059380000 - 0x000000005938d000 	D:\Program Files\Java\jdk1.8.0_131\jre\bin\management.dll
0x0000000059350000 - 0x0000000059374000 	D:\Program Files\Java\jdk1.8.0_131\jre\bin\sunec.dll
0x0000000059340000 - 0x000000005934b000 	D:\Program Files\Java\jdk1.8.0_131\jre\bin\sunmscapi.dll
0x00007ffc591e0000 - 0x00007ffc59329000 	C:\WINDOWS\System32\CRYPT32.dll
0x00007ffc59080000 - 0x00007ffc59092000 	C:\WINDOWS\System32\MSASN1.dll

VM Arguments:
jvm_args: -Xmx1536m -Dfile.encoding=GBK -Duser.country=CN -Duser.language=zh -Duser.variant 
java_command: org.gradle.launcher.daemon.bootstrap.GradleDaemon 2.14.1
java_class_path (initial): C:\Users\86176\.gradle\wrapper\dists\gradle-2.14.1-all\8bnwg5hd3w55iofp58khbp6yv\gradle-2.14.1\lib\gradle-launcher-2.14.1.jar
Launcher Type: SUN_STANDARD

Environment Variables:
JAVA_HOME=D:\Program Files\Java\jdk1.8.0_131
CLASSPATH=.;D:\Program Files\Java\jdk1.8.0_131\lib\dt.jar;D:\Program Files\Java\jdk1.8.0_131\lib\tools.jar;D:\Tomcat\apache-tomcat-8.5.50\bin\tomcat-juli.jar; 
PATH="D:\Program Files\Java\jdk1.8.0_131\bin;D:\Program Files\Java\jdk1.8.0_131\jre\bin;";C:\ProgramData\Oracle\Java\javapath;"D:\Program Files\Java\jdk1.8.0_131\bin;D:\Program Files\Java\jdk1.8.0_131\jre\bin;";D:\sdk\platform-tools;D:\Python\Scripts;D:\Matlab R2018b\runtime\win64;D:\Matlab R2018b\bin;C:\Program Files (x86)\Windows Kits\10\Windows Performance Toolkit\;"D:\Program Files\Java\jdk1.8.0_131\bin;D:\Program Files\Java\jdk1.8.0_131\jre\bin;";D:\JDK\bin£»"D:\Program Files\Java\jdk1.8.0_131\bin;D:\Program Files\Java\jdk1.8.0_131\jre\bin;";C:\ProgramData\Oracle\Java\javapath;"D:\Program Files\Java\jdk1.8.0_131\bin;D:\Program Files\Java\jdk1.8.0_131\jre\bin;";D:\sdk\platform-tools;D:\Python\Scripts;D:\Matlab R2018b\runtime\win64;D:\Matlab R2018b\bin;C:\Program Files (x86)\Windows Kits\10\Windows Performance Toolkit\;"D:\Program Files\Java\jdk1.8.0_131\bin;D:\Program Files\Java\jdk1.8.0_131\jre\bin;";D:\JDK\bin£»"D:\Program Files\Java\jdk1.8.0_131\bin;D:\Program Files\Java\jdk1.8.0_131\jre\bin;";C:\ProgramData\Oracle\Java\javapath;"D:\Program Files\Java\jdk1.8.0_131\bin;D:\Program Files\Java\jdk1.8.0_131\jre\bin;";D:\sdk\platform-tools;D:\Python\Scripts;D:\Matlab R2018b\runtime\win64;D:\Matlab R2018b\bin;C:\Program Files (x86)\Windows Kits\10\Windows Performance Toolkit\;"D:\Program Files\Java\jdk1.8.0_131\bin;D:\Program Files\Java\jdk1.8.0_131\jre\bin;";D:\JDK\bin£»C:\WINDOWS\System32;;D:\Git\cmd;C:\Program Files\Common Files\Autodesk Shared\;C:\WINDOWS\system32;C:\WINDOWS;C:\WINDOWS\system32\wbem;;D:\Git\cmd;C:\Program Files\Common Files\Autodesk Shared\;C:\WINDOWS\system32;C:\WINDOWS;C:\WINDOWS\system32\wbem;;D:\Git\cmd;C:\Program Files\Common Files\Autodesk Shared\;C:\WINDOWS\system32;C:\WINDOWS;C:\WINDOWS\system32\wbem;D:\Program Files\Java\jdk1.8.0_131\bin;D:\Program Files\Java\jdk1.8.0_131\jre\bin;D:\Program Files\Java\jdk1.8.0_131\bin;D:\Program Files\Java\jdk1.8.0_131\jre\bin;D:\Tomcat\apache-maven-3.6.3\bin;
USERNAME=ljy
OS=Windows_NT
PROCESSOR_IDENTIFIER=Intel64 Family 6 Model 142 Stepping 9, GenuineIntel



---------------  S Y S T E M  ---------------

OS: Windows 10.0 , 64 bit Build 18362 (10.0.18362.778)

CPU:total 4 (initial active 4) (2 cores per cpu, 2 threads per core) family 6 model 142 stepping 9, cmov, cx8, fxsr, mmx, sse, sse2, sse3, ssse3, sse4.1, sse4.2, popcnt, avx, avx2, aes, clmul, erms, 3dnowpref, lzcnt, ht, tsc, tscinvbit, bmi1, bmi2, adx

Memory: 4k page, physical 8271292k(2218884k free), swap 8271292k(5148k free)

vm_info: Java HotSpot(TM) 64-Bit Server VM (25.131-b11) for windows-amd64 JRE (1.8.0_131-b11), built on Mar 15 2017 01:23:53 by "java_re" with MS VC++ 10.0 (VS2010)

time: Fri Jun 05 21:57:57 2020
elapsed time: 26 seconds (0d 0h 0m 26s)

