#
# There is insufficient memory for the Java Runtime Environment to continue.
# Native memory allocation (malloc) failed to allocate 131088 bytes for Chunk::new
# Possible reasons:
#   The system is out of physical RAM or swap space
#   In 32 bit mode, the process size limit was hit
# Possible solutions:
#   Reduce memory load on the system
#   Increase physical memory or swap space
#   Check if swap backing store is full
#   Use 64 bit Java on a 64 bit OS
#   Decrease Java heap size (-Xmx/-Xms)
#   Decrease number of Java threads
#   Decrease Java thread stack sizes (-Xss)
#   Set larger code cache with -XX:ReservedCodeCacheSize=
# This output file may be truncated or incomplete.
#
#  Out of Memory Error (allocation.cpp:390), pid=12788, tid=0x00000000000005a4
#
# JRE version: Java(TM) SE Runtime Environment (8.0_131-b11) (build 1.8.0_131-b11)
# Java VM: Java HotSpot(TM) 64-Bit Server VM (25.131-b11 mixed mode windows-amd64 compressed oops)
# Failed to write core dump. Minidumps are not enabled by default on client versions of Windows
#

---------------  T H R E A D  ---------------

Current thread (0x000000001756a800):  JavaThread "C2 CompilerThread0" daemon [_thread_in_native, id=1444, stack(0x0000000017b60000,0x0000000017c60000)]

Stack: [0x0000000017b60000,0x0000000017c60000]
[error occurred during error reporting (printing stack bounds), id 0xc0000005]

Native frames: (J=compiled Java code, j=interpreted, Vv=VM code, C=native code)


Current CompileTask:
C2: 127893 16704   !   4       com.android.jill.frontend.java.JavaTransformer::transformToZip (87 bytes)


---------------  P R O C E S S  ---------------

Java Threads: ( => current thread )
  0x000000001ab84000 JavaThread "Jack reporter" [_thread_blocked, id=14696, stack(0x000000001a140000,0x000000001a240000)]
  0x000000001ab7f800 JavaThread "Stdin handler" [_thread_blocked, id=13292, stack(0x0000000019e40000,0x0000000019f40000)]
  0x000000001ab7d000 JavaThread "Asynchronous log dispatcher for org.gradle.launcher.daemon.server.DefaultDaemonConnection@7af63d2d" [_thread_blocked, id=12112, stack(0x00000000008d0000,0x00000000009d0000)]
  0x000000001ab7b800 JavaThread "Cancel handler" [_thread_blocked, id=2544, stack(0x00000000007d0000,0x00000000008d0000)]
  0x000000001ab7b000 JavaThread "Handler for socket connection from /127.0.0.1:53226 to /127.0.0.1:53291" [_thread_in_native, id=6040, stack(0x00000000006d0000,0x00000000007d0000)]
  0x0000000018d13800 JavaThread "File lock request listener" [_thread_in_native, id=8164, stack(0x000000001dcb0000,0x000000001ddb0000)]
  0x0000000018d50000 JavaThread "Daemon worker" [_thread_in_native, id=9380, stack(0x000000001a240000,0x000000001a340000)]
  0x0000000018cfd800 JavaThread "Daemon" [_thread_blocked, id=3956, stack(0x0000000019d40000,0x0000000019e40000)]
  0x0000000018ada000 JavaThread "Incoming local TCP Connector on port 53226" [_thread_in_native, id=2116, stack(0x0000000019b90000,0x0000000019c90000)]
  0x0000000018a05000 JavaThread "pool-1-thread-1" [_thread_blocked, id=5204, stack(0x0000000019890000,0x0000000019990000)]
  0x00000000175eb000 JavaThread "Service Thread" daemon [_thread_blocked, id=13972, stack(0x0000000017e60000,0x0000000017f60000)]
  0x0000000017579800 JavaThread "C1 CompilerThread2" daemon [_thread_blocked, id=1436, stack(0x0000000017d60000,0x0000000017e60000)]
  0x000000001756c800 JavaThread "C2 CompilerThread1" daemon [_thread_blocked, id=14064, stack(0x0000000017c60000,0x0000000017d60000)]
=>0x000000001756a800 JavaThread "C2 CompilerThread0" daemon [_thread_in_native, id=1444, stack(0x0000000017b60000,0x0000000017c60000)]
  0x0000000017568800 JavaThread "Attach Listener" daemon [_thread_blocked, id=12024, stack(0x0000000017a60000,0x0000000017b60000)]
  0x0000000016200000 JavaThread "Signal Dispatcher" daemon [_thread_blocked, id=15068, stack(0x0000000017960000,0x0000000017a60000)]
  0x00000000161da800 JavaThread "Finalizer" daemon [_thread_blocked, id=2516, stack(0x0000000017460000,0x0000000017560000)]
  0x0000000002872000 JavaThread "Reference Handler" daemon [_thread_blocked, id=10556, stack(0x0000000017360000,0x0000000017460000)]
  0x000000000277e800 JavaThread "main" [_thread_blocked, id=10512, stack(0x0000000002630000,0x0000000002730000)]

Other Threads:
  0x00000000161b7000 VMThread [stack: 0x0000000017260000,0x0000000017360000] [id=3920]
  0x0000000017664000 WatcherThread [stack: 0x0000000017f60000,0x0000000018060000] [id=4744]

VM state:not at safepoint (normal execution)

VM Mutex/Monitor currently owned by a thread: None

Heap:
 PSYoungGen      total 377856K, used 164451K [0x00000000e0000000, 0x00000000ffa80000, 0x0000000100000000)
  eden space 233984K, 67% used [0x00000000e0000000,0x00000000e9958460,0x00000000ee480000)
  from space 143872K, 5% used [0x00000000f6e00000,0x00000000f7540a00,0x00000000ffa80000)
  to   space 140800K, 0% used [0x00000000ee480000,0x00000000ee480000,0x00000000f6e00000)
 ParOldGen       total 163840K, used 47020K [0x00000000a0000000, 0x00000000aa000000, 0x00000000e0000000)
  object space 163840K, 28% used [0x00000000a0000000,0x00000000a2deb2c8,0x00000000aa000000)
 Metaspace       used 66204K, capacity 68156K, committed 68312K, reserved 1107968K
  class space    used 8861K, capacity 9325K, committed 9432K, reserved 1048576K

Card table byte_map: [0x0000000011c40000,0x0000000011f50000] byte_map_base: 0x0000000011740000

Marking Bits: (ParMarkBitMap*) 0x0000000059e0c720
 Begin Bits: [0x0000000012550000, 0x0000000013d50000)
 End Bits:   [0x0000000013d50000, 0x0000000015550000)

Polling page: 0x00000000009f0000

CodeCache: size=245760Kb used=44767Kb max_used=44780Kb free=200992Kb
 bounds [0x0000000002880000, 0x0000000005480000, 0x0000000011880000]
 total_blobs=12735 nmethods=11986 adapters=657
 compilation: enabled

Compilation events (10 events):
Event: 126.896 Thread 0x000000001756a800 nmethod 16702 0x000000000544d7d0 code [0x000000000544d960, 0x000000000544e5e8]
Event: 126.905 Thread 0x000000001756c800 16703       4       com.android.sched.util.stream.UncloseableOutputStream::close (8 bytes)
Event: 126.906 Thread 0x000000001756c800 nmethod 16703 0x0000000005452110 code [0x0000000005452260, 0x0000000005452338]
Event: 126.920 Thread 0x000000001756a800 16704   !   4       com.android.jill.frontend.java.JavaTransformer::transformToZip (87 bytes)
Event: 126.920 Thread 0x000000001756c800 16705       4       com.android.jack.objectweb.asm.tree.ClassNode::<init> (50 bytes)
Event: 126.924 Thread 0x000000001756c800 nmethod 16705 0x000000000544fa10 code [0x000000000544fb80, 0x000000000544fe78]
Event: 127.068 Thread 0x000000001756c800 16706       4       com.android.jill.backend.jayce.JayceWriter::<init> (77 bytes)
Event: 127.089 Thread 0x000000001756c800 nmethod 16706 0x000000000546f290 code [0x000000000546f460, 0x0000000005470678]
Event: 127.622 Thread 0x0000000017579800 16707       3       com.android.jill.signature.GenericSignatureParser::updateFormalTypeParameter (122 bytes)
Event: 127.623 Thread 0x0000000017579800 nmethod 16707 0x000000000542f190 code [0x000000000542f380, 0x000000000542fa98]

GC Heap History (10 events):
Event: 100.208 GC heap before
{Heap before GC invocations=70 (full 17):
 PSYoungGen      total 376320K, used 12319K [0x00000000e0000000, 0x00000000ffe80000, 0x0000000100000000)
  eden space 230912K, 5% used [0x00000000e0000000,0x00000000e0c07d60,0x00000000ee180000)
  from space 145408K, 0% used [0x00000000f7080000,0x00000000f7080000,0x00000000ffe80000)
  to   space 145920K, 0% used [0x00000000ee180000,0x00000000ee180000,0x00000000f7000000)
 ParOldGen       total 163840K, used 50758K [0x00000000a0000000, 0x00000000aa000000, 0x00000000e0000000)
  object space 163840K, 30% used [0x00000000a0000000,0x00000000a3191b98,0x00000000aa000000)
 Metaspace       used 65383K, capacity 67166K, committed 67416K, reserved 1107968K
  class space    used 8814K, capacity 9248K, committed 9304K, reserved 1048576K
Event: 100.211 GC heap after
Heap after GC invocations=70 (full 17):
 PSYoungGen      total 376832K, used 1225K [0x00000000e0000000, 0x0000000100000000, 0x0000000100000000)
  eden space 230912K, 0% used [0x00000000e0000000,0x00000000e0000000,0x00000000ee180000)
  from space 145920K, 0% used [0x00000000ee180000,0x00000000ee2b2608,0x00000000f7000000)
  to   space 147456K, 0% used [0x00000000f7000000,0x00000000f7000000,0x0000000100000000)
 ParOldGen       total 163840K, used 50758K [0x00000000a0000000, 0x00000000aa000000, 0x00000000e0000000)
  object space 163840K, 30% used [0x00000000a0000000,0x00000000a3191b98,0x00000000aa000000)
 Metaspace       used 65383K, capacity 67166K, committed 67416K, reserved 1107968K
  class space    used 8814K, capacity 9248K, committed 9304K, reserved 1048576K
}
Event: 100.211 GC heap before
{Heap before GC invocations=71 (full 18):
 PSYoungGen      total 376832K, used 1225K [0x00000000e0000000, 0x0000000100000000, 0x0000000100000000)
  eden space 230912K, 0% used [0x00000000e0000000,0x00000000e0000000,0x00000000ee180000)
  from space 145920K, 0% used [0x00000000ee180000,0x00000000ee2b2608,0x00000000f7000000)
  to   space 147456K, 0% used [0x00000000f7000000,0x00000000f7000000,0x0000000100000000)
 ParOldGen       total 163840K, used 50758K [0x00000000a0000000, 0x00000000aa000000, 0x00000000e0000000)
  object space 163840K, 30% used [0x00000000a0000000,0x00000000a3191b98,0x00000000aa000000)
 Metaspace       used 65383K, capacity 67166K, committed 67416K, reserved 1107968K
  class space    used 8814K, capacity 9248K, committed 9304K, reserved 1048576K
Event: 100.652 GC heap after
Heap after GC invocations=71 (full 18):
 PSYoungGen      total 376832K, used 0K [0x00000000e0000000, 0x0000000100000000, 0x0000000100000000)
  eden space 230912K, 0% used [0x00000000e0000000,0x00000000e0000000,0x00000000ee180000)
  from space 145920K, 0% used [0x00000000ee180000,0x00000000ee180000,0x00000000f7000000)
  to   space 147456K, 0% used [0x00000000f7000000,0x00000000f7000000,0x0000000100000000)
 ParOldGen       total 163840K, used 47004K [0x00000000a0000000, 0x00000000aa000000, 0x00000000e0000000)
  object space 163840K, 28% used [0x00000000a0000000,0x00000000a2de72c8,0x00000000aa000000)
 Metaspace       used 65383K, capacity 67166K, committed 67416K, reserved 1107968K
  class space    used 8814K, capacity 9248K, committed 9304K, reserved 1048576K
}
Event: 126.023 GC heap before
{Heap before GC invocations=72 (full 18):
 PSYoungGen      total 376832K, used 230912K [0x00000000e0000000, 0x0000000100000000, 0x0000000100000000)
  eden space 230912K, 100% used [0x00000000e0000000,0x00000000ee180000,0x00000000ee180000)
  from space 145920K, 0% used [0x00000000ee180000,0x00000000ee180000,0x00000000f7000000)
  to   space 147456K, 0% used [0x00000000f7000000,0x00000000f7000000,0x0000000100000000)
 ParOldGen       total 163840K, used 47004K [0x00000000a0000000, 0x00000000aa000000, 0x00000000e0000000)
  object space 163840K, 28% used [0x00000000a0000000,0x00000000a2de72c8,0x00000000aa000000)
 Metaspace       used 66204K, capacity 68156K, committed 68312K, reserved 1107968K
  class space    used 8861K, capacity 9325K, committed 9432K, reserved 1048576K
Event: 126.031 GC heap after
Heap after GC invocations=72 (full 18):
 PSYoungGen      total 377344K, used 5700K [0x00000000e0000000, 0x00000000fff80000, 0x0000000100000000)
  eden space 230400K, 0% used [0x00000000e0000000,0x00000000e0000000,0x00000000ee100000)
  from space 146944K, 3% used [0x00000000f7000000,0x00000000f7591298,0x00000000fff80000)
  to   space 146432K, 0% used [0x00000000ee100000,0x00000000ee100000,0x00000000f7000000)
 ParOldGen       total 163840K, used 47012K [0x00000000a0000000, 0x00000000aa000000, 0x00000000e0000000)
  object space 163840K, 28% used [0x00000000a0000000,0x00000000a2de92c8,0x00000000aa000000)
 Metaspace       used 66204K, capacity 68156K, committed 68312K, reserved 1107968K
  class space    used 8861K, capacity 9325K, committed 9432K, reserved 1048576K
}
Event: 126.621 GC heap before
{Heap before GC invocations=73 (full 18):
 PSYoungGen      total 377344K, used 236100K [0x00000000e0000000, 0x00000000fff80000, 0x0000000100000000)
  eden space 230400K, 100% used [0x00000000e0000000,0x00000000ee100000,0x00000000ee100000)
  from space 146944K, 3% used [0x00000000f7000000,0x00000000f7591298,0x00000000fff80000)
  to   space 146432K, 0% used [0x00000000ee100000,0x00000000ee100000,0x00000000f7000000)
 ParOldGen       total 163840K, used 47012K [0x00000000a0000000, 0x00000000aa000000, 0x00000000e0000000)
  object space 163840K, 28% used [0x00000000a0000000,0x00000000a2de92c8,0x00000000aa000000)
 Metaspace       used 66204K, capacity 68156K, committed 68312K, reserved 1107968K
  class space    used 8861K, capacity 9325K, committed 9432K, reserved 1048576K
Event: 126.629 GC heap after
Heap after GC invocations=73 (full 18):
 PSYoungGen      total 237056K, used 6478K [0x00000000e0000000, 0x00000000ffa80000, 0x0000000100000000)
  eden space 230400K, 0% used [0x00000000e0000000,0x00000000e0000000,0x00000000ee100000)
  from space 6656K, 97% used [0x00000000ee100000,0x00000000ee753960,0x00000000ee780000)
  to   space 143872K, 0% used [0x00000000f6e00000,0x00000000f6e00000,0x00000000ffa80000)
 ParOldGen       total 163840K, used 47020K [0x00000000a0000000, 0x00000000aa000000, 0x00000000e0000000)
  object space 163840K, 28% used [0x00000000a0000000,0x00000000a2deb2c8,0x00000000aa000000)
 Metaspace       used 66204K, capacity 68156K, committed 68312K, reserved 1107968K
  class space    used 8861K, capacity 9325K, committed 9432K, reserved 1048576K
}
Event: 127.272 GC heap before
{Heap before GC invocations=74 (full 18):
 PSYoungGen      total 237056K, used 236878K [0x00000000e0000000, 0x00000000ffa80000, 0x0000000100000000)
  eden space 230400K, 100% used [0x00000000e0000000,0x00000000ee100000,0x00000000ee100000)
  from space 6656K, 97% used [0x00000000ee100000,0x00000000ee753960,0x00000000ee780000)
  to   space 143872K, 0% used [0x00000000f6e00000,0x00000000f6e00000,0x00000000ffa80000)
 ParOldGen       total 163840K, used 47020K [0x00000000a0000000, 0x00000000aa000000, 0x00000000e0000000)
  object space 163840K, 28% used [0x00000000a0000000,0x00000000a2deb2c8,0x00000000aa000000)
 Metaspace       used 66204K, capacity 68156K, committed 68312K, reserved 1107968K
  class space    used 8861K, capacity 9325K, committed 9432K, reserved 1048576K
Event: 127.284 GC heap after
Heap after GC invocations=74 (full 18):
 PSYoungGen      total 377856K, used 7426K [0x00000000e0000000, 0x00000000ffa80000, 0x0000000100000000)
  eden space 233984K, 0% used [0x00000000e0000000,0x00000000e0000000,0x00000000ee480000)
  from space 143872K, 5% used [0x00000000f6e00000,0x00000000f7540a00,0x00000000ffa80000)
  to   space 140800K, 0% used [0x00000000ee480000,0x00000000ee480000,0x00000000f6e00000)
 ParOldGen       total 163840K, used 47020K [0x00000000a0000000, 0x00000000aa000000, 0x00000000e0000000)
  object space 163840K, 28% used [0x00000000a0000000,0x00000000a2deb2c8,0x00000000aa000000)
 Metaspace       used 66204K, capacity 68156K, committed 68312K, reserved 1107968K
  class space    used 8861K, capacity 9325K, committed 9432K, reserved 1048576K
}

Deoptimization events (10 events):
Event: 124.467 Thread 0x0000000018d50000 Uncommon trap: reason=class_check action=maybe_recompile pc=0x000000000470eb44 method=java.util.AbstractList.equals(Ljava/lang/Object;)Z @ 8
Event: 124.501 Thread 0x0000000018d50000 Uncommon trap: reason=unstable_if action=reinterpret pc=0x00000000032fc0d8 method=com.google.common.cache.LocalCache.isExpired(Lcom/google/common/cache/LocalCache$ReferenceEntry;J)Z @ 9
Event: 124.506 Thread 0x0000000018d50000 Uncommon trap: reason=unstable_if action=reinterpret pc=0x000000000453aba8 method=java.util.IdentityHashMap.put(Ljava/lang/Object;Ljava/lang/Object;)Ljava/lang/Object; @ 38
Event: 124.506 Thread 0x0000000018d50000 Uncommon trap: reason=unstable_if action=reinterpret pc=0x0000000004a43368 method=java.util.Collections$SetFromMap.add(Ljava/lang/Object;)Z @ 13
Event: 124.539 Thread 0x0000000018d50000 Uncommon trap: reason=class_check action=maybe_recompile pc=0x00000000030c013c method=java.util.Collections$UnmodifiableCollection.toArray()[Ljava/lang/Object; @ 4
Event: 124.541 Thread 0x0000000018d50000 Uncommon trap: reason=class_check action=maybe_recompile pc=0x00000000030c013c method=java.util.Collections$UnmodifiableCollection.toArray()[Ljava/lang/Object; @ 4
Event: 124.542 Thread 0x0000000018d50000 Uncommon trap: reason=class_check action=maybe_recompile pc=0x00000000030c013c method=java.util.Collections$UnmodifiableCollection.toArray()[Ljava/lang/Object; @ 4
Event: 124.711 Thread 0x0000000018a05000 Uncommon trap: reason=class_check action=maybe_recompile pc=0x0000000002bb120c method=java.util.AbstractCollection.contains(Ljava/lang/Object;)Z @ 1
Event: 124.711 Thread 0x0000000018a05000 Uncommon trap: reason=speculate_class_check action=maybe_recompile pc=0x0000000004449a14 method=java.util.AbstractList.listIterator()Ljava/util/ListIterator; @ 2
Event: 125.159 Thread 0x0000000018d50000 Uncommon trap: reason=unstable_if action=reinterpret pc=0x0000000004e56438 method=com.google.common.collect.MapMakerInternalMap$Segment.getEntry(Ljava/lang/Object;I)Lcom/google/common/collect/MapMakerInternalMap$ReferenceEntry; @ 40

Internal exceptions (10 events):
Event: 124.385 Thread 0x0000000018d50000 Exception <a 'sun/nio/fs/WindowsException'> (0x00000000e57680c8) thrown at [C:\re\workspace\8-2-build-windows-amd64-cygwin\jdk8u131\8869\hotspot\src\share\vm\prims\jni.cpp, line 709]
Event: 124.386 Thread 0x0000000018d50000 Exception <a 'sun/nio/fs/WindowsException'> (0x00000000e576a530) thrown at [C:\re\workspace\8-2-build-windows-amd64-cygwin\jdk8u131\8869\hotspot\src\share\vm\prims\jni.cpp, line 709]
Event: 124.386 Thread 0x0000000018d50000 Exception <a 'sun/nio/fs/WindowsException'> (0x00000000e576afc0) thrown at [C:\re\workspace\8-2-build-windows-amd64-cygwin\jdk8u131\8869\hotspot\src\share\vm\prims\jni.cpp, line 709]
Event: 124.386 Thread 0x0000000018d50000 Exception <a 'sun/nio/fs/WindowsException'> (0x00000000e576ca98) thrown at [C:\re\workspace\8-2-build-windows-amd64-cygwin\jdk8u131\8869\hotspot\src\share\vm\prims\jni.cpp, line 709]
Event: 124.386 Thread 0x0000000018d50000 Exception <a 'sun/nio/fs/WindowsException'> (0x00000000e576d560) thrown at [C:\re\workspace\8-2-build-windows-amd64-cygwin\jdk8u131\8869\hotspot\src\share\vm\prims\jni.cpp, line 709]
Event: 124.386 Thread 0x0000000018d50000 Exception <a 'sun/nio/fs/WindowsException'> (0x00000000e576fbb0) thrown at [C:\re\workspace\8-2-build-windows-amd64-cygwin\jdk8u131\8869\hotspot\src\share\vm\prims\jni.cpp, line 709]
Event: 124.386 Thread 0x0000000018d50000 Exception <a 'sun/nio/fs/WindowsException'> (0x00000000e57706b8) thrown at [C:\re\workspace\8-2-build-windows-amd64-cygwin\jdk8u131\8869\hotspot\src\share\vm\prims\jni.cpp, line 709]
Event: 124.386 Thread 0x0000000018d50000 Exception <a 'sun/nio/fs/WindowsException'> (0x00000000e5772208) thrown at [C:\re\workspace\8-2-build-windows-amd64-cygwin\jdk8u131\8869\hotspot\src\share\vm\prims\jni.cpp, line 709]
Event: 124.387 Thread 0x0000000018d50000 Exception <a 'sun/nio/fs/WindowsException'> (0x00000000e5772d48) thrown at [C:\re\workspace\8-2-build-windows-amd64-cygwin\jdk8u131\8869\hotspot\src\share\vm\prims\jni.cpp, line 709]
Event: 124.971 Thread 0x0000000018d50000 Exception <a 'java/lang/NullPointerException'> (0x00000000e7594ea0) thrown at [C:\re\workspace\8-2-build-windows-amd64-cygwin\jdk8u131\8869\hotspot\src\share\vm\interpreter\linkResolver.cpp, line 1299]

Events (10 events):
Event: 126.031 Executing VM operation: ParallelGCFailedAllocation done
Event: 126.031 Executing VM operation: RevokeBias
Event: 126.031 Executing VM operation: RevokeBias done
Event: 126.033 Executing VM operation: RevokeBias
Event: 126.034 Executing VM operation: RevokeBias done
Event: 126.621 Executing VM operation: ParallelGCFailedAllocation
Event: 126.629 Executing VM operation: ParallelGCFailedAllocation done
Event: 127.272 Executing VM operation: ParallelGCFailedAllocation
Event: 127.284 Executing VM operation: ParallelGCFailedAllocation done
Event: 127.623 Thread 0x0000000017579800 flushing nmethod 0x00000000029e0f10


Dynamic libraries:
0x00007ff6a3d50000 - 0x00007ff6a3d87000 	D:\Program Files\Java\jdk1.8.0_131\bin\java.exe
0x00007ffc5c160000 - 0x00007ffc5c350000 	C:\WINDOWS\SYSTEM32\ntdll.dll
0x00007ffc5aed0000 - 0x00007ffc5af82000 	C:\WINDOWS\System32\KERNEL32.DLL
0x00007ffc59f30000 - 0x00007ffc5a1d3000 	C:\WINDOWS\System32\KERNELBASE.dll
0x00007ffc5a8c0000 - 0x00007ffc5a963000 	C:\WINDOWS\System32\ADVAPI32.dll
0x00007ffc5a970000 - 0x00007ffc5aa0e000 	C:\WINDOWS\System32\msvcrt.dll
0x00007ffc5a820000 - 0x00007ffc5a8b7000 	C:\WINDOWS\System32\sechost.dll
0x00007ffc5aa10000 - 0x00007ffc5ab30000 	C:\WINDOWS\System32\RPCRT4.dll
0x00007ffc5bc20000 - 0x00007ffc5bdb4000 	C:\WINDOWS\System32\USER32.dll
0x00007ffc59f00000 - 0x00007ffc59f21000 	C:\WINDOWS\System32\win32u.dll
0x00007ffc5a1e0000 - 0x00007ffc5a206000 	C:\WINDOWS\System32\GDI32.dll
0x00007ffc595e0000 - 0x00007ffc59774000 	C:\WINDOWS\System32\gdi32full.dll
0x00007ffc59120000 - 0x00007ffc591be000 	C:\WINDOWS\System32\msvcp_win.dll
0x00007ffc593b0000 - 0x00007ffc594aa000 	C:\WINDOWS\System32\ucrtbase.dll
0x00007ffc4b280000 - 0x00007ffc4b505000 	C:\WINDOWS\WinSxS\amd64_microsoft.windows.common-controls_6595b64144ccf1df_6.0.18362.778_none_e6c6b761130d4fb8\COMCTL32.dll
0x00007ffc5b7f0000 - 0x00007ffc5bb26000 	C:\WINDOWS\System32\combase.dll
0x00007ffc59330000 - 0x00007ffc593b0000 	C:\WINDOWS\System32\bcryptPrimitives.dll
0x00007ffc5ab30000 - 0x00007ffc5ab5e000 	C:\WINDOWS\System32\IMM32.DLL
0x000000005aa40000 - 0x000000005ab12000 	D:\Program Files\Java\jdk1.8.0_131\jre\bin\msvcr100.dll
0x00000000595f0000 - 0x0000000059e8c000 	D:\Program Files\Java\jdk1.8.0_131\jre\bin\server\jvm.dll
0x00007ffc5b7e0000 - 0x00007ffc5b7e8000 	C:\WINDOWS\System32\PSAPI.DLL
0x00007ffc569d0000 - 0x00007ffc569f4000 	C:\WINDOWS\SYSTEM32\WINMM.dll
0x00007ffc4f030000 - 0x00007ffc4f039000 	C:\WINDOWS\SYSTEM32\WSOCK32.dll
0x00007ffc50e40000 - 0x00007ffc50e4a000 	C:\WINDOWS\SYSTEM32\VERSION.dll
0x00007ffc5bb30000 - 0x00007ffc5bb9f000 	C:\WINDOWS\System32\WS2_32.dll
0x00007ffc569a0000 - 0x00007ffc569cd000 	C:\WINDOWS\SYSTEM32\winmmbase.dll
0x00007ffc59560000 - 0x00007ffc595aa000 	C:\WINDOWS\System32\cfgmgr32.dll
0x000000005afb0000 - 0x000000005afbf000 	D:\Program Files\Java\jdk1.8.0_131\jre\bin\verify.dll
0x000000005af80000 - 0x000000005afa9000 	D:\Program Files\Java\jdk1.8.0_131\jre\bin\java.dll
0x000000005af60000 - 0x000000005af76000 	D:\Program Files\Java\jdk1.8.0_131\jre\bin\zip.dll
0x00007ffc5afc0000 - 0x00007ffc5b6a5000 	C:\WINDOWS\System32\SHELL32.dll
0x00007ffc5abf0000 - 0x00007ffc5ac99000 	C:\WINDOWS\System32\shcore.dll
0x00007ffc59780000 - 0x00007ffc59f00000 	C:\WINDOWS\System32\windows.storage.dll
0x00007ffc59000000 - 0x00007ffc59023000 	C:\WINDOWS\System32\profapi.dll
0x00007ffc59030000 - 0x00007ffc5907a000 	C:\WINDOWS\System32\powrprof.dll
0x00007ffc58ff0000 - 0x00007ffc59000000 	C:\WINDOWS\System32\UMPDC.dll
0x00007ffc5a7c0000 - 0x00007ffc5a812000 	C:\WINDOWS\System32\shlwapi.dll
0x00007ffc590a0000 - 0x00007ffc590b1000 	C:\WINDOWS\System32\kernel.appcore.dll
0x00007ffc591c0000 - 0x00007ffc591d7000 	C:\WINDOWS\System32\cryptsp.dll
0x000000005af40000 - 0x000000005af5a000 	D:\Program Files\Java\jdk1.8.0_131\jre\bin\net.dll
0x00007ffc587d0000 - 0x00007ffc58837000 	C:\WINDOWS\system32\mswsock.dll
0x000000005af20000 - 0x000000005af31000 	D:\Program Files\Java\jdk1.8.0_131\jre\bin\nio.dll
0x00007ffc51ff0000 - 0x00007ffc52002000 	C:\Users\86176\.gradle\native\19\windows-amd64\native-platform.dll
0x00007ffc58340000 - 0x00007ffc58373000 	C:\WINDOWS\system32\rsaenh.dll
0x00007ffc595b0000 - 0x00007ffc595d6000 	C:\WINDOWS\System32\bcrypt.dll
0x00007ffc58f10000 - 0x00007ffc58f35000 	C:\WINDOWS\SYSTEM32\USERENV.dll
0x00007ffc589a0000 - 0x00007ffc589ac000 	C:\WINDOWS\SYSTEM32\CRYPTBASE.dll
0x00007ffc584e0000 - 0x00007ffc5851a000 	C:\WINDOWS\SYSTEM32\IPHLPAPI.DLL
0x00007ffc5bba0000 - 0x00007ffc5bba8000 	C:\WINDOWS\System32\NSI.dll
0x00007ffc53110000 - 0x00007ffc53126000 	C:\WINDOWS\SYSTEM32\dhcpcsvc6.DLL
0x00007ffc530f0000 - 0x00007ffc5310c000 	C:\WINDOWS\SYSTEM32\dhcpcsvc.DLL
0x00007ffc58520000 - 0x00007ffc585ea000 	C:\WINDOWS\SYSTEM32\DNSAPI.dll
0x000000005af10000 - 0x000000005af1d000 	D:\Program Files\Java\jdk1.8.0_131\jre\bin\management.dll
0x000000005aa10000 - 0x000000005aa34000 	D:\Program Files\Java\jdk1.8.0_131\jre\bin\sunec.dll
0x000000005af00000 - 0x000000005af0b000 	D:\Program Files\Java\jdk1.8.0_131\jre\bin\sunmscapi.dll
0x00007ffc591e0000 - 0x00007ffc59329000 	C:\WINDOWS\System32\CRYPT32.dll
0x00007ffc59080000 - 0x00007ffc59092000 	C:\WINDOWS\System32\MSASN1.dll

VM Arguments:
jvm_args: -Xmx1536m -Dfile.encoding=GBK -Duser.country=CN -Duser.language=zh -Duser.variant 
java_command: org.gradle.launcher.daemon.bootstrap.GradleDaemon 2.14.1
java_class_path (initial): C:\Users\86176\.gradle\wrapper\dists\gradle-2.14.1-all\8bnwg5hd3w55iofp58khbp6yv\gradle-2.14.1\lib\gradle-launcher-2.14.1.jar
Launcher Type: SUN_STANDARD

Environment Variables:
JAVA_HOME=D:\Program Files\Java\jdk1.8.0_131
CLASSPATH=.;D:\Program Files\Java\jdk1.8.0_131\lib\dt.jar;D:\Program Files\Java\jdk1.8.0_131\lib\tools.jar;D:\Tomcat\apache-tomcat-8.5.50\bin\tomcat-juli.jar; 
PATH="D:\Program Files\Java\jdk1.8.0_131\bin;D:\Program Files\Java\jdk1.8.0_131\jre\bin;";C:\ProgramData\Oracle\Java\javapath;"D:\Program Files\Java\jdk1.8.0_131\bin;D:\Program Files\Java\jdk1.8.0_131\jre\bin;";D:\sdk\platform-tools;D:\Python\Scripts;D:\Matlab R2018b\runtime\win64;D:\Matlab R2018b\bin;C:\Program Files (x86)\Windows Kits\10\Windows Performance Toolkit\;"D:\Program Files\Java\jdk1.8.0_131\bin;D:\Program Files\Java\jdk1.8.0_131\jre\bin;";D:\JDK\bin£»"D:\Program Files\Java\jdk1.8.0_131\bin;D:\Program Files\Java\jdk1.8.0_131\jre\bin;";C:\ProgramData\Oracle\Java\javapath;"D:\Program Files\Java\jdk1.8.0_131\bin;D:\Program Files\Java\jdk1.8.0_131\jre\bin;";D:\sdk\platform-tools;D:\Python\Scripts;D:\Matlab R2018b\runtime\win64;D:\Matlab R2018b\bin;C:\Program Files (x86)\Windows Kits\10\Windows Performance Toolkit\;"D:\Program Files\Java\jdk1.8.0_131\bin;D:\Program Files\Java\jdk1.8.0_131\jre\bin;";D:\JDK\bin£»"D:\Program Files\Java\jdk1.8.0_131\bin;D:\Program Files\Java\jdk1.8.0_131\jre\bin;";C:\ProgramData\Oracle\Java\javapath;"D:\Program Files\Java\jdk1.8.0_131\bin;D:\Program Files\Java\jdk1.8.0_131\jre\bin;";D:\sdk\platform-tools;D:\Python\Scripts;D:\Matlab R2018b\runtime\win64;D:\Matlab R2018b\bin;C:\Program Files (x86)\Windows Kits\10\Windows Performance Toolkit\;"D:\Program Files\Java\jdk1.8.0_131\bin;D:\Program Files\Java\jdk1.8.0_131\jre\bin;";D:\JDK\bin£»C:\WINDOWS\System32;;D:\Git\cmd;C:\Program Files\Common Files\Autodesk Shared\;C:\WINDOWS\system32;C:\WINDOWS;C:\WINDOWS\system32\wbem;;D:\Git\cmd;C:\Program Files\Common Files\Autodesk Shared\;C:\WINDOWS\system32;C:\WINDOWS;C:\WINDOWS\system32\wbem;;D:\Git\cmd;C:\Program Files\Common Files\Autodesk Shared\;C:\WINDOWS\system32;C:\WINDOWS;C:\WINDOWS\system32\wbem;D:\Program Files\Java\jdk1.8.0_131\bin;D:\Program Files\Java\jdk1.8.0_131\jre\bin;D:\Program Files\Java\jdk1.8.0_131\bin;D:\Program Files\Java\jdk1.8.0_131\jre\bin;D:\Tomcat\apache-maven-3.6.3\bin;
USERNAME=ljy
OS=Windows_NT
PROCESSOR_IDENTIFIER=Intel64 Family 6 Model 142 Stepping 9, GenuineIntel



---------------  S Y S T E M  ---------------

OS: Windows 10.0 , 64 bit Build 18362 (10.0.18362.778)

CPU:total 4 (initial active 4) (2 cores per cpu, 2 threads per core) family 6 model 142 stepping 9, cmov, cx8, fxsr, mmx, sse, sse2, sse3, ssse3, sse4.1, sse4.2, popcnt, avx, avx2, aes, clmul, erms, 3dnowpref, lzcnt, ht, tsc, tscinvbit, bmi1, bmi2, adx

Memory: 4k page, physical 8271292k(1304092k free), swap 8271292k(5120k free)

vm_info: Java HotSpot(TM) 64-Bit Server VM (25.131-b11) for windows-amd64 JRE (1.8.0_131-b11), built on Mar 15 2017 01:23:53 by "java_re" with MS VC++ 10.0 (VS2010)

time: Fri Jun 05 23:46:49 2020
elapsed time: 127 seconds (0d 0h 2m 7s)

