#
# There is insufficient memory for the Java Runtime Environment to continue.
# Native memory allocation (malloc) failed to allocate 262160 bytes for Chunk::new
# Possible reasons:
#   The system is out of physical RAM or swap space
#   In 32 bit mode, the process size limit was hit
# Possible solutions:
#   Reduce memory load on the system
#   Increase physical memory or swap space
#   Check if swap backing store is full
#   Use 64 bit Java on a 64 bit OS
#   Decrease Java heap size (-Xmx/-Xms)
#   Decrease number of Java threads
#   Decrease Java thread stack sizes (-Xss)
#   Set larger code cache with -XX:ReservedCodeCacheSize=
# This output file may be truncated or incomplete.
#
#  Out of Memory Error (allocation.cpp:390), pid=11192, tid=0x0000000000001b38
#
# JRE version: Java(TM) SE Runtime Environment (8.0_131-b11) (build 1.8.0_131-b11)
# Java VM: Java HotSpot(TM) 64-Bit Server VM (25.131-b11 mixed mode windows-amd64 compressed oops)
# Failed to write core dump. Minidumps are not enabled by default on client versions of Windows
#

---------------  T H R E A D  ---------------

Current thread (0x0000000016696800):  JavaThread "C2 CompilerThread0" daemon [_thread_in_native, id=6968, stack(0x0000000017fc0000,0x00000000180c0000)]

Stack: [0x0000000017fc0000,0x00000000180c0000]
[error occurred during error reporting (printing stack bounds), id 0xc0000005]

Native frames: (J=compiled Java code, j=interpreted, Vv=VM code, C=native code)


Current CompileTask:
C2:   7621 1569   !   4       java.net.URLClassLoader$1::run (63 bytes)


---------------  P R O C E S S  ---------------

Java Threads: ( => current thread )
  0x000000001af5b800 JavaThread "File lock request listener" [_thread_in_native, id=2544, stack(0x000000001bd30000,0x000000001be30000)]
  0x0000000018893800 JavaThread "Stdin handler" [_thread_blocked, id=2044, stack(0x000000001a860000,0x000000001a960000)]
  0x0000000018892000 JavaThread "Asynchronous log dispatcher for org.gradle.launcher.daemon.server.DefaultDaemonConnection@27e2e9ee" [_thread_blocked, id=4560, stack(0x000000001a760000,0x000000001a860000)]
  0x000000001887c000 JavaThread "Daemon worker" [_thread_in_vm, id=1912, stack(0x000000001a660000,0x000000001a760000)]
  0x0000000018878800 JavaThread "Cancel handler" [_thread_blocked, id=8876, stack(0x000000001a560000,0x000000001a660000)]
  0x00000000187b2800 JavaThread "Handler for socket connection from /127.0.0.1:62807 to /127.0.0.1:62808" [_thread_in_native, id=5332, stack(0x000000001a260000,0x000000001a360000)]
  0x0000000017bcb000 JavaThread "Daemon" [_thread_blocked, id=9820, stack(0x000000001a160000,0x000000001a260000)]
  0x0000000018f12000 JavaThread "Incoming local TCP Connector on port 62807" [_thread_in_native, id=1808, stack(0x000000001a060000,0x000000001a160000)]
  0x0000000018e33800 JavaThread "pool-1-thread-1" [_thread_blocked, id=3984, stack(0x0000000019d60000,0x0000000019e60000)]
  0x0000000017a44000 JavaThread "Service Thread" daemon [_thread_blocked, id=2416, stack(0x00000000182c0000,0x00000000183c0000)]
  0x0000000017a18000 JavaThread "C1 CompilerThread2" daemon [_thread_blocked, id=6192, stack(0x00000000181c0000,0x00000000182c0000)]
  0x0000000017a14800 JavaThread "C2 CompilerThread1" daemon [_thread_in_native, id=2424, stack(0x00000000180c0000,0x00000000181c0000)]
=>0x0000000016696800 JavaThread "C2 CompilerThread0" daemon [_thread_in_native, id=6968, stack(0x0000000017fc0000,0x00000000180c0000)]
  0x00000000179d0800 JavaThread "Attach Listener" daemon [_thread_blocked, id=6524, stack(0x0000000017ec0000,0x0000000017fc0000)]
  0x0000000002cce800 JavaThread "Signal Dispatcher" daemon [_thread_blocked, id=11228, stack(0x0000000017dc0000,0x0000000017ec0000)]
  0x000000001662a800 JavaThread "Finalizer" daemon [_thread_blocked, id=14432, stack(0x00000000178c0000,0x00000000179c0000)]
  0x0000000002cc2000 JavaThread "Reference Handler" daemon [_thread_blocked, id=2920, stack(0x00000000177c0000,0x00000000178c0000)]
  0x000000000260e800 JavaThread "main" [_thread_blocked, id=10160, stack(0x0000000002ad0000,0x0000000002bd0000)]

Other Threads:
  0x0000000016607000 VMThread [stack: 0x00000000176c0000,0x00000000177c0000] [id=7344]
  0x0000000017a9f000 WatcherThread [stack: 0x00000000183c0000,0x00000000184c0000] [id=9384]

VM state:not at safepoint (normal execution)

VM Mutex/Monitor currently owned by a thread: None

Heap:
 PSYoungGen      total 38400K, used 34994K [0x00000000e0000000, 0x00000000e2a80000, 0x0000000100000000)
  eden space 33280K, 89% used [0x00000000e0000000,0x00000000e1d2fc40,0x00000000e2080000)
  from space 5120K, 99% used [0x00000000e2580000,0x00000000e2a7ccc0,0x00000000e2a80000)
  to   space 5120K, 0% used [0x00000000e2080000,0x00000000e2080000,0x00000000e2580000)
 ParOldGen       total 87552K, used 1140K [0x00000000a0000000, 0x00000000a5580000, 0x00000000e0000000)
  object space 87552K, 1% used [0x00000000a0000000,0x00000000a011d148,0x00000000a5580000)
 Metaspace       used 18190K, capacity 18622K, committed 18816K, reserved 1064960K
  class space    used 2471K, capacity 2611K, committed 2688K, reserved 1048576K

Card table byte_map: [0x0000000012090000,0x00000000123a0000] byte_map_base: 0x0000000011b90000

Marking Bits: (ParMarkBitMap*) 0x0000000059d2c720
 Begin Bits: [0x00000000129a0000, 0x00000000141a0000)
 End Bits:   [0x00000000141a0000, 0x00000000159a0000)

Polling page: 0x0000000000990000

CodeCache: size=245760Kb used=5417Kb max_used=5429Kb free=240342Kb
 bounds [0x0000000002cd0000, 0x0000000003230000, 0x0000000011cd0000]
 total_blobs=1953 nmethods=1568 adapters=297
 compilation: enabled

Compilation events (10 events):
Event: 7.500 Thread 0x0000000017a18000 nmethod 1564 0x000000000321b750 code [0x000000000321b8a0, 0x000000000321b990]
Event: 7.529 Thread 0x0000000017a18000 1565       1       java.lang.Package::getName (5 bytes)
Event: 7.529 Thread 0x0000000017a18000 nmethod 1565 0x000000000321b490 code [0x000000000321b5e0, 0x000000000321b6f0]
Event: 7.530 Thread 0x0000000016696800 1566   !   4       java.lang.ClassLoader::loadClass (122 bytes)
Event: 7.555 Thread 0x0000000016696800 nmethod 1566 0x0000000003220d50 code [0x0000000003220f40, 0x0000000003221f08]
Event: 7.560 Thread 0x0000000016696800 1567       4       java.lang.String::compareTo (78 bytes)
Event: 7.563 Thread 0x0000000016696800 nmethod 1567 0x000000000321b0d0 code [0x000000000321b220, 0x000000000321b378]
Event: 7.585 Thread 0x0000000016696800 1569   !   4       java.net.URLClassLoader$1::run (63 bytes)
Event: 7.602 Thread 0x0000000017a18000 1570       3       java.util.concurrent.locks.LockSupport::setBlocker (12 bytes)
Event: 7.603 Thread 0x0000000017a18000 nmethod 1570 0x00000000032187d0 code [0x0000000003218920, 0x0000000003218a70]

GC Heap History (4 events):
Event: 1.842 GC heap before
{Heap before GC invocations=1 (full 0):
 PSYoungGen      total 38400K, used 33280K [0x00000000e0000000, 0x00000000e2a80000, 0x0000000100000000)
  eden space 33280K, 100% used [0x00000000e0000000,0x00000000e2080000,0x00000000e2080000)
  from space 5120K, 0% used [0x00000000e2580000,0x00000000e2580000,0x00000000e2a80000)
  to   space 5120K, 0% used [0x00000000e2080000,0x00000000e2080000,0x00000000e2580000)
 ParOldGen       total 87552K, used 0K [0x00000000a0000000, 0x00000000a5580000, 0x00000000e0000000)
  object space 87552K, 0% used [0x00000000a0000000,0x00000000a0000000,0x00000000a5580000)
 Metaspace       used 6331K, capacity 6566K, committed 6784K, reserved 1056768K
  class space    used 811K, capacity 866K, committed 896K, reserved 1048576K
Event: 1.850 GC heap after
Heap after GC invocations=1 (full 0):
 PSYoungGen      total 38400K, used 4445K [0x00000000e0000000, 0x00000000e2a80000, 0x0000000100000000)
  eden space 33280K, 0% used [0x00000000e0000000,0x00000000e0000000,0x00000000e2080000)
  from space 5120K, 86% used [0x00000000e2080000,0x00000000e24d7718,0x00000000e2580000)
  to   space 5120K, 0% used [0x00000000e2580000,0x00000000e2580000,0x00000000e2a80000)
 ParOldGen       total 87552K, used 8K [0x00000000a0000000, 0x00000000a5580000, 0x00000000e0000000)
  object space 87552K, 0% used [0x00000000a0000000,0x00000000a0002000,0x00000000a5580000)
 Metaspace       used 6331K, capacity 6566K, committed 6784K, reserved 1056768K
  class space    used 811K, capacity 866K, committed 896K, reserved 1048576K
}
Event: 6.337 GC heap before
{Heap before GC invocations=2 (full 0):
 PSYoungGen      total 38400K, used 37725K [0x00000000e0000000, 0x00000000e2a80000, 0x0000000100000000)
  eden space 33280K, 100% used [0x00000000e0000000,0x00000000e2080000,0x00000000e2080000)
  from space 5120K, 86% used [0x00000000e2080000,0x00000000e24d7718,0x00000000e2580000)
  to   space 5120K, 0% used [0x00000000e2580000,0x00000000e2580000,0x00000000e2a80000)
 ParOldGen       total 87552K, used 8K [0x00000000a0000000, 0x00000000a5580000, 0x00000000e0000000)
  object space 87552K, 0% used [0x00000000a0000000,0x00000000a0002000,0x00000000a5580000)
 Metaspace       used 12606K, capacity 13000K, committed 13184K, reserved 1060864K
  class space    used 1713K, capacity 1830K, committed 1920K, reserved 1048576K
Event: 6.346 GC heap after
Heap after GC invocations=2 (full 0):
 PSYoungGen      total 38400K, used 5107K [0x00000000e0000000, 0x00000000e2a80000, 0x0000000100000000)
  eden space 33280K, 0% used [0x00000000e0000000,0x00000000e0000000,0x00000000e2080000)
  from space 5120K, 99% used [0x00000000e2580000,0x00000000e2a7ccc0,0x00000000e2a80000)
  to   space 5120K, 0% used [0x00000000e2080000,0x00000000e2080000,0x00000000e2580000)
 ParOldGen       total 87552K, used 1140K [0x00000000a0000000, 0x00000000a5580000, 0x00000000e0000000)
  object space 87552K, 1% used [0x00000000a0000000,0x00000000a011d148,0x00000000a5580000)
 Metaspace       used 12606K, capacity 13000K, committed 13184K, reserved 1060864K
  class space    used 1713K, capacity 1830K, committed 1920K, reserved 1048576K
}

Deoptimization events (10 events):
Event: 6.840 Thread 0x000000001887c000 Uncommon trap: reason=class_check action=maybe_recompile pc=0x0000000002f092dc method=java.util.regex.Matcher.match(II)Z @ 86
Event: 6.840 Thread 0x000000001887c000 Uncommon trap: reason=class_check action=maybe_recompile pc=0x0000000002f092dc method=java.util.regex.Matcher.match(II)Z @ 86
Event: 6.970 Thread 0x000000001887c000 Uncommon trap: reason=class_check action=maybe_recompile pc=0x00000000031b2bb4 method=org.gradle.internal.service.DefaultServiceRegistry$SingletonService.getService(Lorg/gradle/internal/service/DefaultServiceRegistry$LookupContext;Lorg/gradle/internal/ser
Event: 6.970 Thread 0x000000001887c000 Uncommon trap: reason=class_check action=maybe_recompile pc=0x00000000031b2bb4 method=org.gradle.internal.service.DefaultServiceRegistry$SingletonService.getService(Lorg/gradle/internal/service/DefaultServiceRegistry$LookupContext;Lorg/gradle/internal/ser
Event: 6.970 Thread 0x000000001887c000 Uncommon trap: reason=class_check action=maybe_recompile pc=0x00000000031b2bb4 method=org.gradle.internal.service.DefaultServiceRegistry$SingletonService.getService(Lorg/gradle/internal/service/DefaultServiceRegistry$LookupContext;Lorg/gradle/internal/ser
Event: 6.970 Thread 0x000000001887c000 Uncommon trap: reason=class_check action=maybe_recompile pc=0x00000000031b2bb4 method=org.gradle.internal.service.DefaultServiceRegistry$SingletonService.getService(Lorg/gradle/internal/service/DefaultServiceRegistry$LookupContext;Lorg/gradle/internal/ser
Event: 7.259 Thread 0x000000001887c000 Uncommon trap: reason=bimorphic action=maybe_recompile pc=0x00000000031579e8 method=java.lang.ClassLoader.loadClass(Ljava/lang/String;Z)Ljava/lang/Class; @ 38
Event: 7.297 Thread 0x000000001887c000 Uncommon trap: reason=bimorphic action=maybe_recompile pc=0x00000000031579e8 method=java.lang.ClassLoader.loadClass(Ljava/lang/String;Z)Ljava/lang/Class; @ 38
Event: 7.297 Thread 0x000000001887c000 Uncommon trap: reason=bimorphic action=maybe_recompile pc=0x00000000031579e8 method=java.lang.ClassLoader.loadClass(Ljava/lang/String;Z)Ljava/lang/Class; @ 38
Event: 7.297 Thread 0x000000001887c000 Uncommon trap: reason=bimorphic action=maybe_recompile pc=0x00000000031579e8 method=java.lang.ClassLoader.loadClass(Ljava/lang/String;Z)Ljava/lang/Class; @ 38

Internal exceptions (10 events):
Event: 6.644 Thread 0x000000001887c000 Exception <a 'java/lang/ClassNotFoundException': groovy/lang/GroovyObjectSupportBeanInfo> (0x00000000e0e99c38) thrown at [C:\re\workspace\8-2-build-windows-amd64-cygwin\jdk8u131\8869\hotspot\src\share\vm\classfile\systemDictionary.cpp, line 210]
Event: 6.644 Thread 0x000000001887c000 Exception <a 'java/lang/ClassNotFoundException': groovy/lang/GroovyObjectSupportCustomizer> (0x00000000e0ea5df8) thrown at [C:\re\workspace\8-2-build-windows-amd64-cygwin\jdk8u131\8869\hotspot\src\share\vm\classfile\systemDictionary.cpp, line 210]
Event: 6.645 Thread 0x000000001887c000 Exception <a 'java/lang/ClassNotFoundException': org/gradle/api/internal/plugins/DefaultExtraPropertiesExtensionCustomizer> (0x00000000e0ebc290) thrown at [C:\re\workspace\8-2-build-windows-amd64-cygwin\jdk8u131\8869\hotspot\src\share\vm\classfile\systemD
Event: 7.300 Thread 0x000000001887c000 Exception <a 'java/lang/NoSuchMethodError': <clinit>> (0x00000000e1beb720) thrown at [C:\re\workspace\8-2-build-windows-amd64-cygwin\jdk8u131\8869\hotspot\src\share\vm\prims\jni.cpp, line 1613]
Event: 7.423 Thread 0x000000001887c000 Exception <a 'java/lang/NoSuchMethodError': <clinit>> (0x00000000e1c2f5d0) thrown at [C:\re\workspace\8-2-build-windows-amd64-cygwin\jdk8u131\8869\hotspot\src\share\vm\prims\jni.cpp, line 1613]
Event: 7.446 Thread 0x000000001887c000 Exception <a 'java/lang/NoSuchMethodError': <clinit>> (0x00000000e1c4fa70) thrown at [C:\re\workspace\8-2-build-windows-amd64-cygwin\jdk8u131\8869\hotspot\src\share\vm\prims\jni.cpp, line 1613]
Event: 7.447 Thread 0x000000001887c000 Exception <a 'java/lang/NoSuchMethodError': <clinit>> (0x00000000e1c64160) thrown at [C:\re\workspace\8-2-build-windows-amd64-cygwin\jdk8u131\8869\hotspot\src\share\vm\prims\jni.cpp, line 1613]
Event: 7.473 Thread 0x000000001887c000 Exception <a 'java/lang/NoSuchMethodError': <clinit>> (0x00000000e1c7b130) thrown at [C:\re\workspace\8-2-build-windows-amd64-cygwin\jdk8u131\8869\hotspot\src\share\vm\prims\jni.cpp, line 1613]
Event: 7.578 Thread 0x000000001887c000 Exception <a 'java/lang/NoSuchMethodError': <clinit>> (0x00000000e1ccce88) thrown at [C:\re\workspace\8-2-build-windows-amd64-cygwin\jdk8u131\8869\hotspot\src\share\vm\prims\jni.cpp, line 1613]
Event: 7.581 Thread 0x000000001887c000 Exception <a 'java/lang/NoSuchMethodError': <clinit>> (0x00000000e1cdb5b0) thrown at [C:\re\workspace\8-2-build-windows-amd64-cygwin\jdk8u131\8869\hotspot\src\share\vm\prims\jni.cpp, line 1613]

Events (10 events):
Event: 7.583 loading class org/gradle/tooling/model/internal/outcomes/GradleFileBuildOutcome
Event: 7.583 loading class org/gradle/tooling/model/internal/outcomes/GradleFileBuildOutcome done
Event: 7.584 loading class org/gradle/tooling/model/internal/outcomes/GradleBuildOutcome
Event: 7.584 loading class org/gradle/tooling/model/internal/outcomes/GradleBuildOutcome done
Event: 7.584 loading class org/gradle/initialization/DefaultGradleLauncher$Stage
Event: 7.584 loading class org/gradle/initialization/DefaultGradleLauncher$Stage done
Event: 7.585 loading class org/gradle/initialization/DefaultGradleLauncher$1
Event: 7.585 loading class org/gradle/initialization/DefaultGradleLauncher$1 done
Event: 7.585 loading class org/gradle/internal/progress/BuildOperationDetails
Event: 7.585 loading class org/gradle/internal/progress/BuildOperationDetails done


Dynamic libraries:
0x00007ff6a3d50000 - 0x00007ff6a3d87000 	D:\Program Files\Java\jdk1.8.0_131\bin\java.exe
0x00007ffc5c160000 - 0x00007ffc5c350000 	C:\WINDOWS\SYSTEM32\ntdll.dll
0x00007ffc5aed0000 - 0x00007ffc5af82000 	C:\WINDOWS\System32\KERNEL32.DLL
0x00007ffc59f30000 - 0x00007ffc5a1d3000 	C:\WINDOWS\System32\KERNELBASE.dll
0x00007ffc5a8c0000 - 0x00007ffc5a963000 	C:\WINDOWS\System32\ADVAPI32.dll
0x00007ffc5a970000 - 0x00007ffc5aa0e000 	C:\WINDOWS\System32\msvcrt.dll
0x00007ffc5a820000 - 0x00007ffc5a8b7000 	C:\WINDOWS\System32\sechost.dll
0x00007ffc5aa10000 - 0x00007ffc5ab30000 	C:\WINDOWS\System32\RPCRT4.dll
0x00007ffc5bc20000 - 0x00007ffc5bdb4000 	C:\WINDOWS\System32\USER32.dll
0x00007ffc59f00000 - 0x00007ffc59f21000 	C:\WINDOWS\System32\win32u.dll
0x00007ffc5a1e0000 - 0x00007ffc5a206000 	C:\WINDOWS\System32\GDI32.dll
0x00007ffc595e0000 - 0x00007ffc59774000 	C:\WINDOWS\System32\gdi32full.dll
0x00007ffc59120000 - 0x00007ffc591be000 	C:\WINDOWS\System32\msvcp_win.dll
0x00007ffc593b0000 - 0x00007ffc594aa000 	C:\WINDOWS\System32\ucrtbase.dll
0x00007ffc4b280000 - 0x00007ffc4b505000 	C:\WINDOWS\WinSxS\amd64_microsoft.windows.common-controls_6595b64144ccf1df_6.0.18362.778_none_e6c6b761130d4fb8\COMCTL32.dll
0x00007ffc5b7f0000 - 0x00007ffc5bb26000 	C:\WINDOWS\System32\combase.dll
0x00007ffc59330000 - 0x00007ffc593b0000 	C:\WINDOWS\System32\bcryptPrimitives.dll
0x00007ffc5ab30000 - 0x00007ffc5ab5e000 	C:\WINDOWS\System32\IMM32.DLL
0x000000005ab20000 - 0x000000005abf2000 	D:\Program Files\Java\jdk1.8.0_131\jre\bin\msvcr100.dll
0x0000000059510000 - 0x0000000059dac000 	D:\Program Files\Java\jdk1.8.0_131\jre\bin\server\jvm.dll
0x00007ffc5b7e0000 - 0x00007ffc5b7e8000 	C:\WINDOWS\System32\PSAPI.DLL
0x00007ffc569d0000 - 0x00007ffc569f4000 	C:\WINDOWS\SYSTEM32\WINMM.dll
0x00007ffc50e40000 - 0x00007ffc50e4a000 	C:\WINDOWS\SYSTEM32\VERSION.dll
0x00007ffc569a0000 - 0x00007ffc569cd000 	C:\WINDOWS\SYSTEM32\WINMMBASE.dll
0x00007ffc59560000 - 0x00007ffc595aa000 	C:\WINDOWS\System32\cfgmgr32.dll
0x00007ffc4f030000 - 0x00007ffc4f039000 	C:\WINDOWS\SYSTEM32\WSOCK32.dll
0x00007ffc5bb30000 - 0x00007ffc5bb9f000 	C:\WINDOWS\System32\WS2_32.dll
0x000000005afb0000 - 0x000000005afbf000 	D:\Program Files\Java\jdk1.8.0_131\jre\bin\verify.dll
0x000000005af80000 - 0x000000005afa9000 	D:\Program Files\Java\jdk1.8.0_131\jre\bin\java.dll
0x000000005af60000 - 0x000000005af76000 	D:\Program Files\Java\jdk1.8.0_131\jre\bin\zip.dll
0x00007ffc5afc0000 - 0x00007ffc5b6a5000 	C:\WINDOWS\System32\SHELL32.dll
0x00007ffc5abf0000 - 0x00007ffc5ac99000 	C:\WINDOWS\System32\shcore.dll
0x00007ffc59780000 - 0x00007ffc59f00000 	C:\WINDOWS\System32\windows.storage.dll
0x00007ffc59000000 - 0x00007ffc59023000 	C:\WINDOWS\System32\profapi.dll
0x00007ffc59030000 - 0x00007ffc5907a000 	C:\WINDOWS\System32\powrprof.dll
0x00007ffc58ff0000 - 0x00007ffc59000000 	C:\WINDOWS\System32\UMPDC.dll
0x00007ffc5a7c0000 - 0x00007ffc5a812000 	C:\WINDOWS\System32\shlwapi.dll
0x00007ffc590a0000 - 0x00007ffc590b1000 	C:\WINDOWS\System32\kernel.appcore.dll
0x00007ffc591c0000 - 0x00007ffc591d7000 	C:\WINDOWS\System32\cryptsp.dll
0x000000005af40000 - 0x000000005af5a000 	D:\Program Files\Java\jdk1.8.0_131\jre\bin\net.dll
0x00007ffc587d0000 - 0x00007ffc58837000 	C:\WINDOWS\system32\mswsock.dll
0x000000005af20000 - 0x000000005af31000 	D:\Program Files\Java\jdk1.8.0_131\jre\bin\nio.dll
0x00007ffc55240000 - 0x00007ffc55252000 	C:\Users\86176\.gradle\native\19\windows-amd64\native-platform.dll
0x00007ffc58340000 - 0x00007ffc58373000 	C:\WINDOWS\system32\rsaenh.dll
0x00007ffc595b0000 - 0x00007ffc595d6000 	C:\WINDOWS\System32\bcrypt.dll
0x00007ffc58f10000 - 0x00007ffc58f35000 	C:\WINDOWS\SYSTEM32\USERENV.dll
0x00007ffc589a0000 - 0x00007ffc589ac000 	C:\WINDOWS\SYSTEM32\CRYPTBASE.dll
0x00007ffc584e0000 - 0x00007ffc5851a000 	C:\WINDOWS\SYSTEM32\IPHLPAPI.DLL
0x00007ffc5bba0000 - 0x00007ffc5bba8000 	C:\WINDOWS\System32\NSI.dll
0x00007ffc53110000 - 0x00007ffc53126000 	C:\WINDOWS\SYSTEM32\dhcpcsvc6.DLL
0x00007ffc530f0000 - 0x00007ffc5310c000 	C:\WINDOWS\SYSTEM32\dhcpcsvc.DLL
0x00007ffc58520000 - 0x00007ffc585ea000 	C:\WINDOWS\SYSTEM32\DNSAPI.dll
0x000000005af10000 - 0x000000005af1d000 	D:\Program Files\Java\jdk1.8.0_131\jre\bin\management.dll

VM Arguments:
jvm_args: -Xmx1536m -Dfile.encoding=GBK -Duser.country=CN -Duser.language=zh -Duser.variant 
java_command: org.gradle.launcher.daemon.bootstrap.GradleDaemon 2.14.1
java_class_path (initial): C:\Users\86176\.gradle\wrapper\dists\gradle-2.14.1-all\8bnwg5hd3w55iofp58khbp6yv\gradle-2.14.1\lib\gradle-launcher-2.14.1.jar
Launcher Type: SUN_STANDARD

Environment Variables:
JAVA_HOME=D:\Program Files\Java\jdk1.8.0_131
CLASSPATH=.;D:\Program Files\Java\jdk1.8.0_131\lib\dt.jar;D:\Program Files\Java\jdk1.8.0_131\lib\tools.jar;D:\Tomcat\apache-tomcat-8.5.50\bin\tomcat-juli.jar; 
PATH="D:\Program Files\Java\jdk1.8.0_131\bin;D:\Program Files\Java\jdk1.8.0_131\jre\bin;";C:\ProgramData\Oracle\Java\javapath;"D:\Program Files\Java\jdk1.8.0_131\bin;D:\Program Files\Java\jdk1.8.0_131\jre\bin;";D:\sdk\platform-tools;D:\Python\Scripts;D:\Matlab R2018b\runtime\win64;D:\Matlab R2018b\bin;C:\Program Files (x86)\Windows Kits\10\Windows Performance Toolkit\;"D:\Program Files\Java\jdk1.8.0_131\bin;D:\Program Files\Java\jdk1.8.0_131\jre\bin;";D:\JDK\bin£»"D:\Program Files\Java\jdk1.8.0_131\bin;D:\Program Files\Java\jdk1.8.0_131\jre\bin;";C:\ProgramData\Oracle\Java\javapath;"D:\Program Files\Java\jdk1.8.0_131\bin;D:\Program Files\Java\jdk1.8.0_131\jre\bin;";D:\sdk\platform-tools;D:\Python\Scripts;D:\Matlab R2018b\runtime\win64;D:\Matlab R2018b\bin;C:\Program Files (x86)\Windows Kits\10\Windows Performance Toolkit\;"D:\Program Files\Java\jdk1.8.0_131\bin;D:\Program Files\Java\jdk1.8.0_131\jre\bin;";D:\JDK\bin£»"D:\Program Files\Java\jdk1.8.0_131\bin;D:\Program Files\Java\jdk1.8.0_131\jre\bin;";C:\ProgramData\Oracle\Java\javapath;"D:\Program Files\Java\jdk1.8.0_131\bin;D:\Program Files\Java\jdk1.8.0_131\jre\bin;";D:\sdk\platform-tools;D:\Python\Scripts;D:\Matlab R2018b\runtime\win64;D:\Matlab R2018b\bin;C:\Program Files (x86)\Windows Kits\10\Windows Performance Toolkit\;"D:\Program Files\Java\jdk1.8.0_131\bin;D:\Program Files\Java\jdk1.8.0_131\jre\bin;";D:\JDK\bin£»C:\WINDOWS\System32;;D:\Git\cmd;C:\Program Files\Common Files\Autodesk Shared\;C:\WINDOWS\system32;C:\WINDOWS;C:\WINDOWS\system32\wbem;;D:\Git\cmd;C:\Program Files\Common Files\Autodesk Shared\;C:\WINDOWS\system32;C:\WINDOWS;C:\WINDOWS\system32\wbem;;D:\Git\cmd;C:\Program Files\Common Files\Autodesk Shared\;C:\WINDOWS\system32;C:\WINDOWS;C:\WINDOWS\system32\wbem;D:\Program Files\Java\jdk1.8.0_131\bin;D:\Program Files\Java\jdk1.8.0_131\jre\bin;D:\Program Files\Java\jdk1.8.0_131\bin;D:\Program Files\Java\jdk1.8.0_131\jre\bin;D:\Tomcat\apache-maven-3.6.3\bin;
USERNAME=ljy
OS=Windows_NT
PROCESSOR_IDENTIFIER=Intel64 Family 6 Model 142 Stepping 9, GenuineIntel



---------------  S Y S T E M  ---------------

OS: Windows 10.0 , 64 bit Build 18362 (10.0.18362.778)

CPU:total 4 (initial active 4) (2 cores per cpu, 2 threads per core) family 6 model 142 stepping 9, cmov, cx8, fxsr, mmx, sse, sse2, sse3, ssse3, sse4.1, sse4.2, popcnt, avx, avx2, aes, clmul, erms, 3dnowpref, lzcnt, ht, tsc, tscinvbit, bmi1, bmi2, adx

Memory: 4k page, physical 8271292k(1512332k free), swap 8271292k(5148k free)

vm_info: Java HotSpot(TM) 64-Bit Server VM (25.131-b11) for windows-amd64 JRE (1.8.0_131-b11), built on Mar 15 2017 01:23:53 by "java_re" with MS VC++ 10.0 (VS2010)

time: Fri Jun 05 22:12:40 2020
elapsed time: 7 seconds (0d 0h 0m 7s)

