JvmtiExport can_access_local_variables 0
JvmtiExport can_hotswap_or_post_breakpoint 0
JvmtiExport can_post_on_exceptions 0
# 290 ciObject found
ciMethod java/lang/Object <init> ()V 4097 1 2304292 0 0
ciMethod java/lang/Object getClass ()Ljava/lang/Class; 3073 1 384 0 -1
ciMethod java/lang/Object equals (Ljava/lang/Object;)Z 1409 1 34188 0 -1
ciMethod java/lang/String length ()I 4097 1 670878 0 64
ciMethod java/lang/String charAt (I)C 4097 1 1683019 0 128
ciMethod java/lang/String equals (Ljava/lang/Object;)Z 2089 10249 2357 0 -1
ciMethod java/lang/System arraycopy (Ljava/lang/Object;ILjava/lang/Object;II)V 7169 1 896 0 -1
ciMethod java/util/Collection contains (Ljava/lang/Object;)Z 0 0 1 0 -1
ciMethod java/util/Collection toArray ()[Ljava/lang/Object; 0 0 1 0 -1
ciMethod java/util/List size ()I 0 0 1 0 -1
ciMethod java/util/List isEmpty ()Z 0 0 1 0 -1
ciMethod java/util/List iterator ()Ljava/util/Iterator; 0 0 1 0 -1
ciMethod java/util/List add (Ljava/lang/Object;)Z 0 0 1 0 -1
ciMethod java/util/List addAll (Ljava/util/Collection;)Z 0 0 1 0 -1
ciMethod java/util/List removeAll (Ljava/util/Collection;)Z 0 0 1 0 -1
ciMethod java/util/List retainAll (Ljava/util/Collection;)Z 0 0 1 0 -1
ciMethod java/util/List get (I)Ljava/lang/Object; 0 0 1 0 -1
ciMethod java/util/AbstractList <init> ()V 2049 1 161784 0 32
ciMethod java/util/AbstractCollection <init> ()V 489 1 277415 0 32
ciMethod java/util/ArrayList <init> (I)V 689 1 9928 0 320
ciMethod java/util/ArrayList ensureCapacityInternal (I)V 697 1 107131 0 576
ciMethod java/util/ArrayList ensureExplicitCapacity (I)V 697 1 90372 0 544
ciMethod java/util/ArrayList grow (I)V 113 1 9237 0 544
ciMethod java/util/ArrayList hugeCapacity (I)I 0 0 1 0 -1
ciMethod java/util/ArrayList size ()I 1065 1 133 0 0
ciMethod java/util/ArrayList contains (Ljava/lang/Object;)Z 2649 1 26285 0 608
ciMethod java/util/ArrayList indexOf (Ljava/lang/Object;)I 1321 17161 1729 0 576
ciMethod java/util/ArrayList toArray ()[Ljava/lang/Object; 2049 1 6404 0 416
ciMethod java/util/ArrayList elementData (I)Ljava/lang/Object; 2057 1 78726 0 0
ciMethod java/util/ArrayList get (I)Ljava/lang/Object; 2057 1 70014 0 128
ciMethod java/util/ArrayList add (Ljava/lang/Object;)Z 697 1 92445 0 736
ciMethod java/util/ArrayList addAll (Ljava/util/Collection;)Z 17 1 6237 0 1024
ciMethod java/util/ArrayList rangeCheck (I)V 2057 1 78428 0 64
ciMethod java/util/ArrayList removeAll (Ljava/util/Collection;)Z 5121 1 4248 0 0
ciMethod java/util/ArrayList retainAll (Ljava/util/Collection;)Z 4097 1 2124 0 0
ciMethod java/util/ArrayList batchRemove (Ljava/util/Collection;Z)Z 4097 1 6372 0 0
ciMethod java/util/ArrayList iterator ()Ljava/util/Iterator; 2049 1 22286 0 192
ciMethod java/util/ArrayList access$100 (Ljava/util/ArrayList;)I 1025 1 128 0 0
ciMethod java/lang/Math max (II)I 433 1 127512 0 -1
ciMethod java/util/Arrays copyOf ([Ljava/lang/Object;I)[Ljava/lang/Object; 2057 1 19730 0 0
ciMethod java/util/Arrays copyOf ([Ljava/lang/Object;ILjava/lang/Class;)[Ljava/lang/Object; 2049 1 5382 0 -1
ciMethodData java/lang/String charAt (I)C 2 1683019 orig 264 88 50 161 89 0 0 0 0 104 61 163 21 0 0 0 0 120 1 0 0 32 0 0 0 0 0 0 0 0 0 0 0 0 0 0 0 0 0 0 0 0 0 0 0 0 0 0 0 0 0 0 0 0 0 0 0 0 0 0 0 0 0 0 0 0 0 0 0 0 0 0 0 0 0 0 0 0 0 0 0 77 68 79 32 101 120 116 114 97 32 100 97 116 97 32 108 111 99 107 0 0 0 0 0 0 0 0 0 0 0 0 0 0 0 0 0 0 0 0 0 0 0 0 0 0 0 0 0 0 0 0 0 0 0 0 0 0 0 0 0 0 0 0 0 0 0 0 0 0 0 0 0 0 0 0 0 0 0 0 0 0 0 0 1 0 0 0 0 0 0 0 0 0 0 0 0 0 0 0 0 0 0 0 0 25 0 0 0 0 0 0 0 0 0 0 0 0 0 0 0 1 0 0 0 0 0 0 0 0 0 0 0 0 0 0 0 0 2 0 0 89 98 205 0 1 0 0 0 0 0 0 0 0 0 0 0 2 0 0 0 0 0 0 0 0 0 0 0 80 0 0 0 255 255 255 255 7 0 1 0 0 0 0 0 data 10 0x10007 0x0 0x40 0x19ac4c 0xa0007 0x19ac4d 0x30 0x0 0x120002 0x0 oops 0
ciMethodData java/lang/String length ()I 2 670878 orig 264 88 50 161 89 0 0 0 0 24 60 163 21 0 0 0 0 32 1 0 0 0 0 0 0 0 0 0 0 0 0 0 0 0 0 0 0 0 0 0 0 0 0 0 0 0 0 0 0 0 0 0 0 0 0 0 0 0 0 0 0 0 0 0 0 0 0 0 0 0 0 0 0 0 0 0 0 0 0 0 0 77 68 79 32 101 120 116 114 97 32 100 97 116 97 32 108 111 99 107 0 0 0 0 0 0 0 0 0 0 0 0 0 0 0 0 0 0 0 0 0 0 0 0 0 0 0 0 0 0 0 0 0 0 0 0 0 0 0 0 0 0 0 0 0 0 0 0 0 0 0 0 0 0 0 0 0 0 0 0 0 0 0 0 0 0 0 0 0 0 0 0 0 0 0 0 0 0 0 0 0 0 0 0 0 1 0 0 0 0 0 0 0 0 0 0 0 0 0 0 0 1 0 0 0 0 0 0 0 0 0 0 0 0 0 0 0 0 2 0 0 241 212 81 0 1 0 0 0 0 0 0 0 0 0 0 0 2 0 0 0 0 0 0 0 0 0 0 0 0 0 0 0 255 255 255 255 0 0 0 0 0 0 0 0 data 0 oops 0
ciMethodData java/lang/Object <init> ()V 2 2304292 orig 264 88 50 161 89 0 0 0 0 128 4 163 21 0 0 0 0 32 1 0 0 0 0 0 0 0 0 0 0 0 0 0 0 0 0 0 0 0 0 0 0 0 0 0 0 0 0 0 0 0 0 0 0 0 0 0 0 0 0 0 0 0 0 0 0 0 0 0 0 0 0 0 0 0 0 0 0 0 0 0 0 77 68 79 32 101 120 116 114 97 32 100 97 116 97 32 108 111 99 107 0 0 0 0 0 0 0 0 0 0 0 0 0 0 0 0 0 0 0 0 0 0 0 0 0 0 0 0 0 0 0 0 0 0 0 0 0 0 0 0 0 0 0 0 0 0 0 0 0 0 0 0 0 0 0 0 0 0 0 0 0 0 0 0 0 0 0 0 0 0 0 0 0 0 0 0 0 0 0 0 0 0 0 0 0 1 0 0 0 0 0 0 0 1 0 0 0 0 0 0 0 1 0 0 0 0 0 0 0 0 0 0 0 0 0 0 0 0 2 0 0 33 57 25 1 1 0 0 0 0 0 0 0 0 0 0 0 2 0 0 0 0 0 3 0 1 0 0 0 0 0 0 0 255 255 255 255 0 0 0 0 0 0 0 0 data 0 oops 0
ciMethod java/util/Objects requireNonNull (Ljava/lang/Object;)Ljava/lang/Object; 641 1 65554 0 64
ciMethod java/util/Iterator hasNext ()Z 0 0 1 0 -1
ciMethod java/util/Iterator next ()Ljava/lang/Object; 0 0 1 0 -1
ciMethod java/io/OutputStream write (I)V 0 0 1 0 -1
ciMethod java/io/OutputStream write ([BII)V 57 1121 7 0 -1
ciMethod java/io/FilterOutputStream write ([B)V 4097 1 6890 0 0
ciMethod java/io/FilterOutputStream write ([BII)V 0 0 1 0 -1
ciMethod java/lang/Enum ordinal ()I 1025 1 128 0 0
ciMethodData java/util/ArrayList add (Ljava/lang/Object;)Z 2 93510 orig 264 88 50 161 89 0 0 0 0 56 241 175 21 0 0 0 0 144 1 0 0 0 0 0 0 0 0 0 0 0 0 0 0 0 0 0 0 0 0 0 0 0 0 0 0 0 0 0 0 0 0 0 0 0 0 0 0 0 0 0 0 0 0 0 0 0 0 0 0 0 0 0 0 0 0 0 0 0 0 0 0 77 68 79 32 101 120 116 114 97 32 100 97 116 97 32 108 111 99 107 0 0 0 0 0 0 0 0 0 0 0 0 0 0 0 0 0 0 0 0 0 0 0 0 0 0 0 0 0 0 0 0 0 0 0 0 0 0 0 0 0 0 0 0 0 0 0 0 0 0 0 0 0 0 0 0 0 0 0 0 0 0 0 0 0 0 0 0 0 0 0 0 0 0 0 0 0 0 0 0 0 0 0 0 0 17 0 0 0 0 0 0 0 0 0 0 0 0 0 0 0 1 0 0 0 0 0 0 0 0 0 0 0 0 0 0 0 87 0 0 0 121 103 11 0 1 0 0 0 0 0 0 0 0 0 0 0 2 0 0 0 0 0 15 0 2 0 0 0 64 0 0 0 255 255 255 255 2 0 7 0 0 0 0 0 data 8 0x70002 0x16cef 0x1a0104 0x0 0x17741320 0x72 0x2a393b0 0x50e2 oops 2